16:39:03 INFO  : Registering command handlers for Vitis TCF services
16:39:03 INFO  : Launching XSCT server: xsct.bat -n  -interactive C:\Users\SUXP\Desktop\AXI_DMA_LOOP\vitis\temp_xsdb_launch_script.tcl
16:39:03 INFO  : Platform repository initialization has completed.
16:39:06 INFO  : XSCT server has started successfully.
16:39:06 INFO  : plnx-install-location is set to ''
16:39:06 INFO  : Successfully done setting XSCT server connection channel  
16:39:06 INFO  : Successfully done setting workspace for the tool. 
16:39:06 INFO  : Successfully done query RDI_DATADIR 
16:39:57 INFO  : Result from executing command 'getProjects': design_1_wrapper
16:39:57 INFO  : Result from executing command 'getPlatforms': 
16:39:57 WARN  : An unexpected exception occurred in the module 'platform project logging'
16:39:58 INFO  : Platform 'design_1_wrapper' is added to custom repositories.
16:40:04 INFO  : Platform 'design_1_wrapper' is added to custom repositories.
16:42:13 INFO  : Example project xaxidma_example_simple_intr_1 has been created successfully.
16:42:40 INFO  : Result from executing command 'getProjects': design_1_wrapper
16:42:40 INFO  : Result from executing command 'getPlatforms': design_1_wrapper|C:/Users/SUXP/Desktop/AXI_DMA_LOOP/vitis/design_1_wrapper/export/design_1_wrapper/design_1_wrapper.xpfm
16:42:51 INFO  : Checking for BSP changes to sync application flags for project 'xaxidma_example_simple_intr_1'...
16:48:25 INFO  : Connected to target on host '127.0.0.1' and port '3121'.
16:48:25 INFO  : Jtag cable 'Digilent JTAG-SMT2 210251A08870' is selected.
16:48:25 INFO  : 'jtag frequency' command is executed.
16:48:25 INFO  : Context for 'APU' is selected.
16:48:26 INFO  : System reset is completed.
16:48:29 INFO  : 'after 3000' command is executed.
16:48:29 INFO  : 'targets -set -filter {jtag_cable_name =~ "Digilent JTAG-SMT2 210251A08870" && level==0 && jtag_device_ctx=="jsn-JTAG-SMT2-210251A08870-13722093-0"}' command is executed.
16:48:30 INFO  : Device configured successfully with "C:/Users/SUXP/Desktop/AXI_DMA_LOOP/vitis/xaxidma_example_simple_intr_1/_ide/bitstream/design_1_wrapper.bit"
16:48:30 INFO  : Context for 'APU' is selected.
16:48:30 INFO  : Hardware design and registers information is loaded from 'C:/Users/SUXP/Desktop/AXI_DMA_LOOP/vitis/design_1_wrapper/export/design_1_wrapper/hw/design_1_wrapper.xsa'.
16:48:30 INFO  : 'configparams force-mem-access 1' command is executed.
16:48:30 INFO  : Context for 'APU' is selected.
16:48:30 INFO  : Sourcing of 'C:/Users/SUXP/Desktop/AXI_DMA_LOOP/vitis/xaxidma_example_simple_intr_1/_ide/psinit/ps7_init.tcl' is done.
16:48:30 INFO  : 'ps7_init' command is executed.
16:48:30 INFO  : 'ps7_post_config' command is executed.
16:48:30 INFO  : Context for processor 'ps7_cortexa9_0' is selected.
16:48:30 INFO  : The application 'C:/Users/SUXP/Desktop/AXI_DMA_LOOP/vitis/xaxidma_example_simple_intr_1/Debug/xaxidma_example_simple_intr_1.elf' is downloaded to processor 'ps7_cortexa9_0'.
16:48:30 INFO  : 'configparams force-mem-access 0' command is executed.
16:48:30 INFO  : ----------------XSDB Script----------------
connect -url tcp:127.0.0.1:3121
targets -set -nocase -filter {name =~"APU*"}
rst -system
after 3000
targets -set -filter {jtag_cable_name =~ "Digilent JTAG-SMT2 210251A08870" && level==0 && jtag_device_ctx=="jsn-JTAG-SMT2-210251A08870-13722093-0"}
fpga -file C:/Users/SUXP/Desktop/AXI_DMA_LOOP/vitis/xaxidma_example_simple_intr_1/_ide/bitstream/design_1_wrapper.bit
targets -set -nocase -filter {name =~"APU*"}
loadhw -hw C:/Users/SUXP/Desktop/AXI_DMA_LOOP/vitis/design_1_wrapper/export/design_1_wrapper/hw/design_1_wrapper.xsa -mem-ranges [list {0x40000000 0xbfffffff}] -regs
configparams force-mem-access 1
targets -set -nocase -filter {name =~"APU*"}
source C:/Users/SUXP/Desktop/AXI_DMA_LOOP/vitis/xaxidma_example_simple_intr_1/_ide/psinit/ps7_init.tcl
ps7_init
ps7_post_config
targets -set -nocase -filter {name =~ "*A9*#0"}
dow C:/Users/SUXP/Desktop/AXI_DMA_LOOP/vitis/xaxidma_example_simple_intr_1/Debug/xaxidma_example_simple_intr_1.elf
configparams force-mem-access 0
----------------End of Script----------------

16:48:30 INFO  : Context for processor 'ps7_cortexa9_0' is selected.
16:48:30 INFO  : 'con' command is executed.
16:48:30 INFO  : ----------------XSDB Script (After Launch)----------------
targets -set -nocase -filter {name =~ "*A9*#0"}
con
----------------End of Script----------------

16:48:30 INFO  : Launch script is exported to file 'C:\Users\SUXP\Desktop\AXI_DMA_LOOP\vitis\xaxidma_example_simple_intr_1_system\_ide\scripts\systemdebugger_xaxidma_example_simple_intr_1_system_standalone.tcl'
16:48:47 INFO  : Disconnected from the channel tcfchan#3.
16:48:47 INFO  : Connected to target on host '127.0.0.1' and port '3121'.
16:48:47 INFO  : Jtag cable 'Digilent JTAG-SMT2 210251A08870' is selected.
16:48:47 INFO  : 'jtag frequency' command is executed.
16:48:47 INFO  : Context for 'APU' is selected.
16:48:47 INFO  : System reset is completed.
16:48:50 INFO  : 'after 3000' command is executed.
16:48:50 INFO  : 'targets -set -filter {jtag_cable_name =~ "Digilent JTAG-SMT2 210251A08870" && level==0 && jtag_device_ctx=="jsn-JTAG-SMT2-210251A08870-13722093-0"}' command is executed.
16:48:52 INFO  : Device configured successfully with "C:/Users/SUXP/Desktop/AXI_DMA_LOOP/vitis/xaxidma_example_simple_intr_1/_ide/bitstream/design_1_wrapper.bit"
16:48:52 INFO  : Context for 'APU' is selected.
16:48:52 INFO  : Hardware design and registers information is loaded from 'C:/Users/SUXP/Desktop/AXI_DMA_LOOP/vitis/design_1_wrapper/export/design_1_wrapper/hw/design_1_wrapper.xsa'.
16:48:52 INFO  : 'configparams force-mem-access 1' command is executed.
16:48:52 INFO  : Context for 'APU' is selected.
16:48:52 INFO  : Sourcing of 'C:/Users/SUXP/Desktop/AXI_DMA_LOOP/vitis/xaxidma_example_simple_intr_1/_ide/psinit/ps7_init.tcl' is done.
16:48:52 INFO  : 'ps7_init' command is executed.
16:48:52 INFO  : 'ps7_post_config' command is executed.
16:48:52 INFO  : Context for processor 'ps7_cortexa9_0' is selected.
16:48:52 INFO  : The application 'C:/Users/SUXP/Desktop/AXI_DMA_LOOP/vitis/xaxidma_example_simple_intr_1/Debug/xaxidma_example_simple_intr_1.elf' is downloaded to processor 'ps7_cortexa9_0'.
16:48:52 INFO  : 'configparams force-mem-access 0' command is executed.
16:48:52 INFO  : ----------------XSDB Script----------------
connect -url tcp:127.0.0.1:3121
targets -set -nocase -filter {name =~"APU*"}
rst -system
after 3000
targets -set -filter {jtag_cable_name =~ "Digilent JTAG-SMT2 210251A08870" && level==0 && jtag_device_ctx=="jsn-JTAG-SMT2-210251A08870-13722093-0"}
fpga -file C:/Users/SUXP/Desktop/AXI_DMA_LOOP/vitis/xaxidma_example_simple_intr_1/_ide/bitstream/design_1_wrapper.bit
targets -set -nocase -filter {name =~"APU*"}
loadhw -hw C:/Users/SUXP/Desktop/AXI_DMA_LOOP/vitis/design_1_wrapper/export/design_1_wrapper/hw/design_1_wrapper.xsa -mem-ranges [list {0x40000000 0xbfffffff}] -regs
configparams force-mem-access 1
targets -set -nocase -filter {name =~"APU*"}
source C:/Users/SUXP/Desktop/AXI_DMA_LOOP/vitis/xaxidma_example_simple_intr_1/_ide/psinit/ps7_init.tcl
ps7_init
ps7_post_config
targets -set -nocase -filter {name =~ "*A9*#0"}
dow C:/Users/SUXP/Desktop/AXI_DMA_LOOP/vitis/xaxidma_example_simple_intr_1/Debug/xaxidma_example_simple_intr_1.elf
configparams force-mem-access 0
----------------End of Script----------------

16:48:52 INFO  : Context for processor 'ps7_cortexa9_0' is selected.
16:48:52 INFO  : 'con' command is executed.
16:48:52 INFO  : ----------------XSDB Script (After Launch)----------------
targets -set -nocase -filter {name =~ "*A9*#0"}
con
----------------End of Script----------------

16:48:52 INFO  : Launch script is exported to file 'C:\Users\SUXP\Desktop\AXI_DMA_LOOP\vitis\xaxidma_example_simple_intr_1_system\_ide\scripts\systemdebugger_xaxidma_example_simple_intr_1_system_standalone.tcl'
16:49:43 INFO  : Disconnected from the channel tcfchan#4.
16:49:43 INFO  : Connected to target on host '127.0.0.1' and port '3121'.
16:49:43 INFO  : Jtag cable 'Digilent JTAG-SMT2 210251A08870' is selected.
16:49:43 INFO  : 'jtag frequency' command is executed.
16:49:43 INFO  : Context for 'APU' is selected.
16:49:43 INFO  : System reset is completed.
16:49:46 INFO  : 'after 3000' command is executed.
16:49:46 INFO  : 'targets -set -filter {jtag_cable_name =~ "Digilent JTAG-SMT2 210251A08870" && level==0 && jtag_device_ctx=="jsn-JTAG-SMT2-210251A08870-13722093-0"}' command is executed.
16:49:47 INFO  : Device configured successfully with "C:/Users/SUXP/Desktop/AXI_DMA_LOOP/vitis/xaxidma_example_simple_intr_1/_ide/bitstream/design_1_wrapper.bit"
16:49:47 INFO  : Context for 'APU' is selected.
16:49:47 INFO  : Hardware design and registers information is loaded from 'C:/Users/SUXP/Desktop/AXI_DMA_LOOP/vitis/design_1_wrapper/export/design_1_wrapper/hw/design_1_wrapper.xsa'.
16:49:47 INFO  : 'configparams force-mem-access 1' command is executed.
16:49:47 INFO  : Context for 'APU' is selected.
16:49:47 INFO  : Sourcing of 'C:/Users/SUXP/Desktop/AXI_DMA_LOOP/vitis/xaxidma_example_simple_intr_1/_ide/psinit/ps7_init.tcl' is done.
16:49:48 INFO  : 'ps7_init' command is executed.
16:49:48 INFO  : 'ps7_post_config' command is executed.
16:49:48 INFO  : Context for processor 'ps7_cortexa9_0' is selected.
16:49:48 INFO  : The application 'C:/Users/SUXP/Desktop/AXI_DMA_LOOP/vitis/xaxidma_example_simple_intr_1/Debug/xaxidma_example_simple_intr_1.elf' is downloaded to processor 'ps7_cortexa9_0'.
16:49:48 INFO  : 'configparams force-mem-access 0' command is executed.
16:49:48 INFO  : ----------------XSDB Script----------------
connect -url tcp:127.0.0.1:3121
targets -set -nocase -filter {name =~"APU*"}
rst -system
after 3000
targets -set -filter {jtag_cable_name =~ "Digilent JTAG-SMT2 210251A08870" && level==0 && jtag_device_ctx=="jsn-JTAG-SMT2-210251A08870-13722093-0"}
fpga -file C:/Users/SUXP/Desktop/AXI_DMA_LOOP/vitis/xaxidma_example_simple_intr_1/_ide/bitstream/design_1_wrapper.bit
targets -set -nocase -filter {name =~"APU*"}
loadhw -hw C:/Users/SUXP/Desktop/AXI_DMA_LOOP/vitis/design_1_wrapper/export/design_1_wrapper/hw/design_1_wrapper.xsa -mem-ranges [list {0x40000000 0xbfffffff}] -regs
configparams force-mem-access 1
targets -set -nocase -filter {name =~"APU*"}
source C:/Users/SUXP/Desktop/AXI_DMA_LOOP/vitis/xaxidma_example_simple_intr_1/_ide/psinit/ps7_init.tcl
ps7_init
ps7_post_config
targets -set -nocase -filter {name =~ "*A9*#0"}
dow C:/Users/SUXP/Desktop/AXI_DMA_LOOP/vitis/xaxidma_example_simple_intr_1/Debug/xaxidma_example_simple_intr_1.elf
configparams force-mem-access 0
----------------End of Script----------------

16:49:48 INFO  : Context for processor 'ps7_cortexa9_0' is selected.
16:49:48 INFO  : 'con' command is executed.
16:49:48 INFO  : ----------------XSDB Script (After Launch)----------------
targets -set -nocase -filter {name =~ "*A9*#0"}
con
----------------End of Script----------------

16:49:48 INFO  : Launch script is exported to file 'C:\Users\SUXP\Desktop\AXI_DMA_LOOP\vitis\xaxidma_example_simple_intr_1_system\_ide\scripts\systemdebugger_xaxidma_example_simple_intr_1_system_standalone.tcl'
16:50:25 INFO  : Disconnected from the channel tcfchan#5.
16:50:26 INFO  : Connected to target on host '127.0.0.1' and port '3121'.
16:50:26 INFO  : Jtag cable 'Digilent JTAG-SMT2 210251A08870' is selected.
16:50:26 INFO  : 'jtag frequency' command is executed.
16:50:26 INFO  : Context for 'APU' is selected.
16:50:26 INFO  : System reset is completed.
16:50:29 INFO  : 'after 3000' command is executed.
16:50:29 INFO  : 'targets -set -filter {jtag_cable_name =~ "Digilent JTAG-SMT2 210251A08870" && level==0 && jtag_device_ctx=="jsn-JTAG-SMT2-210251A08870-13722093-0"}' command is executed.
16:50:30 INFO  : Device configured successfully with "C:/Users/SUXP/Desktop/AXI_DMA_LOOP/vitis/xaxidma_example_simple_intr_1/_ide/bitstream/design_1_wrapper.bit"
16:50:30 INFO  : Context for 'APU' is selected.
16:50:30 INFO  : Hardware design and registers information is loaded from 'C:/Users/SUXP/Desktop/AXI_DMA_LOOP/vitis/design_1_wrapper/export/design_1_wrapper/hw/design_1_wrapper.xsa'.
16:50:30 INFO  : 'configparams force-mem-access 1' command is executed.
16:50:30 INFO  : Context for 'APU' is selected.
16:50:30 INFO  : Sourcing of 'C:/Users/SUXP/Desktop/AXI_DMA_LOOP/vitis/xaxidma_example_simple_intr_1/_ide/psinit/ps7_init.tcl' is done.
16:50:30 INFO  : 'ps7_init' command is executed.
16:50:30 INFO  : 'ps7_post_config' command is executed.
16:50:30 INFO  : Context for processor 'ps7_cortexa9_0' is selected.
16:50:31 INFO  : The application 'C:/Users/SUXP/Desktop/AXI_DMA_LOOP/vitis/xaxidma_example_simple_intr_1/Debug/xaxidma_example_simple_intr_1.elf' is downloaded to processor 'ps7_cortexa9_0'.
16:50:31 INFO  : 'configparams force-mem-access 0' command is executed.
16:50:31 INFO  : ----------------XSDB Script----------------
connect -url tcp:127.0.0.1:3121
targets -set -nocase -filter {name =~"APU*"}
rst -system
after 3000
targets -set -filter {jtag_cable_name =~ "Digilent JTAG-SMT2 210251A08870" && level==0 && jtag_device_ctx=="jsn-JTAG-SMT2-210251A08870-13722093-0"}
fpga -file C:/Users/SUXP/Desktop/AXI_DMA_LOOP/vitis/xaxidma_example_simple_intr_1/_ide/bitstream/design_1_wrapper.bit
targets -set -nocase -filter {name =~"APU*"}
loadhw -hw C:/Users/SUXP/Desktop/AXI_DMA_LOOP/vitis/design_1_wrapper/export/design_1_wrapper/hw/design_1_wrapper.xsa -mem-ranges [list {0x40000000 0xbfffffff}] -regs
configparams force-mem-access 1
targets -set -nocase -filter {name =~"APU*"}
source C:/Users/SUXP/Desktop/AXI_DMA_LOOP/vitis/xaxidma_example_simple_intr_1/_ide/psinit/ps7_init.tcl
ps7_init
ps7_post_config
targets -set -nocase -filter {name =~ "*A9*#0"}
dow C:/Users/SUXP/Desktop/AXI_DMA_LOOP/vitis/xaxidma_example_simple_intr_1/Debug/xaxidma_example_simple_intr_1.elf
configparams force-mem-access 0
----------------End of Script----------------

16:50:31 INFO  : Context for processor 'ps7_cortexa9_0' is selected.
16:50:31 INFO  : 'con' command is executed.
16:50:31 INFO  : ----------------XSDB Script (After Launch)----------------
targets -set -nocase -filter {name =~ "*A9*#0"}
con
----------------End of Script----------------

16:50:31 INFO  : Launch script is exported to file 'C:\Users\SUXP\Desktop\AXI_DMA_LOOP\vitis\xaxidma_example_simple_intr_1_system\_ide\scripts\systemdebugger_xaxidma_example_simple_intr_1_system_standalone.tcl'
16:51:24 INFO  : Disconnected from the channel tcfchan#6.
16:51:43 INFO  : Connected to target on host '127.0.0.1' and port '3121'.
16:51:44 INFO  : Jtag cable 'Digilent JTAG-SMT2 210251A08870' is selected.
16:51:44 INFO  : 'jtag frequency' command is executed.
16:51:44 INFO  : Context for 'APU' is selected.
16:51:44 INFO  : System reset is completed.
16:51:47 INFO  : 'after 3000' command is executed.
16:51:47 INFO  : 'targets -set -filter {jtag_cable_name =~ "Digilent JTAG-SMT2 210251A08870" && level==0 && jtag_device_ctx=="jsn-JTAG-SMT2-210251A08870-13722093-0"}' command is executed.
16:51:48 INFO  : Device configured successfully with "C:/Users/SUXP/Desktop/AXI_DMA_LOOP/vitis/xaxidma_example_simple_intr_1/_ide/bitstream/design_1_wrapper.bit"
16:51:48 INFO  : Context for 'APU' is selected.
16:51:48 INFO  : Hardware design and registers information is loaded from 'C:/Users/SUXP/Desktop/AXI_DMA_LOOP/vitis/design_1_wrapper/export/design_1_wrapper/hw/design_1_wrapper.xsa'.
16:51:48 INFO  : 'configparams force-mem-access 1' command is executed.
16:51:48 INFO  : Context for 'APU' is selected.
16:51:48 INFO  : Sourcing of 'C:/Users/SUXP/Desktop/AXI_DMA_LOOP/vitis/xaxidma_example_simple_intr_1/_ide/psinit/ps7_init.tcl' is done.
16:51:48 INFO  : 'ps7_init' command is executed.
16:51:48 INFO  : 'ps7_post_config' command is executed.
16:51:48 INFO  : Context for processor 'ps7_cortexa9_0' is selected.
16:51:48 INFO  : The application 'C:/Users/SUXP/Desktop/AXI_DMA_LOOP/vitis/xaxidma_example_simple_intr_1/Debug/xaxidma_example_simple_intr_1.elf' is downloaded to processor 'ps7_cortexa9_0'.
16:51:48 INFO  : 'configparams force-mem-access 0' command is executed.
16:51:48 INFO  : ----------------XSDB Script----------------
connect -url tcp:127.0.0.1:3121
targets -set -nocase -filter {name =~"APU*"}
rst -system
after 3000
targets -set -filter {jtag_cable_name =~ "Digilent JTAG-SMT2 210251A08870" && level==0 && jtag_device_ctx=="jsn-JTAG-SMT2-210251A08870-13722093-0"}
fpga -file C:/Users/SUXP/Desktop/AXI_DMA_LOOP/vitis/xaxidma_example_simple_intr_1/_ide/bitstream/design_1_wrapper.bit
targets -set -nocase -filter {name =~"APU*"}
loadhw -hw C:/Users/SUXP/Desktop/AXI_DMA_LOOP/vitis/design_1_wrapper/export/design_1_wrapper/hw/design_1_wrapper.xsa -mem-ranges [list {0x40000000 0xbfffffff}] -regs
configparams force-mem-access 1
targets -set -nocase -filter {name =~"APU*"}
source C:/Users/SUXP/Desktop/AXI_DMA_LOOP/vitis/xaxidma_example_simple_intr_1/_ide/psinit/ps7_init.tcl
ps7_init
ps7_post_config
targets -set -nocase -filter {name =~ "*A9*#0"}
dow C:/Users/SUXP/Desktop/AXI_DMA_LOOP/vitis/xaxidma_example_simple_intr_1/Debug/xaxidma_example_simple_intr_1.elf
configparams force-mem-access 0
----------------End of Script----------------

16:51:49 INFO  : Context for processor 'ps7_cortexa9_0' is selected.
16:51:49 INFO  : 'con' command is executed.
16:51:49 INFO  : ----------------XSDB Script (After Launch)----------------
targets -set -nocase -filter {name =~ "*A9*#0"}
con
----------------End of Script----------------

16:51:49 INFO  : Launch script is exported to file 'C:\Users\SUXP\Desktop\AXI_DMA_LOOP\vitis\xaxidma_example_simple_intr_1_system\_ide\scripts\systemdebugger_xaxidma_example_simple_intr_1_system_standalone.tcl'
16:53:01 INFO  : Disconnected from the channel tcfchan#7.
16:53:06 INFO  : Connected to target on host '127.0.0.1' and port '3121'.
16:53:07 INFO  : Jtag cable 'Digilent JTAG-SMT2 210251A08870' is selected.
16:53:07 INFO  : 'jtag frequency' command is executed.
16:53:07 INFO  : Context for 'APU' is selected.
16:53:07 INFO  : System reset is completed.
16:53:10 INFO  : 'after 3000' command is executed.
16:53:10 INFO  : 'targets -set -filter {jtag_cable_name =~ "Digilent JTAG-SMT2 210251A08870" && level==0 && jtag_device_ctx=="jsn-JTAG-SMT2-210251A08870-13722093-0"}' command is executed.
16:53:11 INFO  : Device configured successfully with "C:/Users/SUXP/Desktop/AXI_DMA_LOOP/vitis/xaxidma_example_simple_intr_1/_ide/bitstream/design_1_wrapper.bit"
16:53:11 INFO  : Context for 'APU' is selected.
16:53:11 INFO  : Hardware design and registers information is loaded from 'C:/Users/SUXP/Desktop/AXI_DMA_LOOP/vitis/design_1_wrapper/export/design_1_wrapper/hw/design_1_wrapper.xsa'.
16:53:11 INFO  : 'configparams force-mem-access 1' command is executed.
16:53:11 INFO  : Context for 'APU' is selected.
16:53:11 INFO  : Sourcing of 'C:/Users/SUXP/Desktop/AXI_DMA_LOOP/vitis/xaxidma_example_simple_intr_1/_ide/psinit/ps7_init.tcl' is done.
16:53:11 INFO  : 'ps7_init' command is executed.
16:53:11 INFO  : 'ps7_post_config' command is executed.
16:53:11 INFO  : Context for processor 'ps7_cortexa9_0' is selected.
16:53:11 INFO  : The application 'C:/Users/SUXP/Desktop/AXI_DMA_LOOP/vitis/xaxidma_example_simple_intr_1/Debug/xaxidma_example_simple_intr_1.elf' is downloaded to processor 'ps7_cortexa9_0'.
16:53:11 INFO  : 'configparams force-mem-access 0' command is executed.
16:53:11 INFO  : ----------------XSDB Script----------------
connect -url tcp:127.0.0.1:3121
targets -set -nocase -filter {name =~"APU*"}
rst -system
after 3000
targets -set -filter {jtag_cable_name =~ "Digilent JTAG-SMT2 210251A08870" && level==0 && jtag_device_ctx=="jsn-JTAG-SMT2-210251A08870-13722093-0"}
fpga -file C:/Users/SUXP/Desktop/AXI_DMA_LOOP/vitis/xaxidma_example_simple_intr_1/_ide/bitstream/design_1_wrapper.bit
targets -set -nocase -filter {name =~"APU*"}
loadhw -hw C:/Users/SUXP/Desktop/AXI_DMA_LOOP/vitis/design_1_wrapper/export/design_1_wrapper/hw/design_1_wrapper.xsa -mem-ranges [list {0x40000000 0xbfffffff}] -regs
configparams force-mem-access 1
targets -set -nocase -filter {name =~"APU*"}
source C:/Users/SUXP/Desktop/AXI_DMA_LOOP/vitis/xaxidma_example_simple_intr_1/_ide/psinit/ps7_init.tcl
ps7_init
ps7_post_config
targets -set -nocase -filter {name =~ "*A9*#0"}
dow C:/Users/SUXP/Desktop/AXI_DMA_LOOP/vitis/xaxidma_example_simple_intr_1/Debug/xaxidma_example_simple_intr_1.elf
configparams force-mem-access 0
----------------End of Script----------------

16:53:12 INFO  : Context for processor 'ps7_cortexa9_0' is selected.
16:53:12 INFO  : 'con' command is executed.
16:53:12 INFO  : ----------------XSDB Script (After Launch)----------------
targets -set -nocase -filter {name =~ "*A9*#0"}
con
----------------End of Script----------------

16:53:12 INFO  : Launch script is exported to file 'C:\Users\SUXP\Desktop\AXI_DMA_LOOP\vitis\xaxidma_example_simple_intr_1_system\_ide\scripts\systemdebugger_xaxidma_example_simple_intr_1_system_standalone.tcl'
16:53:21 INFO  : Disconnected from the channel tcfchan#8.
16:53:35 INFO  : Connected to target on host '127.0.0.1' and port '3121'.
16:53:35 INFO  : Jtag cable 'Digilent JTAG-SMT2 210251A08870' is selected.
16:53:35 INFO  : 'jtag frequency' command is executed.
16:53:35 INFO  : Context for 'APU' is selected.
16:53:35 INFO  : System reset is completed.
16:53:38 INFO  : 'after 3000' command is executed.
16:53:38 INFO  : 'targets -set -filter {jtag_cable_name =~ "Digilent JTAG-SMT2 210251A08870" && level==0 && jtag_device_ctx=="jsn-JTAG-SMT2-210251A08870-13722093-0"}' command is executed.
16:53:40 INFO  : Device configured successfully with "C:/Users/SUXP/Desktop/AXI_DMA_LOOP/vitis/xaxidma_example_simple_intr_1/_ide/bitstream/design_1_wrapper.bit"
16:53:40 INFO  : Context for 'APU' is selected.
16:53:40 INFO  : Hardware design and registers information is loaded from 'C:/Users/SUXP/Desktop/AXI_DMA_LOOP/vitis/design_1_wrapper/export/design_1_wrapper/hw/design_1_wrapper.xsa'.
16:53:40 INFO  : 'configparams force-mem-access 1' command is executed.
16:53:40 INFO  : Context for 'APU' is selected.
16:53:40 INFO  : Sourcing of 'C:/Users/SUXP/Desktop/AXI_DMA_LOOP/vitis/xaxidma_example_simple_intr_1/_ide/psinit/ps7_init.tcl' is done.
16:53:40 INFO  : 'ps7_init' command is executed.
16:53:40 INFO  : 'ps7_post_config' command is executed.
16:53:40 INFO  : Context for processor 'ps7_cortexa9_0' is selected.
16:53:40 INFO  : The application 'C:/Users/SUXP/Desktop/AXI_DMA_LOOP/vitis/xaxidma_example_simple_intr_1/Debug/xaxidma_example_simple_intr_1.elf' is downloaded to processor 'ps7_cortexa9_0'.
16:53:40 INFO  : 'configparams force-mem-access 0' command is executed.
16:53:40 INFO  : ----------------XSDB Script----------------
connect -url tcp:127.0.0.1:3121
targets -set -nocase -filter {name =~"APU*"}
rst -system
after 3000
targets -set -filter {jtag_cable_name =~ "Digilent JTAG-SMT2 210251A08870" && level==0 && jtag_device_ctx=="jsn-JTAG-SMT2-210251A08870-13722093-0"}
fpga -file C:/Users/SUXP/Desktop/AXI_DMA_LOOP/vitis/xaxidma_example_simple_intr_1/_ide/bitstream/design_1_wrapper.bit
targets -set -nocase -filter {name =~"APU*"}
loadhw -hw C:/Users/SUXP/Desktop/AXI_DMA_LOOP/vitis/design_1_wrapper/export/design_1_wrapper/hw/design_1_wrapper.xsa -mem-ranges [list {0x40000000 0xbfffffff}] -regs
configparams force-mem-access 1
targets -set -nocase -filter {name =~"APU*"}
source C:/Users/SUXP/Desktop/AXI_DMA_LOOP/vitis/xaxidma_example_simple_intr_1/_ide/psinit/ps7_init.tcl
ps7_init
ps7_post_config
targets -set -nocase -filter {name =~ "*A9*#0"}
dow C:/Users/SUXP/Desktop/AXI_DMA_LOOP/vitis/xaxidma_example_simple_intr_1/Debug/xaxidma_example_simple_intr_1.elf
configparams force-mem-access 0
----------------End of Script----------------

16:53:40 INFO  : Context for processor 'ps7_cortexa9_0' is selected.
16:53:40 INFO  : 'con' command is executed.
16:53:40 INFO  : ----------------XSDB Script (After Launch)----------------
targets -set -nocase -filter {name =~ "*A9*#0"}
con
----------------End of Script----------------

16:53:40 INFO  : Launch script is exported to file 'C:\Users\SUXP\Desktop\AXI_DMA_LOOP\vitis\xaxidma_example_simple_intr_1_system\_ide\scripts\systemdebugger_xaxidma_example_simple_intr_1_system_standalone.tcl'
16:53:50 INFO  : Disconnected from the channel tcfchan#9.
16:54:44 INFO  : Checking for BSP changes to sync application flags for project 'xaxidma_example_simple_intr_1'...
16:55:00 INFO  : Connected to target on host '127.0.0.1' and port '3121'.
16:55:00 INFO  : Jtag cable 'Digilent JTAG-SMT2 210251A08870' is selected.
16:55:00 INFO  : 'jtag frequency' command is executed.
16:55:00 INFO  : Context for 'APU' is selected.
16:55:00 INFO  : System reset is completed.
16:55:03 INFO  : 'after 3000' command is executed.
16:55:03 INFO  : 'targets -set -filter {jtag_cable_name =~ "Digilent JTAG-SMT2 210251A08870" && level==0 && jtag_device_ctx=="jsn-JTAG-SMT2-210251A08870-13722093-0"}' command is executed.
16:55:04 INFO  : Device configured successfully with "C:/Users/SUXP/Desktop/AXI_DMA_LOOP/vitis/xaxidma_example_simple_intr_1/_ide/bitstream/design_1_wrapper.bit"
16:55:04 INFO  : Context for 'APU' is selected.
16:55:04 INFO  : Hardware design and registers information is loaded from 'C:/Users/SUXP/Desktop/AXI_DMA_LOOP/vitis/design_1_wrapper/export/design_1_wrapper/hw/design_1_wrapper.xsa'.
16:55:04 INFO  : 'configparams force-mem-access 1' command is executed.
16:55:04 INFO  : Context for 'APU' is selected.
16:55:04 INFO  : Sourcing of 'C:/Users/SUXP/Desktop/AXI_DMA_LOOP/vitis/xaxidma_example_simple_intr_1/_ide/psinit/ps7_init.tcl' is done.
16:55:05 INFO  : 'ps7_init' command is executed.
16:55:05 INFO  : 'ps7_post_config' command is executed.
16:55:05 INFO  : Context for processor 'ps7_cortexa9_0' is selected.
16:55:05 INFO  : The application 'C:/Users/SUXP/Desktop/AXI_DMA_LOOP/vitis/xaxidma_example_simple_intr_1/Debug/xaxidma_example_simple_intr_1.elf' is downloaded to processor 'ps7_cortexa9_0'.
16:55:05 INFO  : 'configparams force-mem-access 0' command is executed.
16:55:05 INFO  : ----------------XSDB Script----------------
connect -url tcp:127.0.0.1:3121
targets -set -nocase -filter {name =~"APU*"}
rst -system
after 3000
targets -set -filter {jtag_cable_name =~ "Digilent JTAG-SMT2 210251A08870" && level==0 && jtag_device_ctx=="jsn-JTAG-SMT2-210251A08870-13722093-0"}
fpga -file C:/Users/SUXP/Desktop/AXI_DMA_LOOP/vitis/xaxidma_example_simple_intr_1/_ide/bitstream/design_1_wrapper.bit
targets -set -nocase -filter {name =~"APU*"}
loadhw -hw C:/Users/SUXP/Desktop/AXI_DMA_LOOP/vitis/design_1_wrapper/export/design_1_wrapper/hw/design_1_wrapper.xsa -mem-ranges [list {0x40000000 0xbfffffff}] -regs
configparams force-mem-access 1
targets -set -nocase -filter {name =~"APU*"}
source C:/Users/SUXP/Desktop/AXI_DMA_LOOP/vitis/xaxidma_example_simple_intr_1/_ide/psinit/ps7_init.tcl
ps7_init
ps7_post_config
targets -set -nocase -filter {name =~ "*A9*#0"}
dow C:/Users/SUXP/Desktop/AXI_DMA_LOOP/vitis/xaxidma_example_simple_intr_1/Debug/xaxidma_example_simple_intr_1.elf
configparams force-mem-access 0
----------------End of Script----------------

16:55:05 INFO  : Context for processor 'ps7_cortexa9_0' is selected.
16:55:05 INFO  : 'con' command is executed.
16:55:05 INFO  : ----------------XSDB Script (After Launch)----------------
targets -set -nocase -filter {name =~ "*A9*#0"}
con
----------------End of Script----------------

16:55:05 INFO  : Launch script is exported to file 'C:\Users\SUXP\Desktop\AXI_DMA_LOOP\vitis\xaxidma_example_simple_intr_1_system\_ide\scripts\systemdebugger_xaxidma_example_simple_intr_1_system_standalone.tcl'
16:55:37 INFO  : Disconnected from the channel tcfchan#11.
17:08:18 INFO  : Launching XSCT server: xsct.bat -n  -interactive C:\Users\SUXP\Desktop\AXI_DMA_LOOP\vitis\temp_xsdb_launch_script.tcl
17:08:21 INFO  : XSCT server has started successfully.
17:08:21 INFO  : plnx-install-location is set to ''
17:08:21 INFO  : Successfully done setting XSCT server connection channel  
17:08:21 INFO  : Successfully done setting workspace for the tool. 
17:08:23 INFO  : Platform repository initialization has completed.
17:08:23 INFO  : Successfully done query RDI_DATADIR 
17:08:24 INFO  : Registering command handlers for Vitis TCF services
17:08:59 INFO  : Hardware specification for platform project 'design_1_wrapper' is updated.
17:09:17 INFO  : Result from executing command 'getProjects': design_1_wrapper
17:09:17 INFO  : Result from executing command 'getPlatforms': design_1_wrapper|C:/Users/SUXP/Desktop/AXI_DMA_LOOP/vitis/design_1_wrapper/export/design_1_wrapper/design_1_wrapper.xpfm
17:09:48 INFO  : Checking for BSP changes to sync application flags for project 'xaxidma_example_simple_intr_1'...
17:09:51 INFO  : The hardware specification used by project 'xaxidma_example_simple_intr_1' is out of sync with the platform. Resource files extracted from the hardware specification will be updated.
17:09:51 INFO  : The file 'C:\Users\SUXP\Desktop\AXI_DMA_LOOP\vitis\xaxidma_example_simple_intr_1\_ide\bitstream\design_1_wrapper.bit' stored in project is removed.
17:09:51 INFO  : The updated bitstream files are copied from platform to folder 'C:\Users\SUXP\Desktop\AXI_DMA_LOOP\vitis\xaxidma_example_simple_intr_1\_ide\bitstream' in project 'xaxidma_example_simple_intr_1'.
17:09:51 INFO  : The file 'C:\Users\SUXP\Desktop\AXI_DMA_LOOP\vitis\xaxidma_example_simple_intr_1\_ide\psinit\ps7_init.tcl' stored in project is removed.
17:09:54 INFO  : The updated ps init files are copied from platform to folder 'C:\Users\SUXP\Desktop\AXI_DMA_LOOP\vitis\xaxidma_example_simple_intr_1\_ide\psinit' in project 'xaxidma_example_simple_intr_1'.
17:10:50 INFO  : Connected to target on host '127.0.0.1' and port '3121'.
17:10:50 INFO  : Jtag cable 'Digilent JTAG-SMT2 210251A08870' is selected.
17:10:50 INFO  : 'jtag frequency' command is executed.
17:10:50 INFO  : Context for 'APU' is selected.
17:10:50 INFO  : System reset is completed.
17:10:53 INFO  : 'after 3000' command is executed.
17:10:53 INFO  : 'targets -set -filter {jtag_cable_name =~ "Digilent JTAG-SMT2 210251A08870" && level==0 && jtag_device_ctx=="jsn-JTAG-SMT2-210251A08870-13722093-0"}' command is executed.
17:10:54 INFO  : Device configured successfully with "C:/Users/SUXP/Desktop/AXI_DMA_LOOP/vitis/xaxidma_example_simple_intr_1/_ide/bitstream/design_1_wrapper.bit"
17:10:54 INFO  : Context for 'APU' is selected.
17:10:54 INFO  : Hardware design and registers information is loaded from 'C:/Users/SUXP/Desktop/AXI_DMA_LOOP/vitis/design_1_wrapper/export/design_1_wrapper/hw/design_1_wrapper.xsa'.
17:10:54 INFO  : 'configparams force-mem-access 1' command is executed.
17:10:54 INFO  : Context for 'APU' is selected.
17:10:54 INFO  : Sourcing of 'C:/Users/SUXP/Desktop/AXI_DMA_LOOP/vitis/xaxidma_example_simple_intr_1/_ide/psinit/ps7_init.tcl' is done.
17:10:55 INFO  : 'ps7_init' command is executed.
17:10:55 INFO  : 'ps7_post_config' command is executed.
17:10:55 INFO  : Context for processor 'ps7_cortexa9_0' is selected.
17:10:55 INFO  : The application 'C:/Users/SUXP/Desktop/AXI_DMA_LOOP/vitis/xaxidma_example_simple_intr_1/Debug/xaxidma_example_simple_intr_1.elf' is downloaded to processor 'ps7_cortexa9_0'.
17:10:55 INFO  : 'configparams force-mem-access 0' command is executed.
17:10:55 INFO  : ----------------XSDB Script----------------
connect -url tcp:127.0.0.1:3121
targets -set -nocase -filter {name =~"APU*"}
rst -system
after 3000
targets -set -filter {jtag_cable_name =~ "Digilent JTAG-SMT2 210251A08870" && level==0 && jtag_device_ctx=="jsn-JTAG-SMT2-210251A08870-13722093-0"}
fpga -file C:/Users/SUXP/Desktop/AXI_DMA_LOOP/vitis/xaxidma_example_simple_intr_1/_ide/bitstream/design_1_wrapper.bit
targets -set -nocase -filter {name =~"APU*"}
loadhw -hw C:/Users/SUXP/Desktop/AXI_DMA_LOOP/vitis/design_1_wrapper/export/design_1_wrapper/hw/design_1_wrapper.xsa -mem-ranges [list {0x40000000 0xbfffffff}] -regs
configparams force-mem-access 1
targets -set -nocase -filter {name =~"APU*"}
source C:/Users/SUXP/Desktop/AXI_DMA_LOOP/vitis/xaxidma_example_simple_intr_1/_ide/psinit/ps7_init.tcl
ps7_init
ps7_post_config
targets -set -nocase -filter {name =~ "*A9*#0"}
dow C:/Users/SUXP/Desktop/AXI_DMA_LOOP/vitis/xaxidma_example_simple_intr_1/Debug/xaxidma_example_simple_intr_1.elf
configparams force-mem-access 0
----------------End of Script----------------

17:10:55 INFO  : Context for processor 'ps7_cortexa9_0' is selected.
17:10:55 INFO  : 'con' command is executed.
17:10:55 INFO  : ----------------XSDB Script (After Launch)----------------
targets -set -nocase -filter {name =~ "*A9*#0"}
con
----------------End of Script----------------

17:10:55 INFO  : Launch script is exported to file 'C:\Users\SUXP\Desktop\AXI_DMA_LOOP\vitis\xaxidma_example_simple_intr_1_system\_ide\scripts\systemdebugger_xaxidma_example_simple_intr_1_system_standalone.tcl'
17:13:09 INFO  : Checking for BSP changes to sync application flags for project 'xaxidma_example_simple_intr_1'...
17:13:23 INFO  : Disconnected from the channel tcfchan#3.
17:13:23 INFO  : Connected to target on host '127.0.0.1' and port '3121'.
17:13:23 INFO  : Jtag cable 'Digilent JTAG-SMT2 210251A08870' is selected.
17:13:23 INFO  : 'jtag frequency' command is executed.
17:13:23 INFO  : Context for 'APU' is selected.
17:13:23 INFO  : System reset is completed.
17:13:26 INFO  : 'after 3000' command is executed.
17:13:27 INFO  : 'targets -set -filter {jtag_cable_name =~ "Digilent JTAG-SMT2 210251A08870" && level==0 && jtag_device_ctx=="jsn-JTAG-SMT2-210251A08870-13722093-0"}' command is executed.
17:13:28 INFO  : Device configured successfully with "C:/Users/SUXP/Desktop/AXI_DMA_LOOP/vitis/xaxidma_example_simple_intr_1/_ide/bitstream/design_1_wrapper.bit"
17:13:28 INFO  : Context for 'APU' is selected.
17:13:28 INFO  : Hardware design and registers information is loaded from 'C:/Users/SUXP/Desktop/AXI_DMA_LOOP/vitis/design_1_wrapper/export/design_1_wrapper/hw/design_1_wrapper.xsa'.
17:13:28 INFO  : 'configparams force-mem-access 1' command is executed.
17:13:28 INFO  : Context for 'APU' is selected.
17:13:28 INFO  : Sourcing of 'C:/Users/SUXP/Desktop/AXI_DMA_LOOP/vitis/xaxidma_example_simple_intr_1/_ide/psinit/ps7_init.tcl' is done.
17:13:28 INFO  : 'ps7_init' command is executed.
17:13:28 INFO  : 'ps7_post_config' command is executed.
17:13:28 INFO  : Context for processor 'ps7_cortexa9_0' is selected.
17:13:28 INFO  : The application 'C:/Users/SUXP/Desktop/AXI_DMA_LOOP/vitis/xaxidma_example_simple_intr_1/Debug/xaxidma_example_simple_intr_1.elf' is downloaded to processor 'ps7_cortexa9_0'.
17:13:28 INFO  : 'configparams force-mem-access 0' command is executed.
17:13:28 INFO  : ----------------XSDB Script----------------
connect -url tcp:127.0.0.1:3121
targets -set -nocase -filter {name =~"APU*"}
rst -system
after 3000
targets -set -filter {jtag_cable_name =~ "Digilent JTAG-SMT2 210251A08870" && level==0 && jtag_device_ctx=="jsn-JTAG-SMT2-210251A08870-13722093-0"}
fpga -file C:/Users/SUXP/Desktop/AXI_DMA_LOOP/vitis/xaxidma_example_simple_intr_1/_ide/bitstream/design_1_wrapper.bit
targets -set -nocase -filter {name =~"APU*"}
loadhw -hw C:/Users/SUXP/Desktop/AXI_DMA_LOOP/vitis/design_1_wrapper/export/design_1_wrapper/hw/design_1_wrapper.xsa -mem-ranges [list {0x40000000 0xbfffffff}] -regs
configparams force-mem-access 1
targets -set -nocase -filter {name =~"APU*"}
source C:/Users/SUXP/Desktop/AXI_DMA_LOOP/vitis/xaxidma_example_simple_intr_1/_ide/psinit/ps7_init.tcl
ps7_init
ps7_post_config
targets -set -nocase -filter {name =~ "*A9*#0"}
dow C:/Users/SUXP/Desktop/AXI_DMA_LOOP/vitis/xaxidma_example_simple_intr_1/Debug/xaxidma_example_simple_intr_1.elf
configparams force-mem-access 0
----------------End of Script----------------

17:13:28 INFO  : Context for processor 'ps7_cortexa9_0' is selected.
17:13:28 INFO  : 'con' command is executed.
17:13:28 INFO  : ----------------XSDB Script (After Launch)----------------
targets -set -nocase -filter {name =~ "*A9*#0"}
con
----------------End of Script----------------

17:13:28 INFO  : Launch script is exported to file 'C:\Users\SUXP\Desktop\AXI_DMA_LOOP\vitis\xaxidma_example_simple_intr_1_system\_ide\scripts\systemdebugger_xaxidma_example_simple_intr_1_system_standalone.tcl'
17:27:18 INFO  : Disconnected from the channel tcfchan#5.
17:36:40 INFO  : Launching XSCT server: xsct.bat -n  -interactive C:\Users\SUXP\Desktop\AXI_DMA_LOOP\vitis\temp_xsdb_launch_script.tcl
17:36:43 INFO  : XSCT server has started successfully.
17:36:43 INFO  : Successfully done setting XSCT server connection channel  
17:36:43 INFO  : plnx-install-location is set to ''
17:36:43 INFO  : Successfully done setting workspace for the tool. 
17:36:44 INFO  : Platform repository initialization has completed.
17:36:44 INFO  : Registering command handlers for Vitis TCF services
17:36:44 INFO  : Successfully done query RDI_DATADIR 
17:37:08 INFO  : Hardware specification for platform project 'design_1_wrapper' is updated.
17:37:17 INFO  : Result from executing command 'getProjects': design_1_wrapper
17:37:17 INFO  : Result from executing command 'getPlatforms': design_1_wrapper|C:/Users/SUXP/Desktop/AXI_DMA_LOOP/vitis/design_1_wrapper/export/design_1_wrapper/design_1_wrapper.xpfm
17:37:32 INFO  : Checking for BSP changes to sync application flags for project 'xaxidma_example_simple_intr_1'...
17:37:34 INFO  : The hardware specification used by project 'xaxidma_example_simple_intr_1' is out of sync with the platform. Resource files extracted from the hardware specification will be updated.
17:37:34 INFO  : The file 'C:\Users\SUXP\Desktop\AXI_DMA_LOOP\vitis\xaxidma_example_simple_intr_1\_ide\bitstream\design_1_wrapper.bit' stored in project is removed.
17:37:35 INFO  : The updated bitstream files are copied from platform to folder 'C:\Users\SUXP\Desktop\AXI_DMA_LOOP\vitis\xaxidma_example_simple_intr_1\_ide\bitstream' in project 'xaxidma_example_simple_intr_1'.
17:37:35 INFO  : The file 'C:\Users\SUXP\Desktop\AXI_DMA_LOOP\vitis\xaxidma_example_simple_intr_1\_ide\psinit\ps7_init.tcl' stored in project is removed.
17:37:38 INFO  : The updated ps init files are copied from platform to folder 'C:\Users\SUXP\Desktop\AXI_DMA_LOOP\vitis\xaxidma_example_simple_intr_1\_ide\psinit' in project 'xaxidma_example_simple_intr_1'.
17:38:26 INFO  : Connected to target on host '127.0.0.1' and port '3121'.
17:38:26 INFO  : Jtag cable 'Digilent JTAG-SMT2 210251A08870' is selected.
17:38:26 INFO  : 'jtag frequency' command is executed.
17:38:26 INFO  : Context for 'APU' is selected.
17:38:27 INFO  : System reset is completed.
17:38:30 INFO  : 'after 3000' command is executed.
17:38:30 INFO  : 'targets -set -filter {jtag_cable_name =~ "Digilent JTAG-SMT2 210251A08870" && level==0 && jtag_device_ctx=="jsn-JTAG-SMT2-210251A08870-13722093-0"}' command is executed.
17:38:31 INFO  : Device configured successfully with "C:/Users/SUXP/Desktop/AXI_DMA_LOOP/vitis/xaxidma_example_simple_intr_1/_ide/bitstream/design_1_wrapper.bit"
17:38:31 INFO  : Context for 'APU' is selected.
17:38:31 INFO  : Hardware design and registers information is loaded from 'C:/Users/SUXP/Desktop/AXI_DMA_LOOP/vitis/design_1_wrapper/export/design_1_wrapper/hw/design_1_wrapper.xsa'.
17:38:31 INFO  : 'configparams force-mem-access 1' command is executed.
17:38:31 INFO  : Context for 'APU' is selected.
17:38:31 INFO  : Sourcing of 'C:/Users/SUXP/Desktop/AXI_DMA_LOOP/vitis/xaxidma_example_simple_intr_1/_ide/psinit/ps7_init.tcl' is done.
17:38:31 INFO  : 'ps7_init' command is executed.
17:38:31 INFO  : 'ps7_post_config' command is executed.
17:38:31 INFO  : Context for processor 'ps7_cortexa9_0' is selected.
17:38:31 INFO  : The application 'C:/Users/SUXP/Desktop/AXI_DMA_LOOP/vitis/xaxidma_example_simple_intr_1/Debug/xaxidma_example_simple_intr_1.elf' is downloaded to processor 'ps7_cortexa9_0'.
17:38:31 INFO  : 'configparams force-mem-access 0' command is executed.
17:38:31 INFO  : ----------------XSDB Script----------------
connect -url tcp:127.0.0.1:3121
targets -set -nocase -filter {name =~"APU*"}
rst -system
after 3000
targets -set -filter {jtag_cable_name =~ "Digilent JTAG-SMT2 210251A08870" && level==0 && jtag_device_ctx=="jsn-JTAG-SMT2-210251A08870-13722093-0"}
fpga -file C:/Users/SUXP/Desktop/AXI_DMA_LOOP/vitis/xaxidma_example_simple_intr_1/_ide/bitstream/design_1_wrapper.bit
targets -set -nocase -filter {name =~"APU*"}
loadhw -hw C:/Users/SUXP/Desktop/AXI_DMA_LOOP/vitis/design_1_wrapper/export/design_1_wrapper/hw/design_1_wrapper.xsa -mem-ranges [list {0x40000000 0xbfffffff}] -regs
configparams force-mem-access 1
targets -set -nocase -filter {name =~"APU*"}
source C:/Users/SUXP/Desktop/AXI_DMA_LOOP/vitis/xaxidma_example_simple_intr_1/_ide/psinit/ps7_init.tcl
ps7_init
ps7_post_config
targets -set -nocase -filter {name =~ "*A9*#0"}
dow C:/Users/SUXP/Desktop/AXI_DMA_LOOP/vitis/xaxidma_example_simple_intr_1/Debug/xaxidma_example_simple_intr_1.elf
configparams force-mem-access 0
----------------End of Script----------------

17:38:32 INFO  : Context for processor 'ps7_cortexa9_0' is selected.
17:38:32 INFO  : 'con' command is executed.
17:38:32 INFO  : ----------------XSDB Script (After Launch)----------------
targets -set -nocase -filter {name =~ "*A9*#0"}
con
----------------End of Script----------------

17:38:32 INFO  : Launch script is exported to file 'C:\Users\SUXP\Desktop\AXI_DMA_LOOP\vitis\xaxidma_example_simple_intr_1_system\_ide\scripts\systemdebugger_xaxidma_example_simple_intr_1_system_standalone.tcl'
17:40:24 INFO  : Checking for BSP changes to sync application flags for project 'xaxidma_example_simple_intr_1'...
17:40:44 INFO  : Disconnected from the channel tcfchan#3.
17:40:44 INFO  : Connected to target on host '127.0.0.1' and port '3121'.
17:40:44 INFO  : Jtag cable 'Digilent JTAG-SMT2 210251A08870' is selected.
17:40:44 INFO  : 'jtag frequency' command is executed.
17:40:44 INFO  : Context for 'APU' is selected.
17:40:45 INFO  : System reset is completed.
17:40:48 INFO  : 'after 3000' command is executed.
17:40:48 INFO  : 'targets -set -filter {jtag_cable_name =~ "Digilent JTAG-SMT2 210251A08870" && level==0 && jtag_device_ctx=="jsn-JTAG-SMT2-210251A08870-13722093-0"}' command is executed.
17:40:49 INFO  : Device configured successfully with "C:/Users/SUXP/Desktop/AXI_DMA_LOOP/vitis/xaxidma_example_simple_intr_1/_ide/bitstream/design_1_wrapper.bit"
17:40:49 INFO  : Context for 'APU' is selected.
17:40:49 INFO  : Hardware design and registers information is loaded from 'C:/Users/SUXP/Desktop/AXI_DMA_LOOP/vitis/design_1_wrapper/export/design_1_wrapper/hw/design_1_wrapper.xsa'.
17:40:49 INFO  : 'configparams force-mem-access 1' command is executed.
17:40:49 INFO  : Context for 'APU' is selected.
17:40:49 INFO  : Sourcing of 'C:/Users/SUXP/Desktop/AXI_DMA_LOOP/vitis/xaxidma_example_simple_intr_1/_ide/psinit/ps7_init.tcl' is done.
17:40:49 INFO  : 'ps7_init' command is executed.
17:40:49 INFO  : 'ps7_post_config' command is executed.
17:40:49 INFO  : Context for processor 'ps7_cortexa9_0' is selected.
17:40:49 INFO  : The application 'C:/Users/SUXP/Desktop/AXI_DMA_LOOP/vitis/xaxidma_example_simple_intr_1/Debug/xaxidma_example_simple_intr_1.elf' is downloaded to processor 'ps7_cortexa9_0'.
17:40:49 INFO  : 'configparams force-mem-access 0' command is executed.
17:40:49 INFO  : ----------------XSDB Script----------------
connect -url tcp:127.0.0.1:3121
targets -set -nocase -filter {name =~"APU*"}
rst -system
after 3000
targets -set -filter {jtag_cable_name =~ "Digilent JTAG-SMT2 210251A08870" && level==0 && jtag_device_ctx=="jsn-JTAG-SMT2-210251A08870-13722093-0"}
fpga -file C:/Users/SUXP/Desktop/AXI_DMA_LOOP/vitis/xaxidma_example_simple_intr_1/_ide/bitstream/design_1_wrapper.bit
targets -set -nocase -filter {name =~"APU*"}
loadhw -hw C:/Users/SUXP/Desktop/AXI_DMA_LOOP/vitis/design_1_wrapper/export/design_1_wrapper/hw/design_1_wrapper.xsa -mem-ranges [list {0x40000000 0xbfffffff}] -regs
configparams force-mem-access 1
targets -set -nocase -filter {name =~"APU*"}
source C:/Users/SUXP/Desktop/AXI_DMA_LOOP/vitis/xaxidma_example_simple_intr_1/_ide/psinit/ps7_init.tcl
ps7_init
ps7_post_config
targets -set -nocase -filter {name =~ "*A9*#0"}
dow C:/Users/SUXP/Desktop/AXI_DMA_LOOP/vitis/xaxidma_example_simple_intr_1/Debug/xaxidma_example_simple_intr_1.elf
configparams force-mem-access 0
----------------End of Script----------------

17:40:50 INFO  : Context for processor 'ps7_cortexa9_0' is selected.
17:40:50 INFO  : 'con' command is executed.
17:40:50 INFO  : ----------------XSDB Script (After Launch)----------------
targets -set -nocase -filter {name =~ "*A9*#0"}
con
----------------End of Script----------------

17:40:50 INFO  : Launch script is exported to file 'C:\Users\SUXP\Desktop\AXI_DMA_LOOP\vitis\xaxidma_example_simple_intr_1_system\_ide\scripts\systemdebugger_xaxidma_example_simple_intr_1_system_standalone.tcl'
17:44:14 INFO  : Disconnected from the channel tcfchan#5.
10:28:05 INFO  : Launching XSCT server: xsct.bat -n  -interactive C:\Users\SUXP\Desktop\AXI_DMA_LOOP\vitis\temp_xsdb_launch_script.tcl
10:28:08 INFO  : XSCT server has started successfully.
10:28:08 INFO  : plnx-install-location is set to ''
10:28:08 INFO  : Successfully done setting XSCT server connection channel  
10:28:08 INFO  : Successfully done setting workspace for the tool. 
10:28:09 INFO  : Platform repository initialization has completed.
10:28:09 INFO  : Registering command handlers for Vitis TCF services
10:28:09 INFO  : Successfully done query RDI_DATADIR 
10:28:54 INFO  : Checking for BSP changes to sync application flags for project 'xaxidma_example_simple_intr_1'...
10:28:58 ERROR : (XSDB Server)ERROR: [Hsi 55-1571] The design file C:/Users/SUXP/Desktop/AXI_DMA_LOOP/vitis/design_1_wrapper/export/design_1_wrapper/hw/design_1_wrapper.xsa is already opened

10:29:12 INFO  : Hardware specification for platform project 'design_1_wrapper' is updated.
10:29:19 INFO  : Result from executing command 'getProjects': design_1_wrapper
10:29:19 INFO  : Result from executing command 'getPlatforms': design_1_wrapper|C:/Users/SUXP/Desktop/AXI_DMA_LOOP/vitis/design_1_wrapper/export/design_1_wrapper/design_1_wrapper.xpfm
10:29:31 INFO  : The hardware specification used by project 'xaxidma_example_simple_intr_1' is out of sync with the platform. Resource files extracted from the hardware specification will be updated.
10:29:31 INFO  : The file 'C:\Users\SUXP\Desktop\AXI_DMA_LOOP\vitis\xaxidma_example_simple_intr_1\_ide\bitstream\design_1_wrapper.bit' stored in project is removed.
10:29:31 INFO  : The updated bitstream files are copied from platform to folder 'C:\Users\SUXP\Desktop\AXI_DMA_LOOP\vitis\xaxidma_example_simple_intr_1\_ide\bitstream' in project 'xaxidma_example_simple_intr_1'.
10:29:31 INFO  : The file 'C:\Users\SUXP\Desktop\AXI_DMA_LOOP\vitis\xaxidma_example_simple_intr_1\_ide\psinit\ps7_init.tcl' stored in project is removed.
10:29:34 INFO  : The updated ps init files are copied from platform to folder 'C:\Users\SUXP\Desktop\AXI_DMA_LOOP\vitis\xaxidma_example_simple_intr_1\_ide\psinit' in project 'xaxidma_example_simple_intr_1'.
10:29:37 INFO  : Connected to target on host '127.0.0.1' and port '3121'.
10:29:37 INFO  : Jtag cable 'Digilent JTAG-SMT2 210251A08870' is selected.
10:29:37 INFO  : 'jtag frequency' command is executed.
10:29:37 INFO  : Context for 'APU' is selected.
10:29:37 INFO  : System reset is completed.
10:29:40 INFO  : 'after 3000' command is executed.
10:29:40 INFO  : 'targets -set -filter {jtag_cable_name =~ "Digilent JTAG-SMT2 210251A08870" && level==0 && jtag_device_ctx=="jsn-JTAG-SMT2-210251A08870-13722093-0"}' command is executed.
10:29:40 ERROR : couldn't open "C:/Users/SUXP/Desktop/AXI_DMA_LOOP/vitis/xaxidma_example_simple_intr_1/_ide/bitstream/design_1_wrapper.bit": no such file or directory
10:29:40 ERROR : Exception occured while running Program Device.
java.lang.RuntimeException: couldn't open "C:/Users/SUXP/Desktop/AXI_DMA_LOOP/vitis/xaxidma_example_simple_intr_1/_ide/bitstream/design_1_wrapper.bit": no such file or directory
10:29:40 INFO  : ----------------XSDB Script----------------
connect -url tcp:127.0.0.1:3121
targets -set -nocase -filter {name =~"APU*"}
rst -system
after 3000
----------------End of Script----------------

10:29:40 ERROR : couldn't open "C:/Users/SUXP/Desktop/AXI_DMA_LOOP/vitis/xaxidma_example_simple_intr_1/_ide/bitstream/design_1_wrapper.bit": no such file or directory
10:30:18 INFO  : Connected to target on host '127.0.0.1' and port '3121'.
10:30:18 INFO  : Jtag cable 'Digilent JTAG-SMT2 210251A08870' is selected.
10:30:18 INFO  : 'jtag frequency' command is executed.
10:30:18 INFO  : Context for 'APU' is selected.
10:30:18 INFO  : System reset is completed.
10:30:21 INFO  : 'after 3000' command is executed.
10:30:22 INFO  : 'targets -set -filter {jtag_cable_name =~ "Digilent JTAG-SMT2 210251A08870" && level==0 && jtag_device_ctx=="jsn-JTAG-SMT2-210251A08870-13722093-0"}' command is executed.
10:30:23 INFO  : Device configured successfully with "C:/Users/SUXP/Desktop/AXI_DMA_LOOP/vitis/xaxidma_example_simple_intr_1/_ide/bitstream/design_1_wrapper_.bit"
10:30:23 INFO  : Context for 'APU' is selected.
10:30:23 INFO  : Hardware design and registers information is loaded from 'C:/Users/SUXP/Desktop/AXI_DMA_LOOP/vitis/design_1_wrapper/export/design_1_wrapper/hw/design_1_wrapper_.xsa'.
10:30:23 INFO  : 'configparams force-mem-access 1' command is executed.
10:30:23 INFO  : Context for 'APU' is selected.
10:30:23 INFO  : Sourcing of 'C:/Users/SUXP/Desktop/AXI_DMA_LOOP/vitis/xaxidma_example_simple_intr_1/_ide/psinit/ps7_init.tcl' is done.
10:30:23 INFO  : 'ps7_init' command is executed.
10:30:23 INFO  : 'ps7_post_config' command is executed.
10:30:23 INFO  : Context for processor 'ps7_cortexa9_0' is selected.
10:30:23 INFO  : The application 'C:/Users/SUXP/Desktop/AXI_DMA_LOOP/vitis/xaxidma_example_simple_intr_1/Debug/xaxidma_example_simple_intr_1.elf' is downloaded to processor 'ps7_cortexa9_0'.
10:30:23 INFO  : 'configparams force-mem-access 0' command is executed.
10:30:23 INFO  : ----------------XSDB Script----------------
connect -url tcp:127.0.0.1:3121
targets -set -nocase -filter {name =~"APU*"}
rst -system
after 3000
targets -set -filter {jtag_cable_name =~ "Digilent JTAG-SMT2 210251A08870" && level==0 && jtag_device_ctx=="jsn-JTAG-SMT2-210251A08870-13722093-0"}
fpga -file C:/Users/SUXP/Desktop/AXI_DMA_LOOP/vitis/xaxidma_example_simple_intr_1/_ide/bitstream/design_1_wrapper_.bit
targets -set -nocase -filter {name =~"APU*"}
loadhw -hw C:/Users/SUXP/Desktop/AXI_DMA_LOOP/vitis/design_1_wrapper/export/design_1_wrapper/hw/design_1_wrapper_.xsa -mem-ranges [list {0x40000000 0xbfffffff}] -regs
configparams force-mem-access 1
targets -set -nocase -filter {name =~"APU*"}
source C:/Users/SUXP/Desktop/AXI_DMA_LOOP/vitis/xaxidma_example_simple_intr_1/_ide/psinit/ps7_init.tcl
ps7_init
ps7_post_config
targets -set -nocase -filter {name =~ "*A9*#0"}
dow C:/Users/SUXP/Desktop/AXI_DMA_LOOP/vitis/xaxidma_example_simple_intr_1/Debug/xaxidma_example_simple_intr_1.elf
configparams force-mem-access 0
----------------End of Script----------------

10:30:23 INFO  : Context for processor 'ps7_cortexa9_0' is selected.
10:30:23 INFO  : 'con' command is executed.
10:30:23 INFO  : ----------------XSDB Script (After Launch)----------------
targets -set -nocase -filter {name =~ "*A9*#0"}
con
----------------End of Script----------------

10:30:23 INFO  : Launch script is exported to file 'C:\Users\SUXP\Desktop\AXI_DMA_LOOP\vitis\xaxidma_example_simple_intr_1_system\_ide\scripts\systemdebugger_xaxidma_example_simple_intr_1_system_standalone.tcl'
10:34:17 INFO  : Disconnected from the channel tcfchan#3.
10:34:17 INFO  : Connected to target on host '127.0.0.1' and port '3121'.
10:34:18 INFO  : Jtag cable 'Digilent JTAG-SMT2 210251A08870' is selected.
10:34:18 INFO  : 'jtag frequency' command is executed.
10:34:18 INFO  : Context for 'APU' is selected.
10:34:18 INFO  : System reset is completed.
10:34:21 INFO  : 'after 3000' command is executed.
10:34:21 INFO  : 'targets -set -filter {jtag_cable_name =~ "Digilent JTAG-SMT2 210251A08870" && level==0 && jtag_device_ctx=="jsn-JTAG-SMT2-210251A08870-13722093-0"}' command is executed.
10:34:22 INFO  : Device configured successfully with "C:/Users/SUXP/Desktop/AXI_DMA_LOOP/vitis/xaxidma_example_simple_intr_1/_ide/bitstream/design_1_wrapper_.bit"
10:34:22 INFO  : Context for 'APU' is selected.
10:34:22 INFO  : Hardware design and registers information is loaded from 'C:/Users/SUXP/Desktop/AXI_DMA_LOOP/vitis/design_1_wrapper/export/design_1_wrapper/hw/design_1_wrapper_.xsa'.
10:34:22 INFO  : 'configparams force-mem-access 1' command is executed.
10:34:22 INFO  : Context for 'APU' is selected.
10:34:22 INFO  : Sourcing of 'C:/Users/SUXP/Desktop/AXI_DMA_LOOP/vitis/xaxidma_example_simple_intr_1/_ide/psinit/ps7_init.tcl' is done.
10:34:22 INFO  : 'ps7_init' command is executed.
10:34:22 INFO  : 'ps7_post_config' command is executed.
10:34:22 INFO  : Context for processor 'ps7_cortexa9_0' is selected.
10:34:22 INFO  : The application 'C:/Users/SUXP/Desktop/AXI_DMA_LOOP/vitis/xaxidma_example_simple_intr_1/Debug/xaxidma_example_simple_intr_1.elf' is downloaded to processor 'ps7_cortexa9_0'.
10:34:22 INFO  : 'configparams force-mem-access 0' command is executed.
10:34:22 INFO  : ----------------XSDB Script----------------
connect -url tcp:127.0.0.1:3121
targets -set -nocase -filter {name =~"APU*"}
rst -system
after 3000
targets -set -filter {jtag_cable_name =~ "Digilent JTAG-SMT2 210251A08870" && level==0 && jtag_device_ctx=="jsn-JTAG-SMT2-210251A08870-13722093-0"}
fpga -file C:/Users/SUXP/Desktop/AXI_DMA_LOOP/vitis/xaxidma_example_simple_intr_1/_ide/bitstream/design_1_wrapper_.bit
targets -set -nocase -filter {name =~"APU*"}
loadhw -hw C:/Users/SUXP/Desktop/AXI_DMA_LOOP/vitis/design_1_wrapper/export/design_1_wrapper/hw/design_1_wrapper_.xsa -mem-ranges [list {0x40000000 0xbfffffff}] -regs
configparams force-mem-access 1
targets -set -nocase -filter {name =~"APU*"}
source C:/Users/SUXP/Desktop/AXI_DMA_LOOP/vitis/xaxidma_example_simple_intr_1/_ide/psinit/ps7_init.tcl
ps7_init
ps7_post_config
targets -set -nocase -filter {name =~ "*A9*#0"}
dow C:/Users/SUXP/Desktop/AXI_DMA_LOOP/vitis/xaxidma_example_simple_intr_1/Debug/xaxidma_example_simple_intr_1.elf
configparams force-mem-access 0
----------------End of Script----------------

10:34:23 INFO  : Context for processor 'ps7_cortexa9_0' is selected.
10:34:23 INFO  : 'con' command is executed.
10:34:23 INFO  : ----------------XSDB Script (After Launch)----------------
targets -set -nocase -filter {name =~ "*A9*#0"}
con
----------------End of Script----------------

10:34:23 INFO  : Launch script is exported to file 'C:\Users\SUXP\Desktop\AXI_DMA_LOOP\vitis\xaxidma_example_simple_intr_1_system\_ide\scripts\systemdebugger_xaxidma_example_simple_intr_1_system_standalone.tcl'
10:34:25 INFO  : Checking for BSP changes to sync application flags for project 'xaxidma_example_simple_intr_1'...
10:34:45 INFO  : Result from executing command 'getProjects': design_1_wrapper
10:34:45 INFO  : Result from executing command 'getPlatforms': design_1_wrapper|C:/Users/SUXP/Desktop/AXI_DMA_LOOP/vitis/design_1_wrapper/export/design_1_wrapper/design_1_wrapper.xpfm
10:34:46 INFO  : Checking for BSP changes to sync application flags for project 'xaxidma_example_simple_intr_1'...
10:35:10 INFO  : Checking for BSP changes to sync application flags for project 'xaxidma_example_simple_intr_1'...
10:35:29 INFO  : Disconnected from the channel tcfchan#4.
10:35:29 INFO  : Connected to target on host '127.0.0.1' and port '3121'.
10:35:29 INFO  : Jtag cable 'Digilent JTAG-SMT2 210251A08870' is selected.
10:35:29 INFO  : 'jtag frequency' command is executed.
10:35:29 INFO  : Context for 'APU' is selected.
10:35:29 INFO  : System reset is completed.
10:35:32 INFO  : 'after 3000' command is executed.
10:35:32 INFO  : 'targets -set -filter {jtag_cable_name =~ "Digilent JTAG-SMT2 210251A08870" && level==0 && jtag_device_ctx=="jsn-JTAG-SMT2-210251A08870-13722093-0"}' command is executed.
10:35:33 INFO  : Device configured successfully with "C:/Users/SUXP/Desktop/AXI_DMA_LOOP/vitis/xaxidma_example_simple_intr_1/_ide/bitstream/design_1_wrapper_.bit"
10:35:33 INFO  : Context for 'APU' is selected.
10:35:33 INFO  : Hardware design and registers information is loaded from 'C:/Users/SUXP/Desktop/AXI_DMA_LOOP/vitis/design_1_wrapper/export/design_1_wrapper/hw/design_1_wrapper_.xsa'.
10:35:33 INFO  : 'configparams force-mem-access 1' command is executed.
10:35:33 INFO  : Context for 'APU' is selected.
10:35:33 INFO  : Sourcing of 'C:/Users/SUXP/Desktop/AXI_DMA_LOOP/vitis/xaxidma_example_simple_intr_1/_ide/psinit/ps7_init.tcl' is done.
10:35:34 INFO  : 'ps7_init' command is executed.
10:35:34 INFO  : 'ps7_post_config' command is executed.
10:35:34 INFO  : Context for processor 'ps7_cortexa9_0' is selected.
10:35:34 INFO  : The application 'C:/Users/SUXP/Desktop/AXI_DMA_LOOP/vitis/xaxidma_example_simple_intr_1/Debug/xaxidma_example_simple_intr_1.elf' is downloaded to processor 'ps7_cortexa9_0'.
10:35:34 INFO  : 'configparams force-mem-access 0' command is executed.
10:35:34 INFO  : ----------------XSDB Script----------------
connect -url tcp:127.0.0.1:3121
targets -set -nocase -filter {name =~"APU*"}
rst -system
after 3000
targets -set -filter {jtag_cable_name =~ "Digilent JTAG-SMT2 210251A08870" && level==0 && jtag_device_ctx=="jsn-JTAG-SMT2-210251A08870-13722093-0"}
fpga -file C:/Users/SUXP/Desktop/AXI_DMA_LOOP/vitis/xaxidma_example_simple_intr_1/_ide/bitstream/design_1_wrapper_.bit
targets -set -nocase -filter {name =~"APU*"}
loadhw -hw C:/Users/SUXP/Desktop/AXI_DMA_LOOP/vitis/design_1_wrapper/export/design_1_wrapper/hw/design_1_wrapper_.xsa -mem-ranges [list {0x40000000 0xbfffffff}] -regs
configparams force-mem-access 1
targets -set -nocase -filter {name =~"APU*"}
source C:/Users/SUXP/Desktop/AXI_DMA_LOOP/vitis/xaxidma_example_simple_intr_1/_ide/psinit/ps7_init.tcl
ps7_init
ps7_post_config
targets -set -nocase -filter {name =~ "*A9*#0"}
dow C:/Users/SUXP/Desktop/AXI_DMA_LOOP/vitis/xaxidma_example_simple_intr_1/Debug/xaxidma_example_simple_intr_1.elf
configparams force-mem-access 0
----------------End of Script----------------

10:35:34 INFO  : Context for processor 'ps7_cortexa9_0' is selected.
10:35:34 INFO  : 'con' command is executed.
10:35:34 INFO  : ----------------XSDB Script (After Launch)----------------
targets -set -nocase -filter {name =~ "*A9*#0"}
con
----------------End of Script----------------

10:35:34 INFO  : Launch script is exported to file 'C:\Users\SUXP\Desktop\AXI_DMA_LOOP\vitis\xaxidma_example_simple_intr_1_system\_ide\scripts\systemdebugger_xaxidma_example_simple_intr_1_system_standalone.tcl'
10:37:13 INFO  : Checking for BSP changes to sync application flags for project 'xaxidma_example_simple_intr_1'...
10:37:41 INFO  : Checking for BSP changes to sync application flags for project 'xaxidma_example_simple_intr_1'...
10:37:51 INFO  : Disconnected from the channel tcfchan#9.
10:37:51 INFO  : Connected to target on host '127.0.0.1' and port '3121'.
10:37:51 INFO  : Jtag cable 'Digilent JTAG-SMT2 210251A08870' is selected.
10:37:51 INFO  : 'jtag frequency' command is executed.
10:37:51 INFO  : Context for 'APU' is selected.
10:37:51 INFO  : System reset is completed.
10:37:55 INFO  : 'after 3000' command is executed.
10:37:55 INFO  : 'targets -set -filter {jtag_cable_name =~ "Digilent JTAG-SMT2 210251A08870" && level==0 && jtag_device_ctx=="jsn-JTAG-SMT2-210251A08870-13722093-0"}' command is executed.
10:37:56 INFO  : Device configured successfully with "C:/Users/SUXP/Desktop/AXI_DMA_LOOP/vitis/xaxidma_example_simple_intr_1/_ide/bitstream/design_1_wrapper_.bit"
10:37:56 INFO  : Context for 'APU' is selected.
10:37:56 INFO  : Hardware design and registers information is loaded from 'C:/Users/SUXP/Desktop/AXI_DMA_LOOP/vitis/design_1_wrapper/export/design_1_wrapper/hw/design_1_wrapper_.xsa'.
10:37:56 INFO  : 'configparams force-mem-access 1' command is executed.
10:37:56 INFO  : Context for 'APU' is selected.
10:37:56 INFO  : Sourcing of 'C:/Users/SUXP/Desktop/AXI_DMA_LOOP/vitis/xaxidma_example_simple_intr_1/_ide/psinit/ps7_init.tcl' is done.
10:37:56 INFO  : 'ps7_init' command is executed.
10:37:56 INFO  : 'ps7_post_config' command is executed.
10:37:56 INFO  : Context for processor 'ps7_cortexa9_0' is selected.
10:37:56 INFO  : The application 'C:/Users/SUXP/Desktop/AXI_DMA_LOOP/vitis/xaxidma_example_simple_intr_1/Debug/xaxidma_example_simple_intr_1.elf' is downloaded to processor 'ps7_cortexa9_0'.
10:37:56 INFO  : 'configparams force-mem-access 0' command is executed.
10:37:56 INFO  : ----------------XSDB Script----------------
connect -url tcp:127.0.0.1:3121
targets -set -nocase -filter {name =~"APU*"}
rst -system
after 3000
targets -set -filter {jtag_cable_name =~ "Digilent JTAG-SMT2 210251A08870" && level==0 && jtag_device_ctx=="jsn-JTAG-SMT2-210251A08870-13722093-0"}
fpga -file C:/Users/SUXP/Desktop/AXI_DMA_LOOP/vitis/xaxidma_example_simple_intr_1/_ide/bitstream/design_1_wrapper_.bit
targets -set -nocase -filter {name =~"APU*"}
loadhw -hw C:/Users/SUXP/Desktop/AXI_DMA_LOOP/vitis/design_1_wrapper/export/design_1_wrapper/hw/design_1_wrapper_.xsa -mem-ranges [list {0x40000000 0xbfffffff}] -regs
configparams force-mem-access 1
targets -set -nocase -filter {name =~"APU*"}
source C:/Users/SUXP/Desktop/AXI_DMA_LOOP/vitis/xaxidma_example_simple_intr_1/_ide/psinit/ps7_init.tcl
ps7_init
ps7_post_config
targets -set -nocase -filter {name =~ "*A9*#0"}
dow C:/Users/SUXP/Desktop/AXI_DMA_LOOP/vitis/xaxidma_example_simple_intr_1/Debug/xaxidma_example_simple_intr_1.elf
configparams force-mem-access 0
----------------End of Script----------------

10:37:56 INFO  : Context for processor 'ps7_cortexa9_0' is selected.
10:37:56 INFO  : 'con' command is executed.
10:37:56 INFO  : ----------------XSDB Script (After Launch)----------------
targets -set -nocase -filter {name =~ "*A9*#0"}
con
----------------End of Script----------------

10:37:56 INFO  : Launch script is exported to file 'C:\Users\SUXP\Desktop\AXI_DMA_LOOP\vitis\xaxidma_example_simple_intr_1_system\_ide\scripts\systemdebugger_xaxidma_example_simple_intr_1_system_standalone.tcl'
10:39:50 INFO  : Checking for BSP changes to sync application flags for project 'xaxidma_example_simple_intr_1'...
10:40:02 INFO  : Checking for BSP changes to sync application flags for project 'xaxidma_example_simple_intr_1'...
10:40:14 INFO  : Disconnected from the channel tcfchan#12.
10:40:14 INFO  : Connected to target on host '127.0.0.1' and port '3121'.
10:40:14 INFO  : Jtag cable 'Digilent JTAG-SMT2 210251A08870' is selected.
10:40:14 INFO  : 'jtag frequency' command is executed.
10:40:14 INFO  : Context for 'APU' is selected.
10:40:14 INFO  : System reset is completed.
10:40:17 INFO  : 'after 3000' command is executed.
10:40:18 INFO  : 'targets -set -filter {jtag_cable_name =~ "Digilent JTAG-SMT2 210251A08870" && level==0 && jtag_device_ctx=="jsn-JTAG-SMT2-210251A08870-13722093-0"}' command is executed.
10:40:19 INFO  : Device configured successfully with "C:/Users/SUXP/Desktop/AXI_DMA_LOOP/vitis/xaxidma_example_simple_intr_1/_ide/bitstream/design_1_wrapper_.bit"
10:40:19 INFO  : Context for 'APU' is selected.
10:40:19 INFO  : Hardware design and registers information is loaded from 'C:/Users/SUXP/Desktop/AXI_DMA_LOOP/vitis/design_1_wrapper/export/design_1_wrapper/hw/design_1_wrapper_.xsa'.
10:40:19 INFO  : 'configparams force-mem-access 1' command is executed.
10:40:19 INFO  : Context for 'APU' is selected.
10:40:19 INFO  : Sourcing of 'C:/Users/SUXP/Desktop/AXI_DMA_LOOP/vitis/xaxidma_example_simple_intr_1/_ide/psinit/ps7_init.tcl' is done.
10:40:19 INFO  : 'ps7_init' command is executed.
10:40:19 INFO  : 'ps7_post_config' command is executed.
10:40:19 INFO  : Context for processor 'ps7_cortexa9_0' is selected.
10:40:19 INFO  : The application 'C:/Users/SUXP/Desktop/AXI_DMA_LOOP/vitis/xaxidma_example_simple_intr_1/Debug/xaxidma_example_simple_intr_1.elf' is downloaded to processor 'ps7_cortexa9_0'.
10:40:19 INFO  : 'configparams force-mem-access 0' command is executed.
10:40:19 INFO  : ----------------XSDB Script----------------
connect -url tcp:127.0.0.1:3121
targets -set -nocase -filter {name =~"APU*"}
rst -system
after 3000
targets -set -filter {jtag_cable_name =~ "Digilent JTAG-SMT2 210251A08870" && level==0 && jtag_device_ctx=="jsn-JTAG-SMT2-210251A08870-13722093-0"}
fpga -file C:/Users/SUXP/Desktop/AXI_DMA_LOOP/vitis/xaxidma_example_simple_intr_1/_ide/bitstream/design_1_wrapper_.bit
targets -set -nocase -filter {name =~"APU*"}
loadhw -hw C:/Users/SUXP/Desktop/AXI_DMA_LOOP/vitis/design_1_wrapper/export/design_1_wrapper/hw/design_1_wrapper_.xsa -mem-ranges [list {0x40000000 0xbfffffff}] -regs
configparams force-mem-access 1
targets -set -nocase -filter {name =~"APU*"}
source C:/Users/SUXP/Desktop/AXI_DMA_LOOP/vitis/xaxidma_example_simple_intr_1/_ide/psinit/ps7_init.tcl
ps7_init
ps7_post_config
targets -set -nocase -filter {name =~ "*A9*#0"}
dow C:/Users/SUXP/Desktop/AXI_DMA_LOOP/vitis/xaxidma_example_simple_intr_1/Debug/xaxidma_example_simple_intr_1.elf
configparams force-mem-access 0
----------------End of Script----------------

10:40:19 INFO  : Context for processor 'ps7_cortexa9_0' is selected.
10:40:19 INFO  : 'con' command is executed.
10:40:19 INFO  : ----------------XSDB Script (After Launch)----------------
targets -set -nocase -filter {name =~ "*A9*#0"}
con
----------------End of Script----------------

10:40:19 INFO  : Launch script is exported to file 'C:\Users\SUXP\Desktop\AXI_DMA_LOOP\vitis\xaxidma_example_simple_intr_1_system\_ide\scripts\systemdebugger_xaxidma_example_simple_intr_1_system_standalone.tcl'
10:41:30 INFO  : Checking for BSP changes to sync application flags for project 'xaxidma_example_simple_intr_1'...
10:41:57 INFO  : Disconnected from the channel tcfchan#15.
10:41:57 INFO  : Connected to target on host '127.0.0.1' and port '3121'.
10:41:57 INFO  : Jtag cable 'Digilent JTAG-SMT2 210251A08870' is selected.
10:41:57 INFO  : 'jtag frequency' command is executed.
10:41:57 INFO  : Context for 'APU' is selected.
10:41:57 INFO  : System reset is completed.
10:42:00 INFO  : 'after 3000' command is executed.
10:42:01 INFO  : 'targets -set -filter {jtag_cable_name =~ "Digilent JTAG-SMT2 210251A08870" && level==0 && jtag_device_ctx=="jsn-JTAG-SMT2-210251A08870-13722093-0"}' command is executed.
10:42:02 INFO  : Device configured successfully with "C:/Users/SUXP/Desktop/AXI_DMA_LOOP/vitis/xaxidma_example_simple_intr_1/_ide/bitstream/design_1_wrapper_.bit"
10:42:02 INFO  : Context for 'APU' is selected.
10:42:02 INFO  : Hardware design and registers information is loaded from 'C:/Users/SUXP/Desktop/AXI_DMA_LOOP/vitis/design_1_wrapper/export/design_1_wrapper/hw/design_1_wrapper_.xsa'.
10:42:02 INFO  : 'configparams force-mem-access 1' command is executed.
10:42:02 INFO  : Context for 'APU' is selected.
10:42:02 INFO  : Sourcing of 'C:/Users/SUXP/Desktop/AXI_DMA_LOOP/vitis/xaxidma_example_simple_intr_1/_ide/psinit/ps7_init.tcl' is done.
10:42:02 INFO  : 'ps7_init' command is executed.
10:42:02 INFO  : 'ps7_post_config' command is executed.
10:42:02 INFO  : Context for processor 'ps7_cortexa9_0' is selected.
10:42:02 INFO  : The application 'C:/Users/SUXP/Desktop/AXI_DMA_LOOP/vitis/xaxidma_example_simple_intr_1/Debug/xaxidma_example_simple_intr_1.elf' is downloaded to processor 'ps7_cortexa9_0'.
10:42:02 INFO  : 'configparams force-mem-access 0' command is executed.
10:42:02 INFO  : ----------------XSDB Script----------------
connect -url tcp:127.0.0.1:3121
targets -set -nocase -filter {name =~"APU*"}
rst -system
after 3000
targets -set -filter {jtag_cable_name =~ "Digilent JTAG-SMT2 210251A08870" && level==0 && jtag_device_ctx=="jsn-JTAG-SMT2-210251A08870-13722093-0"}
fpga -file C:/Users/SUXP/Desktop/AXI_DMA_LOOP/vitis/xaxidma_example_simple_intr_1/_ide/bitstream/design_1_wrapper_.bit
targets -set -nocase -filter {name =~"APU*"}
loadhw -hw C:/Users/SUXP/Desktop/AXI_DMA_LOOP/vitis/design_1_wrapper/export/design_1_wrapper/hw/design_1_wrapper_.xsa -mem-ranges [list {0x40000000 0xbfffffff}] -regs
configparams force-mem-access 1
targets -set -nocase -filter {name =~"APU*"}
source C:/Users/SUXP/Desktop/AXI_DMA_LOOP/vitis/xaxidma_example_simple_intr_1/_ide/psinit/ps7_init.tcl
ps7_init
ps7_post_config
targets -set -nocase -filter {name =~ "*A9*#0"}
dow C:/Users/SUXP/Desktop/AXI_DMA_LOOP/vitis/xaxidma_example_simple_intr_1/Debug/xaxidma_example_simple_intr_1.elf
configparams force-mem-access 0
----------------End of Script----------------

10:42:02 INFO  : Context for processor 'ps7_cortexa9_0' is selected.
10:42:02 INFO  : 'con' command is executed.
10:42:02 INFO  : ----------------XSDB Script (After Launch)----------------
targets -set -nocase -filter {name =~ "*A9*#0"}
con
----------------End of Script----------------

10:42:02 INFO  : Launch script is exported to file 'C:\Users\SUXP\Desktop\AXI_DMA_LOOP\vitis\xaxidma_example_simple_intr_1_system\_ide\scripts\systemdebugger_xaxidma_example_simple_intr_1_system_standalone.tcl'
10:43:12 INFO  : Disconnected from the channel tcfchan#17.
10:43:33 INFO  : Checking for BSP changes to sync application flags for project 'xaxidma_example_simple_intr_1'...
10:43:57 INFO  : Checking for BSP changes to sync application flags for project 'xaxidma_example_simple_intr_1'...
10:44:10 INFO  : Connected to target on host '127.0.0.1' and port '3121'.
10:44:10 INFO  : Jtag cable 'Digilent JTAG-SMT2 210251A08870' is selected.
10:44:10 INFO  : 'jtag frequency' command is executed.
10:44:10 INFO  : Context for 'APU' is selected.
10:44:10 INFO  : System reset is completed.
10:44:13 INFO  : 'after 3000' command is executed.
10:44:14 INFO  : 'targets -set -filter {jtag_cable_name =~ "Digilent JTAG-SMT2 210251A08870" && level==0 && jtag_device_ctx=="jsn-JTAG-SMT2-210251A08870-13722093-0"}' command is executed.
10:44:15 INFO  : Device configured successfully with "C:/Users/SUXP/Desktop/AXI_DMA_LOOP/vitis/xaxidma_example_simple_intr_1/_ide/bitstream/design_1_wrapper_.bit"
10:44:15 INFO  : Context for 'APU' is selected.
10:44:15 INFO  : Hardware design and registers information is loaded from 'C:/Users/SUXP/Desktop/AXI_DMA_LOOP/vitis/design_1_wrapper/export/design_1_wrapper/hw/design_1_wrapper_.xsa'.
10:44:15 INFO  : 'configparams force-mem-access 1' command is executed.
10:44:15 INFO  : Context for 'APU' is selected.
10:44:15 INFO  : Sourcing of 'C:/Users/SUXP/Desktop/AXI_DMA_LOOP/vitis/xaxidma_example_simple_intr_1/_ide/psinit/ps7_init.tcl' is done.
10:44:15 INFO  : 'ps7_init' command is executed.
10:44:15 INFO  : 'ps7_post_config' command is executed.
10:44:15 INFO  : Context for processor 'ps7_cortexa9_0' is selected.
10:44:15 INFO  : The application 'C:/Users/SUXP/Desktop/AXI_DMA_LOOP/vitis/xaxidma_example_simple_intr_1/Debug/xaxidma_example_simple_intr_1.elf' is downloaded to processor 'ps7_cortexa9_0'.
10:44:15 INFO  : 'configparams force-mem-access 0' command is executed.
10:44:15 INFO  : ----------------XSDB Script----------------
connect -url tcp:127.0.0.1:3121
targets -set -nocase -filter {name =~"APU*"}
rst -system
after 3000
targets -set -filter {jtag_cable_name =~ "Digilent JTAG-SMT2 210251A08870" && level==0 && jtag_device_ctx=="jsn-JTAG-SMT2-210251A08870-13722093-0"}
fpga -file C:/Users/SUXP/Desktop/AXI_DMA_LOOP/vitis/xaxidma_example_simple_intr_1/_ide/bitstream/design_1_wrapper_.bit
targets -set -nocase -filter {name =~"APU*"}
loadhw -hw C:/Users/SUXP/Desktop/AXI_DMA_LOOP/vitis/design_1_wrapper/export/design_1_wrapper/hw/design_1_wrapper_.xsa -mem-ranges [list {0x40000000 0xbfffffff}] -regs
configparams force-mem-access 1
targets -set -nocase -filter {name =~"APU*"}
source C:/Users/SUXP/Desktop/AXI_DMA_LOOP/vitis/xaxidma_example_simple_intr_1/_ide/psinit/ps7_init.tcl
ps7_init
ps7_post_config
targets -set -nocase -filter {name =~ "*A9*#0"}
dow C:/Users/SUXP/Desktop/AXI_DMA_LOOP/vitis/xaxidma_example_simple_intr_1/Debug/xaxidma_example_simple_intr_1.elf
configparams force-mem-access 0
----------------End of Script----------------

10:44:15 INFO  : Context for processor 'ps7_cortexa9_0' is selected.
10:44:15 INFO  : 'con' command is executed.
10:44:15 INFO  : ----------------XSDB Script (After Launch)----------------
targets -set -nocase -filter {name =~ "*A9*#0"}
con
----------------End of Script----------------

10:44:15 INFO  : Launch script is exported to file 'C:\Users\SUXP\Desktop\AXI_DMA_LOOP\vitis\xaxidma_example_simple_intr_1_system\_ide\scripts\systemdebugger_xaxidma_example_simple_intr_1_system_standalone.tcl'
10:46:40 INFO  : Disconnected from the channel tcfchan#20.
10:46:40 INFO  : Connected to target on host '127.0.0.1' and port '3121'.
10:46:41 INFO  : Jtag cable 'Digilent JTAG-SMT2 210251A08870' is selected.
10:46:41 INFO  : 'jtag frequency' command is executed.
10:46:41 INFO  : Context for 'APU' is selected.
10:46:41 INFO  : System reset is completed.
10:46:44 INFO  : 'after 3000' command is executed.
10:46:44 INFO  : 'targets -set -filter {jtag_cable_name =~ "Digilent JTAG-SMT2 210251A08870" && level==0 && jtag_device_ctx=="jsn-JTAG-SMT2-210251A08870-13722093-0"}' command is executed.
10:46:45 INFO  : Device configured successfully with "C:/Users/SUXP/Desktop/AXI_DMA_LOOP/vitis/xaxidma_example_simple_intr_1/_ide/bitstream/design_1_wrapper_.bit"
10:46:45 INFO  : Context for 'APU' is selected.
10:46:45 INFO  : Hardware design and registers information is loaded from 'C:/Users/SUXP/Desktop/AXI_DMA_LOOP/vitis/design_1_wrapper/export/design_1_wrapper/hw/design_1_wrapper_.xsa'.
10:46:45 INFO  : 'configparams force-mem-access 1' command is executed.
10:46:45 INFO  : Context for 'APU' is selected.
10:46:45 INFO  : Sourcing of 'C:/Users/SUXP/Desktop/AXI_DMA_LOOP/vitis/xaxidma_example_simple_intr_1/_ide/psinit/ps7_init.tcl' is done.
10:46:45 INFO  : 'ps7_init' command is executed.
10:46:45 INFO  : 'ps7_post_config' command is executed.
10:46:45 INFO  : Context for processor 'ps7_cortexa9_0' is selected.
10:46:45 INFO  : The application 'C:/Users/SUXP/Desktop/AXI_DMA_LOOP/vitis/xaxidma_example_simple_intr_1/Debug/xaxidma_example_simple_intr_1.elf' is downloaded to processor 'ps7_cortexa9_0'.
10:46:45 INFO  : 'configparams force-mem-access 0' command is executed.
10:46:45 INFO  : ----------------XSDB Script----------------
connect -url tcp:127.0.0.1:3121
targets -set -nocase -filter {name =~"APU*"}
rst -system
after 3000
targets -set -filter {jtag_cable_name =~ "Digilent JTAG-SMT2 210251A08870" && level==0 && jtag_device_ctx=="jsn-JTAG-SMT2-210251A08870-13722093-0"}
fpga -file C:/Users/SUXP/Desktop/AXI_DMA_LOOP/vitis/xaxidma_example_simple_intr_1/_ide/bitstream/design_1_wrapper_.bit
targets -set -nocase -filter {name =~"APU*"}
loadhw -hw C:/Users/SUXP/Desktop/AXI_DMA_LOOP/vitis/design_1_wrapper/export/design_1_wrapper/hw/design_1_wrapper_.xsa -mem-ranges [list {0x40000000 0xbfffffff}] -regs
configparams force-mem-access 1
targets -set -nocase -filter {name =~"APU*"}
source C:/Users/SUXP/Desktop/AXI_DMA_LOOP/vitis/xaxidma_example_simple_intr_1/_ide/psinit/ps7_init.tcl
ps7_init
ps7_post_config
targets -set -nocase -filter {name =~ "*A9*#0"}
dow C:/Users/SUXP/Desktop/AXI_DMA_LOOP/vitis/xaxidma_example_simple_intr_1/Debug/xaxidma_example_simple_intr_1.elf
configparams force-mem-access 0
----------------End of Script----------------

10:46:46 INFO  : Context for processor 'ps7_cortexa9_0' is selected.
10:46:46 INFO  : 'con' command is executed.
10:46:46 INFO  : ----------------XSDB Script (After Launch)----------------
targets -set -nocase -filter {name =~ "*A9*#0"}
con
----------------End of Script----------------

10:46:46 INFO  : Launch script is exported to file 'C:\Users\SUXP\Desktop\AXI_DMA_LOOP\vitis\xaxidma_example_simple_intr_1_system\_ide\scripts\systemdebugger_xaxidma_example_simple_intr_1_system_standalone.tcl'
10:47:19 INFO  : Disconnected from the channel tcfchan#21.
10:47:25 INFO  : Connected to target on host '127.0.0.1' and port '3121'.
10:47:26 INFO  : Jtag cable 'Digilent JTAG-SMT2 210251A08870' is selected.
10:47:26 INFO  : 'jtag frequency' command is executed.
10:47:26 INFO  : Context for 'APU' is selected.
10:47:26 INFO  : System reset is completed.
10:47:29 INFO  : 'after 3000' command is executed.
10:47:29 INFO  : 'targets -set -filter {jtag_cable_name =~ "Digilent JTAG-SMT2 210251A08870" && level==0 && jtag_device_ctx=="jsn-JTAG-SMT2-210251A08870-13722093-0"}' command is executed.
10:47:30 INFO  : Device configured successfully with "C:/Users/SUXP/Desktop/AXI_DMA_LOOP/vitis/xaxidma_example_simple_intr_1/_ide/bitstream/design_1_wrapper_.bit"
10:47:30 INFO  : Context for 'APU' is selected.
10:47:30 INFO  : Hardware design and registers information is loaded from 'C:/Users/SUXP/Desktop/AXI_DMA_LOOP/vitis/design_1_wrapper/export/design_1_wrapper/hw/design_1_wrapper_.xsa'.
10:47:30 INFO  : 'configparams force-mem-access 1' command is executed.
10:47:30 INFO  : Context for 'APU' is selected.
10:47:30 INFO  : Sourcing of 'C:/Users/SUXP/Desktop/AXI_DMA_LOOP/vitis/xaxidma_example_simple_intr_1/_ide/psinit/ps7_init.tcl' is done.
10:47:30 INFO  : 'ps7_init' command is executed.
10:47:30 INFO  : 'ps7_post_config' command is executed.
10:47:30 INFO  : Context for processor 'ps7_cortexa9_0' is selected.
10:47:30 INFO  : The application 'C:/Users/SUXP/Desktop/AXI_DMA_LOOP/vitis/xaxidma_example_simple_intr_1/Debug/xaxidma_example_simple_intr_1.elf' is downloaded to processor 'ps7_cortexa9_0'.
10:47:30 INFO  : 'configparams force-mem-access 0' command is executed.
10:47:30 INFO  : ----------------XSDB Script----------------
connect -url tcp:127.0.0.1:3121
targets -set -nocase -filter {name =~"APU*"}
rst -system
after 3000
targets -set -filter {jtag_cable_name =~ "Digilent JTAG-SMT2 210251A08870" && level==0 && jtag_device_ctx=="jsn-JTAG-SMT2-210251A08870-13722093-0"}
fpga -file C:/Users/SUXP/Desktop/AXI_DMA_LOOP/vitis/xaxidma_example_simple_intr_1/_ide/bitstream/design_1_wrapper_.bit
targets -set -nocase -filter {name =~"APU*"}
loadhw -hw C:/Users/SUXP/Desktop/AXI_DMA_LOOP/vitis/design_1_wrapper/export/design_1_wrapper/hw/design_1_wrapper_.xsa -mem-ranges [list {0x40000000 0xbfffffff}] -regs
configparams force-mem-access 1
targets -set -nocase -filter {name =~"APU*"}
source C:/Users/SUXP/Desktop/AXI_DMA_LOOP/vitis/xaxidma_example_simple_intr_1/_ide/psinit/ps7_init.tcl
ps7_init
ps7_post_config
targets -set -nocase -filter {name =~ "*A9*#0"}
dow C:/Users/SUXP/Desktop/AXI_DMA_LOOP/vitis/xaxidma_example_simple_intr_1/Debug/xaxidma_example_simple_intr_1.elf
configparams force-mem-access 0
----------------End of Script----------------

10:47:31 INFO  : Context for processor 'ps7_cortexa9_0' is selected.
10:47:31 INFO  : 'con' command is executed.
10:47:31 INFO  : ----------------XSDB Script (After Launch)----------------
targets -set -nocase -filter {name =~ "*A9*#0"}
con
----------------End of Script----------------

10:47:31 INFO  : Launch script is exported to file 'C:\Users\SUXP\Desktop\AXI_DMA_LOOP\vitis\xaxidma_example_simple_intr_1_system\_ide\scripts\systemdebugger_xaxidma_example_simple_intr_1_system_standalone.tcl'
10:48:54 INFO  : Checking for BSP changes to sync application flags for project 'AXI_DMA'...
10:48:55 INFO  : The hardware specification used by project 'AXI_DMA' is out of sync with the platform. Resource files extracted from the hardware specification will be updated.
10:48:55 INFO  : The file 'C:\Users\SUXP\Desktop\AXI_DMA_LOOP\vitis\AXI_DMA\_ide\bitstream\design_1_wrapper.bit' stored in project is removed.
10:48:55 INFO  : The updated bitstream files are copied from platform to folder 'C:\Users\SUXP\Desktop\AXI_DMA_LOOP\vitis\AXI_DMA\_ide\bitstream' in project 'AXI_DMA'.
10:48:55 INFO  : The file 'C:\Users\SUXP\Desktop\AXI_DMA_LOOP\vitis\AXI_DMA\_ide\psinit\ps7_init.tcl' stored in project is removed.
10:48:58 INFO  : The updated ps init files are copied from platform to folder 'C:\Users\SUXP\Desktop\AXI_DMA_LOOP\vitis\AXI_DMA\_ide\psinit' in project 'AXI_DMA'.
10:49:32 INFO  : Disconnected from the channel tcfchan#22.
21:48:23 INFO  : Launching XSCT server: xsct.bat -n  -interactive C:\Users\SUXP\Desktop\AXI_DMA_LOOP\vitis\temp_xsdb_launch_script.tcl
21:48:27 INFO  : XSCT server has started successfully.
21:48:27 INFO  : plnx-install-location is set to ''
21:48:27 INFO  : Successfully done setting XSCT server connection channel  
21:48:27 INFO  : Successfully done setting workspace for the tool. 
21:48:28 INFO  : Platform repository initialization has completed.
21:48:28 INFO  : Registering command handlers for Vitis TCF services
21:48:28 INFO  : Successfully done query RDI_DATADIR 
10:33:40 INFO  : Launching XSCT server: xsct.bat -n  -interactive C:\Users\SUXP\Desktop\AXI_DMA_LOOP\vitis\temp_xsdb_launch_script.tcl
10:33:44 INFO  : Registering command handlers for Vitis TCF services
10:33:44 INFO  : Platform repository initialization has completed.
10:33:46 INFO  : XSCT server has started successfully.
10:33:46 INFO  : Successfully done setting XSCT server connection channel  
10:33:46 INFO  : plnx-install-location is set to ''
10:33:46 INFO  : Successfully done setting workspace for the tool. 
10:33:46 INFO  : Successfully done query RDI_DATADIR 
10:35:55 INFO  : Launching XSCT server: xsct.bat -n  -interactive C:\Users\SUXP\Desktop\AXI_DMA_LOOP\vitis\temp_xsdb_launch_script.tcl
10:35:57 INFO  : XSCT server has started successfully.
10:35:57 INFO  : plnx-install-location is set to ''
10:35:57 INFO  : Successfully done setting XSCT server connection channel  
10:35:57 INFO  : Successfully done setting workspace for the tool. 
10:35:58 INFO  : Platform repository initialization has completed.
10:35:59 INFO  : Registering command handlers for Vitis TCF services
10:35:59 INFO  : Successfully done query RDI_DATADIR 
13:19:55 INFO  : Launching XSCT server: xsct.bat -n  -interactive C:\Users\SUXP\Desktop\AXI_DMA_LOOP\vitis\temp_xsdb_launch_script.tcl
13:19:57 INFO  : Platform repository initialization has completed.
13:19:58 INFO  : Registering command handlers for Vitis TCF services
13:19:58 INFO  : XSCT server has started successfully.
13:19:58 INFO  : plnx-install-location is set to ''
13:19:58 INFO  : Successfully done setting XSCT server connection channel  
13:19:58 INFO  : Successfully done query RDI_DATADIR 
13:19:58 INFO  : Successfully done setting workspace for the tool. 
