12:10:09 INFO  : Registering command handlers for Vitis TCF services
12:10:09 INFO  : Launching XSCT server: xsct.bat -n  -interactive C:\Users\SUXP\Desktop\LCD\vitis\temp_xsdb_launch_script.tcl
12:10:09 INFO  : Platform repository initialization has completed.
12:10:11 INFO  : XSCT server has started successfully.
12:10:11 INFO  : plnx-install-location is set to ''
12:10:11 INFO  : Successfully done setting XSCT server connection channel  
12:10:11 INFO  : Successfully done query RDI_DATADIR 
12:10:11 INFO  : Successfully done setting workspace for the tool. 
12:11:07 INFO  : Result from executing command 'getProjects': design_1_wrapper
12:11:07 INFO  : Result from executing command 'getPlatforms': 
12:11:07 WARN  : An unexpected exception occurred in the module 'platform project logging'
12:11:08 INFO  : Platform 'design_1_wrapper' is added to custom repositories.
12:11:13 INFO  : Platform 'design_1_wrapper' is added to custom repositories.
12:12:55 INFO  : Result from executing command 'getProjects': design_1_wrapper
12:12:55 INFO  : Result from executing command 'getPlatforms': design_1_wrapper|C:/Users/SUXP/Desktop/LCD/vitis/design_1_wrapper/export/design_1_wrapper/design_1_wrapper.xpfm
12:22:39 INFO  : Checking for BSP changes to sync application flags for project 'LCD'...
12:23:11 INFO  : Connected to target on host '127.0.0.1' and port '3121'.
12:23:11 INFO  : Jtag cable 'Digilent JTAG-SMT2 210251A08870' is selected.
12:23:11 INFO  : 'jtag frequency' command is executed.
12:23:11 INFO  : Context for 'APU' is selected.
12:23:11 INFO  : System reset is completed.
12:23:14 INFO  : 'after 3000' command is executed.
12:23:15 INFO  : 'targets -set -filter {jtag_cable_name =~ "Digilent JTAG-SMT2 210251A08870" && level==0 && jtag_device_ctx=="jsn-JTAG-SMT2-210251A08870-13722093-0"}' command is executed.
12:23:16 INFO  : Device configured successfully with "C:/Users/SUXP/Desktop/LCD/vitis/LCD/_ide/bitstream/design_1_wrapper.bit"
12:23:16 INFO  : Context for 'APU' is selected.
12:23:16 INFO  : Hardware design and registers information is loaded from 'C:/Users/SUXP/Desktop/LCD/vitis/design_1_wrapper/export/design_1_wrapper/hw/design_1_wrapper.xsa'.
12:23:16 INFO  : 'configparams force-mem-access 1' command is executed.
12:23:16 INFO  : Context for 'APU' is selected.
12:23:16 INFO  : Sourcing of 'C:/Users/SUXP/Desktop/LCD/vitis/LCD/_ide/psinit/ps7_init.tcl' is done.
12:23:16 INFO  : 'ps7_init' command is executed.
12:23:16 INFO  : 'ps7_post_config' command is executed.
12:23:16 INFO  : Context for processor 'ps7_cortexa9_0' is selected.
12:23:16 INFO  : The application 'C:/Users/SUXP/Desktop/LCD/vitis/LCD/Debug/LCD.elf' is downloaded to processor 'ps7_cortexa9_0'.
12:23:16 INFO  : 'configparams force-mem-access 0' command is executed.
12:23:16 INFO  : ----------------XSDB Script----------------
connect -url tcp:127.0.0.1:3121
targets -set -nocase -filter {name =~"APU*"}
rst -system
after 3000
targets -set -filter {jtag_cable_name =~ "Digilent JTAG-SMT2 210251A08870" && level==0 && jtag_device_ctx=="jsn-JTAG-SMT2-210251A08870-13722093-0"}
fpga -file C:/Users/SUXP/Desktop/LCD/vitis/LCD/_ide/bitstream/design_1_wrapper.bit
targets -set -nocase -filter {name =~"APU*"}
loadhw -hw C:/Users/SUXP/Desktop/LCD/vitis/design_1_wrapper/export/design_1_wrapper/hw/design_1_wrapper.xsa -mem-ranges [list {0x40000000 0xbfffffff}] -regs
configparams force-mem-access 1
targets -set -nocase -filter {name =~"APU*"}
source C:/Users/SUXP/Desktop/LCD/vitis/LCD/_ide/psinit/ps7_init.tcl
ps7_init
ps7_post_config
targets -set -nocase -filter {name =~ "*A9*#0"}
dow C:/Users/SUXP/Desktop/LCD/vitis/LCD/Debug/LCD.elf
configparams force-mem-access 0
----------------End of Script----------------

12:23:16 INFO  : Context for processor 'ps7_cortexa9_0' is selected.
12:23:16 INFO  : 'con' command is executed.
12:23:16 INFO  : ----------------XSDB Script (After Launch)----------------
targets -set -nocase -filter {name =~ "*A9*#0"}
con
----------------End of Script----------------

12:23:16 INFO  : Launch script is exported to file 'C:\Users\SUXP\Desktop\LCD\vitis\LCD_system\_ide\scripts\systemdebugger_lcd_system_standalone.tcl'
12:59:45 INFO  : Disconnected from the channel tcfchan#3.
16:37:03 INFO  : Launching XSCT server: xsct.bat -n  -interactive C:\Users\SUXP\Desktop\LCD\vitis\temp_xsdb_launch_script.tcl
16:37:07 INFO  : Registering command handlers for Vitis TCF services
16:37:07 INFO  : Platform repository initialization has completed.
16:37:09 INFO  : XSCT server has started successfully.
16:37:10 INFO  : plnx-install-location is set to ''
16:37:10 INFO  : Successfully done setting XSCT server connection channel  
16:37:10 INFO  : Successfully done query RDI_DATADIR 
16:37:10 INFO  : Successfully done setting workspace for the tool. 
17:21:21 INFO  : Checking for BSP changes to sync application flags for project 'LCD'...
17:22:18 INFO  : Checking for BSP changes to sync application flags for project 'LCD'...
17:22:43 INFO  : Checking for BSP changes to sync application flags for project 'LCD'...
17:29:40 INFO  : Checking for BSP changes to sync application flags for project 'LCD'...
17:37:54 INFO  : Checking for BSP changes to sync application flags for project 'LCD'...
17:38:33 INFO  : Checking for BSP changes to sync application flags for project 'LCD'...
17:39:02 INFO  : Checking for BSP changes to sync application flags for project 'LCD'...
17:39:09 INFO  : Checking for BSP changes to sync application flags for project 'LCD'...
17:41:36 INFO  : Checking for BSP changes to sync application flags for project 'LCD'...
17:44:57 INFO  : Checking for BSP changes to sync application flags for project 'LCD'...
17:46:01 INFO  : Checking for BSP changes to sync application flags for project 'LCD'...
17:46:19 INFO  : Checking for BSP changes to sync application flags for project 'LCD'...
17:47:38 INFO  : Checking for BSP changes to sync application flags for project 'LCD'...
17:47:47 INFO  : Result from executing command 'removePlatformRepo': 
17:55:04 INFO  : Result from executing command 'getProjects': design_1_wrapper
17:55:04 INFO  : Result from executing command 'getPlatforms': 
17:55:04 INFO  : Checking for BSP changes to sync application flags for project 'LCD'...
17:56:07 INFO  : Checking for BSP changes to sync application flags for project 'LCD'...
17:56:46 INFO  : Checking for BSP changes to sync application flags for project 'LCD'...
17:57:00 INFO  : Result from executing command 'removePlatformRepo': 
17:57:17 INFO  : Result from executing command 'getProjects': design_1_wrapper
17:57:17 INFO  : Result from executing command 'getPlatforms': 
17:57:17 INFO  : Checking for BSP changes to sync application flags for project 'LCD'...
17:58:39 INFO  : Checking for BSP changes to sync application flags for project 'LCD'...
17:59:37 INFO  : Checking for BSP changes to sync application flags for project 'LCD'...
18:00:18 INFO  : Checking for BSP changes to sync application flags for project 'LCD'...
18:00:46 INFO  : Checking for BSP changes to sync application flags for project 'LCD'...
18:01:11 INFO  : Connected to target on host '127.0.0.1' and port '3121'.
18:01:30 INFO  : ----------------XSDB Script----------------
connect -url tcp:127.0.0.1:3121
----------------End of Script----------------

18:01:30 ERROR : Could not find ARM device on the board for connection 'Local'.
Check if the target is in:
1. Split JTAG - No operations are possible with ARM DAP.
2. Non JTAG bootmode - Bootrom may need time to enable DAP.
Please try again.


Troubleshooting hints:
1. Check whether board is connected to system properly.
2. In case of zynq board, check whether Digilent/Xilinx cable switch settings are correct.
3. If you are using Xilinx Platform Cable USB, ensure that status LED is green.
18:02:22 INFO  : Connected to target on host '127.0.0.1' and port '3121'.
18:02:22 INFO  : 'targets -set -filter {jtag_cable_name =~ "Digilent JTAG-SMT2 210251A08870" && level==0 && jtag_device_ctx=="jsn-JTAG-SMT2-210251A08870-13722093-0"}' command is executed.
18:02:23 INFO  : Device configured successfully with "C:/Users/SUXP/Desktop/LCD/vitis/LCD/_ide/bitstream/design_1_wrapper.bit"
18:02:31 INFO  : Connected to target on host '127.0.0.1' and port '3121'.
18:02:31 INFO  : Jtag cable 'Digilent JTAG-SMT2 210251A08870' is selected.
18:02:31 INFO  : 'jtag frequency' command is executed.
18:02:31 INFO  : Context for 'APU' is selected.
18:02:31 INFO  : System reset is completed.
18:02:34 INFO  : 'after 3000' command is executed.
18:02:34 INFO  : 'targets -set -filter {jtag_cable_name =~ "Digilent JTAG-SMT2 210251A08870" && level==0 && jtag_device_ctx=="jsn-JTAG-SMT2-210251A08870-13722093-0"}' command is executed.
18:02:35 INFO  : Device configured successfully with "C:/Users/SUXP/Desktop/LCD/vitis/LCD/_ide/bitstream/design_1_wrapper.bit"
18:02:35 INFO  : Context for 'APU' is selected.
18:02:35 INFO  : Hardware design and registers information is loaded from 'C:/Users/SUXP/Desktop/LCD/vitis/design_1_wrapper/export/design_1_wrapper/hw/design_1_wrapper.xsa'.
18:02:35 INFO  : 'configparams force-mem-access 1' command is executed.
18:02:35 INFO  : Context for 'APU' is selected.
18:02:35 INFO  : Sourcing of 'C:/Users/SUXP/Desktop/LCD/vitis/LCD/_ide/psinit/ps7_init.tcl' is done.
18:02:36 INFO  : 'ps7_init' command is executed.
18:02:36 INFO  : 'ps7_post_config' command is executed.
18:02:36 INFO  : Context for processor 'ps7_cortexa9_0' is selected.
18:02:36 INFO  : The application 'C:/Users/SUXP/Desktop/LCD/vitis/LCD/Debug/LCD.elf' is downloaded to processor 'ps7_cortexa9_0'.
18:02:36 INFO  : 'configparams force-mem-access 0' command is executed.
18:02:36 INFO  : ----------------XSDB Script----------------
connect -url tcp:127.0.0.1:3121
targets -set -nocase -filter {name =~"APU*"}
rst -system
after 3000
targets -set -filter {jtag_cable_name =~ "Digilent JTAG-SMT2 210251A08870" && level==0 && jtag_device_ctx=="jsn-JTAG-SMT2-210251A08870-13722093-0"}
fpga -file C:/Users/SUXP/Desktop/LCD/vitis/LCD/_ide/bitstream/design_1_wrapper.bit
targets -set -nocase -filter {name =~"APU*"}
loadhw -hw C:/Users/SUXP/Desktop/LCD/vitis/design_1_wrapper/export/design_1_wrapper/hw/design_1_wrapper.xsa -mem-ranges [list {0x40000000 0xbfffffff}] -regs
configparams force-mem-access 1
targets -set -nocase -filter {name =~"APU*"}
source C:/Users/SUXP/Desktop/LCD/vitis/LCD/_ide/psinit/ps7_init.tcl
ps7_init
ps7_post_config
targets -set -nocase -filter {name =~ "*A9*#0"}
dow C:/Users/SUXP/Desktop/LCD/vitis/LCD/Debug/LCD.elf
configparams force-mem-access 0
----------------End of Script----------------

18:02:36 INFO  : Context for processor 'ps7_cortexa9_0' is selected.
18:02:36 INFO  : 'con' command is executed.
18:02:36 INFO  : ----------------XSDB Script (After Launch)----------------
targets -set -nocase -filter {name =~ "*A9*#0"}
con
----------------End of Script----------------

18:02:36 INFO  : Launch script is exported to file 'C:\Users\SUXP\Desktop\LCD\vitis\LCD_system\_ide\scripts\systemdebugger_lcd_system_standalone.tcl'
18:02:57 INFO  : Disconnected from the channel tcfchan#7.
18:02:57 INFO  : Connected to target on host '127.0.0.1' and port '3121'.
18:02:58 INFO  : Jtag cable 'Digilent JTAG-SMT2 210251A08870' is selected.
18:02:58 INFO  : 'jtag frequency' command is executed.
18:02:58 INFO  : Context for 'APU' is selected.
18:02:58 INFO  : System reset is completed.
18:03:01 INFO  : 'after 3000' command is executed.
18:03:01 INFO  : 'targets -set -filter {jtag_cable_name =~ "Digilent JTAG-SMT2 210251A08870" && level==0 && jtag_device_ctx=="jsn-JTAG-SMT2-210251A08870-13722093-0"}' command is executed.
18:03:02 INFO  : Device configured successfully with "C:/Users/SUXP/Desktop/LCD/vitis/LCD/_ide/bitstream/design_1_wrapper.bit"
18:03:02 INFO  : Context for 'APU' is selected.
18:03:03 INFO  : Hardware design and registers information is loaded from 'C:/Users/SUXP/Desktop/LCD/vitis/design_1_wrapper/export/design_1_wrapper/hw/design_1_wrapper.xsa'.
18:03:03 INFO  : 'configparams force-mem-access 1' command is executed.
18:03:03 INFO  : Context for 'APU' is selected.
18:03:03 INFO  : Sourcing of 'C:/Users/SUXP/Desktop/LCD/vitis/LCD/_ide/psinit/ps7_init.tcl' is done.
18:03:03 INFO  : 'ps7_init' command is executed.
18:03:03 INFO  : 'ps7_post_config' command is executed.
18:03:03 INFO  : Context for processor 'ps7_cortexa9_0' is selected.
18:03:03 INFO  : The application 'C:/Users/SUXP/Desktop/LCD/vitis/LCD/Debug/LCD.elf' is downloaded to processor 'ps7_cortexa9_0'.
18:03:04 INFO  : 'configparams force-mem-access 0' command is executed.
18:03:04 INFO  : ----------------XSDB Script----------------
connect -url tcp:127.0.0.1:3121
targets -set -nocase -filter {name =~"APU*"}
rst -system
after 3000
targets -set -filter {jtag_cable_name =~ "Digilent JTAG-SMT2 210251A08870" && level==0 && jtag_device_ctx=="jsn-JTAG-SMT2-210251A08870-13722093-0"}
fpga -file C:/Users/SUXP/Desktop/LCD/vitis/LCD/_ide/bitstream/design_1_wrapper.bit
targets -set -nocase -filter {name =~"APU*"}
loadhw -hw C:/Users/SUXP/Desktop/LCD/vitis/design_1_wrapper/export/design_1_wrapper/hw/design_1_wrapper.xsa -mem-ranges [list {0x40000000 0xbfffffff}] -regs
configparams force-mem-access 1
targets -set -nocase -filter {name =~"APU*"}
source C:/Users/SUXP/Desktop/LCD/vitis/LCD/_ide/psinit/ps7_init.tcl
ps7_init
ps7_post_config
targets -set -nocase -filter {name =~ "*A9*#0"}
dow C:/Users/SUXP/Desktop/LCD/vitis/LCD/Debug/LCD.elf
configparams force-mem-access 0
----------------End of Script----------------

18:03:04 INFO  : Context for processor 'ps7_cortexa9_0' is selected.
18:03:04 INFO  : 'con' command is executed.
18:03:04 INFO  : ----------------XSDB Script (After Launch)----------------
targets -set -nocase -filter {name =~ "*A9*#0"}
con
----------------End of Script----------------

18:03:04 INFO  : Launch script is exported to file 'C:\Users\SUXP\Desktop\LCD\vitis\LCD_system\_ide\scripts\systemdebugger_lcd_system_standalone.tcl'
18:03:53 INFO  : Checking for BSP changes to sync application flags for project 'LCD'...
18:04:05 INFO  : Disconnected from the channel tcfchan#8.
18:04:05 INFO  : Connected to target on host '127.0.0.1' and port '3121'.
18:04:05 INFO  : Jtag cable 'Digilent JTAG-SMT2 210251A08870' is selected.
18:04:05 INFO  : 'jtag frequency' command is executed.
18:04:05 INFO  : Context for 'APU' is selected.
18:04:05 INFO  : System reset is completed.
18:04:08 INFO  : 'after 3000' command is executed.
18:04:08 INFO  : 'targets -set -filter {jtag_cable_name =~ "Digilent JTAG-SMT2 210251A08870" && level==0 && jtag_device_ctx=="jsn-JTAG-SMT2-210251A08870-13722093-0"}' command is executed.
18:04:10 INFO  : Device configured successfully with "C:/Users/SUXP/Desktop/LCD/vitis/LCD/_ide/bitstream/design_1_wrapper.bit"
18:04:10 INFO  : Context for 'APU' is selected.
18:04:10 INFO  : Hardware design and registers information is loaded from 'C:/Users/SUXP/Desktop/LCD/vitis/design_1_wrapper/export/design_1_wrapper/hw/design_1_wrapper.xsa'.
18:04:10 INFO  : 'configparams force-mem-access 1' command is executed.
18:04:10 INFO  : Context for 'APU' is selected.
18:04:10 INFO  : Sourcing of 'C:/Users/SUXP/Desktop/LCD/vitis/LCD/_ide/psinit/ps7_init.tcl' is done.
18:04:10 INFO  : 'ps7_init' command is executed.
18:04:10 INFO  : 'ps7_post_config' command is executed.
18:04:10 INFO  : Context for processor 'ps7_cortexa9_0' is selected.
18:04:10 INFO  : The application 'C:/Users/SUXP/Desktop/LCD/vitis/LCD/Debug/LCD.elf' is downloaded to processor 'ps7_cortexa9_0'.
18:04:10 INFO  : 'configparams force-mem-access 0' command is executed.
18:04:10 INFO  : ----------------XSDB Script----------------
connect -url tcp:127.0.0.1:3121
targets -set -nocase -filter {name =~"APU*"}
rst -system
after 3000
targets -set -filter {jtag_cable_name =~ "Digilent JTAG-SMT2 210251A08870" && level==0 && jtag_device_ctx=="jsn-JTAG-SMT2-210251A08870-13722093-0"}
fpga -file C:/Users/SUXP/Desktop/LCD/vitis/LCD/_ide/bitstream/design_1_wrapper.bit
targets -set -nocase -filter {name =~"APU*"}
loadhw -hw C:/Users/SUXP/Desktop/LCD/vitis/design_1_wrapper/export/design_1_wrapper/hw/design_1_wrapper.xsa -mem-ranges [list {0x40000000 0xbfffffff}] -regs
configparams force-mem-access 1
targets -set -nocase -filter {name =~"APU*"}
source C:/Users/SUXP/Desktop/LCD/vitis/LCD/_ide/psinit/ps7_init.tcl
ps7_init
ps7_post_config
targets -set -nocase -filter {name =~ "*A9*#0"}
dow C:/Users/SUXP/Desktop/LCD/vitis/LCD/Debug/LCD.elf
configparams force-mem-access 0
----------------End of Script----------------

18:04:10 INFO  : Context for processor 'ps7_cortexa9_0' is selected.
18:04:10 INFO  : 'con' command is executed.
18:04:10 INFO  : ----------------XSDB Script (After Launch)----------------
targets -set -nocase -filter {name =~ "*A9*#0"}
con
----------------End of Script----------------

18:04:10 INFO  : Launch script is exported to file 'C:\Users\SUXP\Desktop\LCD\vitis\LCD_system\_ide\scripts\systemdebugger_lcd_system_standalone.tcl'
18:07:33 INFO  : Checking for BSP changes to sync application flags for project 'LCD'...
18:07:44 INFO  : Disconnected from the channel tcfchan#10.
18:07:44 INFO  : Connected to target on host '127.0.0.1' and port '3121'.
18:07:44 INFO  : Jtag cable 'Digilent JTAG-SMT2 210251A08870' is selected.
18:07:44 INFO  : 'jtag frequency' command is executed.
18:07:44 INFO  : Context for 'APU' is selected.
18:07:44 INFO  : System reset is completed.
18:07:47 INFO  : 'after 3000' command is executed.
18:07:47 INFO  : 'targets -set -filter {jtag_cable_name =~ "Digilent JTAG-SMT2 210251A08870" && level==0 && jtag_device_ctx=="jsn-JTAG-SMT2-210251A08870-13722093-0"}' command is executed.
18:07:49 INFO  : Device configured successfully with "C:/Users/SUXP/Desktop/LCD/vitis/LCD/_ide/bitstream/design_1_wrapper.bit"
18:07:49 INFO  : Context for 'APU' is selected.
18:07:49 INFO  : Hardware design and registers information is loaded from 'C:/Users/SUXP/Desktop/LCD/vitis/design_1_wrapper/export/design_1_wrapper/hw/design_1_wrapper.xsa'.
18:07:49 INFO  : 'configparams force-mem-access 1' command is executed.
18:07:49 INFO  : Context for 'APU' is selected.
18:07:49 INFO  : Sourcing of 'C:/Users/SUXP/Desktop/LCD/vitis/LCD/_ide/psinit/ps7_init.tcl' is done.
18:07:49 INFO  : 'ps7_init' command is executed.
18:07:49 INFO  : 'ps7_post_config' command is executed.
18:07:49 INFO  : Context for processor 'ps7_cortexa9_0' is selected.
18:07:49 INFO  : The application 'C:/Users/SUXP/Desktop/LCD/vitis/LCD/Debug/LCD.elf' is downloaded to processor 'ps7_cortexa9_0'.
18:07:49 INFO  : 'configparams force-mem-access 0' command is executed.
18:07:49 INFO  : ----------------XSDB Script----------------
connect -url tcp:127.0.0.1:3121
targets -set -nocase -filter {name =~"APU*"}
rst -system
after 3000
targets -set -filter {jtag_cable_name =~ "Digilent JTAG-SMT2 210251A08870" && level==0 && jtag_device_ctx=="jsn-JTAG-SMT2-210251A08870-13722093-0"}
fpga -file C:/Users/SUXP/Desktop/LCD/vitis/LCD/_ide/bitstream/design_1_wrapper.bit
targets -set -nocase -filter {name =~"APU*"}
loadhw -hw C:/Users/SUXP/Desktop/LCD/vitis/design_1_wrapper/export/design_1_wrapper/hw/design_1_wrapper.xsa -mem-ranges [list {0x40000000 0xbfffffff}] -regs
configparams force-mem-access 1
targets -set -nocase -filter {name =~"APU*"}
source C:/Users/SUXP/Desktop/LCD/vitis/LCD/_ide/psinit/ps7_init.tcl
ps7_init
ps7_post_config
targets -set -nocase -filter {name =~ "*A9*#0"}
dow C:/Users/SUXP/Desktop/LCD/vitis/LCD/Debug/LCD.elf
configparams force-mem-access 0
----------------End of Script----------------

18:07:49 INFO  : Context for processor 'ps7_cortexa9_0' is selected.
18:07:49 INFO  : 'con' command is executed.
18:07:49 INFO  : ----------------XSDB Script (After Launch)----------------
targets -set -nocase -filter {name =~ "*A9*#0"}
con
----------------End of Script----------------

18:07:49 INFO  : Launch script is exported to file 'C:\Users\SUXP\Desktop\LCD\vitis\LCD_system\_ide\scripts\systemdebugger_lcd_system_standalone.tcl'
18:11:25 INFO  : Checking for BSP changes to sync application flags for project 'LCD'...
18:11:37 INFO  : Disconnected from the channel tcfchan#12.
18:11:37 INFO  : Connected to target on host '127.0.0.1' and port '3121'.
18:11:38 INFO  : Jtag cable 'Digilent JTAG-SMT2 210251A08870' is selected.
18:11:38 INFO  : 'jtag frequency' command is executed.
18:11:38 INFO  : Context for 'APU' is selected.
18:11:38 INFO  : System reset is completed.
18:11:41 INFO  : 'after 3000' command is executed.
18:11:41 INFO  : 'targets -set -filter {jtag_cable_name =~ "Digilent JTAG-SMT2 210251A08870" && level==0 && jtag_device_ctx=="jsn-JTAG-SMT2-210251A08870-13722093-0"}' command is executed.
18:11:42 INFO  : Device configured successfully with "C:/Users/SUXP/Desktop/LCD/vitis/LCD/_ide/bitstream/design_1_wrapper.bit"
18:11:42 INFO  : Context for 'APU' is selected.
18:11:42 INFO  : Hardware design and registers information is loaded from 'C:/Users/SUXP/Desktop/LCD/vitis/design_1_wrapper/export/design_1_wrapper/hw/design_1_wrapper.xsa'.
18:11:42 INFO  : 'configparams force-mem-access 1' command is executed.
18:11:42 INFO  : Context for 'APU' is selected.
18:11:42 INFO  : Sourcing of 'C:/Users/SUXP/Desktop/LCD/vitis/LCD/_ide/psinit/ps7_init.tcl' is done.
18:11:42 INFO  : 'ps7_init' command is executed.
18:11:42 INFO  : 'ps7_post_config' command is executed.
18:11:42 INFO  : Context for processor 'ps7_cortexa9_0' is selected.
18:11:42 INFO  : The application 'C:/Users/SUXP/Desktop/LCD/vitis/LCD/Debug/LCD.elf' is downloaded to processor 'ps7_cortexa9_0'.
18:11:42 INFO  : 'configparams force-mem-access 0' command is executed.
18:11:42 INFO  : ----------------XSDB Script----------------
connect -url tcp:127.0.0.1:3121
targets -set -nocase -filter {name =~"APU*"}
rst -system
after 3000
targets -set -filter {jtag_cable_name =~ "Digilent JTAG-SMT2 210251A08870" && level==0 && jtag_device_ctx=="jsn-JTAG-SMT2-210251A08870-13722093-0"}
fpga -file C:/Users/SUXP/Desktop/LCD/vitis/LCD/_ide/bitstream/design_1_wrapper.bit
targets -set -nocase -filter {name =~"APU*"}
loadhw -hw C:/Users/SUXP/Desktop/LCD/vitis/design_1_wrapper/export/design_1_wrapper/hw/design_1_wrapper.xsa -mem-ranges [list {0x40000000 0xbfffffff}] -regs
configparams force-mem-access 1
targets -set -nocase -filter {name =~"APU*"}
source C:/Users/SUXP/Desktop/LCD/vitis/LCD/_ide/psinit/ps7_init.tcl
ps7_init
ps7_post_config
targets -set -nocase -filter {name =~ "*A9*#0"}
dow C:/Users/SUXP/Desktop/LCD/vitis/LCD/Debug/LCD.elf
configparams force-mem-access 0
----------------End of Script----------------

18:11:43 INFO  : Context for processor 'ps7_cortexa9_0' is selected.
18:11:43 INFO  : 'con' command is executed.
18:11:43 INFO  : ----------------XSDB Script (After Launch)----------------
targets -set -nocase -filter {name =~ "*A9*#0"}
con
----------------End of Script----------------

18:11:43 INFO  : Launch script is exported to file 'C:\Users\SUXP\Desktop\LCD\vitis\LCD_system\_ide\scripts\systemdebugger_lcd_system_standalone.tcl'
18:12:50 INFO  : Disconnected from the channel tcfchan#14.
20:18:21 INFO  : Launching XSCT server: xsct.bat -n  -interactive C:\Users\SUXP\Desktop\LCD\vitis\temp_xsdb_launch_script.tcl
20:18:24 INFO  : Platform repository initialization has completed.
20:18:25 INFO  : XSCT server has started successfully.
20:18:25 INFO  : Registering command handlers for Vitis TCF services
20:18:25 INFO  : plnx-install-location is set to ''
20:18:25 INFO  : Successfully done setting XSCT server connection channel  
20:18:25 INFO  : Successfully done query RDI_DATADIR 
20:18:25 INFO  : Successfully done setting workspace for the tool. 
20:18:50 INFO  : Connected to target on host '127.0.0.1' and port '3121'.
20:18:51 INFO  : Jtag cable 'Digilent JTAG-SMT2 210251A08870' is selected.
20:18:51 INFO  : 'jtag frequency' command is executed.
20:18:51 INFO  : Context for 'APU' is selected.
20:18:51 INFO  : System reset is completed.
20:18:54 INFO  : 'after 3000' command is executed.
20:18:54 INFO  : 'targets -set -filter {jtag_cable_name =~ "Digilent JTAG-SMT2 210251A08870" && level==0 && jtag_device_ctx=="jsn-JTAG-SMT2-210251A08870-13722093-0"}' command is executed.
20:18:55 INFO  : Device configured successfully with "C:/Users/SUXP/Desktop/LCD/vitis/LCD/_ide/bitstream/design_1_wrapper.bit"
20:18:55 INFO  : Context for 'APU' is selected.
20:18:55 INFO  : Hardware design and registers information is loaded from 'C:/Users/SUXP/Desktop/LCD/vitis/design_1_wrapper/export/design_1_wrapper/hw/design_1_wrapper.xsa'.
20:18:55 INFO  : 'configparams force-mem-access 1' command is executed.
20:18:55 INFO  : Context for 'APU' is selected.
20:18:55 INFO  : Sourcing of 'C:/Users/SUXP/Desktop/LCD/vitis/LCD/_ide/psinit/ps7_init.tcl' is done.
20:18:56 INFO  : 'ps7_init' command is executed.
20:18:56 INFO  : 'ps7_post_config' command is executed.
20:18:56 INFO  : Context for processor 'ps7_cortexa9_0' is selected.
20:18:56 INFO  : The application 'C:/Users/SUXP/Desktop/LCD/vitis/LCD/Debug/LCD.elf' is downloaded to processor 'ps7_cortexa9_0'.
20:18:56 INFO  : 'configparams force-mem-access 0' command is executed.
20:18:56 INFO  : ----------------XSDB Script----------------
connect -url tcp:127.0.0.1:3121
targets -set -nocase -filter {name =~"APU*"}
rst -system
after 3000
targets -set -filter {jtag_cable_name =~ "Digilent JTAG-SMT2 210251A08870" && level==0 && jtag_device_ctx=="jsn-JTAG-SMT2-210251A08870-13722093-0"}
fpga -file C:/Users/SUXP/Desktop/LCD/vitis/LCD/_ide/bitstream/design_1_wrapper.bit
targets -set -nocase -filter {name =~"APU*"}
loadhw -hw C:/Users/SUXP/Desktop/LCD/vitis/design_1_wrapper/export/design_1_wrapper/hw/design_1_wrapper.xsa -mem-ranges [list {0x40000000 0xbfffffff}] -regs
configparams force-mem-access 1
targets -set -nocase -filter {name =~"APU*"}
source C:/Users/SUXP/Desktop/LCD/vitis/LCD/_ide/psinit/ps7_init.tcl
ps7_init
ps7_post_config
targets -set -nocase -filter {name =~ "*A9*#0"}
dow C:/Users/SUXP/Desktop/LCD/vitis/LCD/Debug/LCD.elf
configparams force-mem-access 0
----------------End of Script----------------

20:18:56 INFO  : Context for processor 'ps7_cortexa9_0' is selected.
20:18:56 INFO  : 'con' command is executed.
20:18:56 INFO  : ----------------XSDB Script (After Launch)----------------
targets -set -nocase -filter {name =~ "*A9*#0"}
con
----------------End of Script----------------

20:18:56 INFO  : Launch script is exported to file 'C:\Users\SUXP\Desktop\LCD\vitis\LCD_system\_ide\scripts\systemdebugger_lcd_system_standalone.tcl'
20:31:09 INFO  : Disconnected from the channel tcfchan#1.
16:37:36 INFO  : Launching XSCT server: xsct.bat -n  -interactive C:\Users\SUXP\Desktop\LCD\vitis\temp_xsdb_launch_script.tcl
16:37:39 INFO  : Platform repository initialization has completed.
16:37:39 INFO  : XSCT server has started successfully.
16:37:39 INFO  : plnx-install-location is set to ''
16:37:39 INFO  : Successfully done setting XSCT server connection channel  
16:37:40 INFO  : Registering command handlers for Vitis TCF services
16:37:40 INFO  : Successfully done setting workspace for the tool. 
16:37:40 INFO  : Successfully done query RDI_DATADIR 
16:39:18 INFO  : Connected to target on host '127.0.0.1' and port '3121'.
16:39:18 INFO  : Jtag cable 'Digilent JTAG-SMT2 210251A08870' is selected.
16:39:18 INFO  : 'jtag frequency' command is executed.
16:39:18 INFO  : Context for 'APU' is selected.
16:39:18 INFO  : System reset is completed.
16:39:21 INFO  : 'after 3000' command is executed.
16:39:21 INFO  : 'targets -set -filter {jtag_cable_name =~ "Digilent JTAG-SMT2 210251A08870" && level==0 && jtag_device_ctx=="jsn-JTAG-SMT2-210251A08870-13722093-0"}' command is executed.
16:39:22 INFO  : Device configured successfully with "C:/Users/SUXP/Desktop/LCD/vitis/LCD/_ide/bitstream/design_1_wrapper.bit"
16:39:23 INFO  : Context for 'APU' is selected.
16:39:23 INFO  : Hardware design and registers information is loaded from 'C:/Users/SUXP/Desktop/LCD/vitis/design_1_wrapper/export/design_1_wrapper/hw/design_1_wrapper.xsa'.
16:39:23 INFO  : 'configparams force-mem-access 1' command is executed.
16:39:23 INFO  : Context for 'APU' is selected.
16:39:23 INFO  : Sourcing of 'C:/Users/SUXP/Desktop/LCD/vitis/LCD/_ide/psinit/ps7_init.tcl' is done.
16:39:23 INFO  : 'ps7_init' command is executed.
16:39:23 INFO  : 'ps7_post_config' command is executed.
16:39:23 INFO  : Context for processor 'ps7_cortexa9_0' is selected.
16:39:23 INFO  : The application 'C:/Users/SUXP/Desktop/LCD/vitis/LCD/Debug/LCD.elf' is downloaded to processor 'ps7_cortexa9_0'.
16:39:23 INFO  : 'configparams force-mem-access 0' command is executed.
16:39:23 INFO  : ----------------XSDB Script----------------
connect -url tcp:127.0.0.1:3121
targets -set -nocase -filter {name =~"APU*"}
rst -system
after 3000
targets -set -filter {jtag_cable_name =~ "Digilent JTAG-SMT2 210251A08870" && level==0 && jtag_device_ctx=="jsn-JTAG-SMT2-210251A08870-13722093-0"}
fpga -file C:/Users/SUXP/Desktop/LCD/vitis/LCD/_ide/bitstream/design_1_wrapper.bit
targets -set -nocase -filter {name =~"APU*"}
loadhw -hw C:/Users/SUXP/Desktop/LCD/vitis/design_1_wrapper/export/design_1_wrapper/hw/design_1_wrapper.xsa -mem-ranges [list {0x40000000 0xbfffffff}] -regs
configparams force-mem-access 1
targets -set -nocase -filter {name =~"APU*"}
source C:/Users/SUXP/Desktop/LCD/vitis/LCD/_ide/psinit/ps7_init.tcl
ps7_init
ps7_post_config
targets -set -nocase -filter {name =~ "*A9*#0"}
dow C:/Users/SUXP/Desktop/LCD/vitis/LCD/Debug/LCD.elf
configparams force-mem-access 0
----------------End of Script----------------

16:39:23 INFO  : Context for processor 'ps7_cortexa9_0' is selected.
16:39:23 INFO  : 'con' command is executed.
16:39:23 INFO  : ----------------XSDB Script (After Launch)----------------
targets -set -nocase -filter {name =~ "*A9*#0"}
con
----------------End of Script----------------

16:39:23 INFO  : Launch script is exported to file 'C:\Users\SUXP\Desktop\LCD\vitis\LCD_system\_ide\scripts\systemdebugger_lcd_system_standalone.tcl'
16:41:22 INFO  : Result from executing command 'getProjects': design_1_wrapper
16:41:22 INFO  : Result from executing command 'getPlatforms': design_1_wrapper|C:/Users/SUXP/Desktop/LCD/vitis/design_1_wrapper/export/design_1_wrapper/design_1_wrapper.xpfm
16:41:22 INFO  : Checking for BSP changes to sync application flags for project 'LCD'...
16:41:37 INFO  : Checking for BSP changes to sync application flags for project 'LCD'...
16:41:49 INFO  : Disconnected from the channel tcfchan#1.
16:41:49 INFO  : Connected to target on host '127.0.0.1' and port '3121'.
16:41:49 INFO  : Jtag cable 'Digilent JTAG-SMT2 210251A08870' is selected.
16:41:49 INFO  : 'jtag frequency' command is executed.
16:41:49 INFO  : Context for 'APU' is selected.
16:41:49 INFO  : System reset is completed.
16:41:52 INFO  : 'after 3000' command is executed.
16:41:52 INFO  : 'targets -set -filter {jtag_cable_name =~ "Digilent JTAG-SMT2 210251A08870" && level==0 && jtag_device_ctx=="jsn-JTAG-SMT2-210251A08870-13722093-0"}' command is executed.
16:41:53 INFO  : Device configured successfully with "C:/Users/SUXP/Desktop/LCD/vitis/LCD/_ide/bitstream/design_1_wrapper.bit"
16:41:53 INFO  : Context for 'APU' is selected.
16:41:55 INFO  : Hardware design and registers information is loaded from 'C:/Users/SUXP/Desktop/LCD/vitis/design_1_wrapper/export/design_1_wrapper/hw/design_1_wrapper.xsa'.
16:41:55 INFO  : 'configparams force-mem-access 1' command is executed.
16:41:55 INFO  : Context for 'APU' is selected.
16:41:55 INFO  : Sourcing of 'C:/Users/SUXP/Desktop/LCD/vitis/LCD/_ide/psinit/ps7_init.tcl' is done.
16:41:55 INFO  : 'ps7_init' command is executed.
16:41:55 INFO  : 'ps7_post_config' command is executed.
16:41:55 INFO  : Context for processor 'ps7_cortexa9_0' is selected.
16:41:55 INFO  : The application 'C:/Users/SUXP/Desktop/LCD/vitis/LCD/Debug/LCD.elf' is downloaded to processor 'ps7_cortexa9_0'.
16:41:55 INFO  : 'configparams force-mem-access 0' command is executed.
16:41:55 INFO  : ----------------XSDB Script----------------
connect -url tcp:127.0.0.1:3121
targets -set -nocase -filter {name =~"APU*"}
rst -system
after 3000
targets -set -filter {jtag_cable_name =~ "Digilent JTAG-SMT2 210251A08870" && level==0 && jtag_device_ctx=="jsn-JTAG-SMT2-210251A08870-13722093-0"}
fpga -file C:/Users/SUXP/Desktop/LCD/vitis/LCD/_ide/bitstream/design_1_wrapper.bit
targets -set -nocase -filter {name =~"APU*"}
loadhw -hw C:/Users/SUXP/Desktop/LCD/vitis/design_1_wrapper/export/design_1_wrapper/hw/design_1_wrapper.xsa -mem-ranges [list {0x40000000 0xbfffffff}] -regs
configparams force-mem-access 1
targets -set -nocase -filter {name =~"APU*"}
source C:/Users/SUXP/Desktop/LCD/vitis/LCD/_ide/psinit/ps7_init.tcl
ps7_init
ps7_post_config
targets -set -nocase -filter {name =~ "*A9*#0"}
dow C:/Users/SUXP/Desktop/LCD/vitis/LCD/Debug/LCD.elf
configparams force-mem-access 0
----------------End of Script----------------

16:41:55 INFO  : Context for processor 'ps7_cortexa9_0' is selected.
16:41:55 INFO  : 'con' command is executed.
16:41:55 INFO  : ----------------XSDB Script (After Launch)----------------
targets -set -nocase -filter {name =~ "*A9*#0"}
con
----------------End of Script----------------

16:41:55 INFO  : Launch script is exported to file 'C:\Users\SUXP\Desktop\LCD\vitis\LCD_system\_ide\scripts\systemdebugger_lcd_system_standalone.tcl'
16:42:05 INFO  : Checking for BSP changes to sync application flags for project 'LCD'...
16:42:16 INFO  : Checking for BSP changes to sync application flags for project 'LCD'...
16:42:29 INFO  : Disconnected from the channel tcfchan#4.
16:42:29 INFO  : Connected to target on host '127.0.0.1' and port '3121'.
16:42:29 INFO  : Jtag cable 'Digilent JTAG-SMT2 210251A08870' is selected.
16:42:29 INFO  : 'jtag frequency' command is executed.
16:42:29 INFO  : Context for 'APU' is selected.
16:42:29 INFO  : System reset is completed.
16:42:32 INFO  : 'after 3000' command is executed.
16:42:32 INFO  : 'targets -set -filter {jtag_cable_name =~ "Digilent JTAG-SMT2 210251A08870" && level==0 && jtag_device_ctx=="jsn-JTAG-SMT2-210251A08870-13722093-0"}' command is executed.
16:42:33 INFO  : Device configured successfully with "C:/Users/SUXP/Desktop/LCD/vitis/LCD/_ide/bitstream/design_1_wrapper.bit"
16:42:34 INFO  : Context for 'APU' is selected.
16:42:34 INFO  : Hardware design and registers information is loaded from 'C:/Users/SUXP/Desktop/LCD/vitis/design_1_wrapper/export/design_1_wrapper/hw/design_1_wrapper.xsa'.
16:42:34 INFO  : 'configparams force-mem-access 1' command is executed.
16:42:34 INFO  : Context for 'APU' is selected.
16:42:34 INFO  : Sourcing of 'C:/Users/SUXP/Desktop/LCD/vitis/LCD/_ide/psinit/ps7_init.tcl' is done.
16:42:34 INFO  : 'ps7_init' command is executed.
16:42:34 INFO  : 'ps7_post_config' command is executed.
16:42:34 INFO  : Context for processor 'ps7_cortexa9_0' is selected.
16:42:34 INFO  : The application 'C:/Users/SUXP/Desktop/LCD/vitis/LCD/Debug/LCD.elf' is downloaded to processor 'ps7_cortexa9_0'.
16:42:34 INFO  : 'configparams force-mem-access 0' command is executed.
16:42:34 INFO  : ----------------XSDB Script----------------
connect -url tcp:127.0.0.1:3121
targets -set -nocase -filter {name =~"APU*"}
rst -system
after 3000
targets -set -filter {jtag_cable_name =~ "Digilent JTAG-SMT2 210251A08870" && level==0 && jtag_device_ctx=="jsn-JTAG-SMT2-210251A08870-13722093-0"}
fpga -file C:/Users/SUXP/Desktop/LCD/vitis/LCD/_ide/bitstream/design_1_wrapper.bit
targets -set -nocase -filter {name =~"APU*"}
loadhw -hw C:/Users/SUXP/Desktop/LCD/vitis/design_1_wrapper/export/design_1_wrapper/hw/design_1_wrapper.xsa -mem-ranges [list {0x40000000 0xbfffffff}] -regs
configparams force-mem-access 1
targets -set -nocase -filter {name =~"APU*"}
source C:/Users/SUXP/Desktop/LCD/vitis/LCD/_ide/psinit/ps7_init.tcl
ps7_init
ps7_post_config
targets -set -nocase -filter {name =~ "*A9*#0"}
dow C:/Users/SUXP/Desktop/LCD/vitis/LCD/Debug/LCD.elf
configparams force-mem-access 0
----------------End of Script----------------

16:42:34 INFO  : Context for processor 'ps7_cortexa9_0' is selected.
16:42:34 INFO  : 'con' command is executed.
16:42:34 INFO  : ----------------XSDB Script (After Launch)----------------
targets -set -nocase -filter {name =~ "*A9*#0"}
con
----------------End of Script----------------

16:42:34 INFO  : Launch script is exported to file 'C:\Users\SUXP\Desktop\LCD\vitis\LCD_system\_ide\scripts\systemdebugger_lcd_system_standalone.tcl'
16:51:09 INFO  : Checking for BSP changes to sync application flags for project 'LCD'...
16:51:26 INFO  : Disconnected from the channel tcfchan#7.
16:51:26 INFO  : Connected to target on host '127.0.0.1' and port '3121'.
16:51:26 INFO  : Jtag cable 'Digilent JTAG-SMT2 210251A08870' is selected.
16:51:26 INFO  : 'jtag frequency' command is executed.
16:51:26 INFO  : Context for 'APU' is selected.
16:51:26 INFO  : System reset is completed.
16:51:29 INFO  : 'after 3000' command is executed.
16:51:29 INFO  : 'targets -set -filter {jtag_cable_name =~ "Digilent JTAG-SMT2 210251A08870" && level==0 && jtag_device_ctx=="jsn-JTAG-SMT2-210251A08870-13722093-0"}' command is executed.
16:51:30 INFO  : Device configured successfully with "C:/Users/SUXP/Desktop/LCD/vitis/LCD/_ide/bitstream/design_1_wrapper.bit"
16:51:30 INFO  : Context for 'APU' is selected.
16:51:30 INFO  : Hardware design and registers information is loaded from 'C:/Users/SUXP/Desktop/LCD/vitis/design_1_wrapper/export/design_1_wrapper/hw/design_1_wrapper.xsa'.
16:51:30 INFO  : 'configparams force-mem-access 1' command is executed.
16:51:30 INFO  : Context for 'APU' is selected.
16:51:30 INFO  : Sourcing of 'C:/Users/SUXP/Desktop/LCD/vitis/LCD/_ide/psinit/ps7_init.tcl' is done.
16:51:31 INFO  : 'ps7_init' command is executed.
16:51:31 INFO  : 'ps7_post_config' command is executed.
16:51:31 INFO  : Context for processor 'ps7_cortexa9_0' is selected.
16:51:31 INFO  : The application 'C:/Users/SUXP/Desktop/LCD/vitis/LCD/Debug/LCD.elf' is downloaded to processor 'ps7_cortexa9_0'.
16:51:31 INFO  : 'configparams force-mem-access 0' command is executed.
16:51:31 INFO  : ----------------XSDB Script----------------
connect -url tcp:127.0.0.1:3121
targets -set -nocase -filter {name =~"APU*"}
rst -system
after 3000
targets -set -filter {jtag_cable_name =~ "Digilent JTAG-SMT2 210251A08870" && level==0 && jtag_device_ctx=="jsn-JTAG-SMT2-210251A08870-13722093-0"}
fpga -file C:/Users/SUXP/Desktop/LCD/vitis/LCD/_ide/bitstream/design_1_wrapper.bit
targets -set -nocase -filter {name =~"APU*"}
loadhw -hw C:/Users/SUXP/Desktop/LCD/vitis/design_1_wrapper/export/design_1_wrapper/hw/design_1_wrapper.xsa -mem-ranges [list {0x40000000 0xbfffffff}] -regs
configparams force-mem-access 1
targets -set -nocase -filter {name =~"APU*"}
source C:/Users/SUXP/Desktop/LCD/vitis/LCD/_ide/psinit/ps7_init.tcl
ps7_init
ps7_post_config
targets -set -nocase -filter {name =~ "*A9*#0"}
dow C:/Users/SUXP/Desktop/LCD/vitis/LCD/Debug/LCD.elf
configparams force-mem-access 0
----------------End of Script----------------

16:51:31 INFO  : Context for processor 'ps7_cortexa9_0' is selected.
16:51:31 INFO  : 'con' command is executed.
16:51:31 INFO  : ----------------XSDB Script (After Launch)----------------
targets -set -nocase -filter {name =~ "*A9*#0"}
con
----------------End of Script----------------

16:51:31 INFO  : Launch script is exported to file 'C:\Users\SUXP\Desktop\LCD\vitis\LCD_system\_ide\scripts\systemdebugger_lcd_system_standalone.tcl'
16:52:15 INFO  : Checking for BSP changes to sync application flags for project 'LCD'...
16:52:27 INFO  : Disconnected from the channel tcfchan#9.
16:52:27 INFO  : Connected to target on host '127.0.0.1' and port '3121'.
16:52:27 INFO  : Jtag cable 'Digilent JTAG-SMT2 210251A08870' is selected.
16:52:27 INFO  : 'jtag frequency' command is executed.
16:52:27 INFO  : Context for 'APU' is selected.
16:52:27 INFO  : System reset is completed.
16:52:30 INFO  : 'after 3000' command is executed.
16:52:30 INFO  : 'targets -set -filter {jtag_cable_name =~ "Digilent JTAG-SMT2 210251A08870" && level==0 && jtag_device_ctx=="jsn-JTAG-SMT2-210251A08870-13722093-0"}' command is executed.
16:52:31 INFO  : Device configured successfully with "C:/Users/SUXP/Desktop/LCD/vitis/LCD/_ide/bitstream/design_1_wrapper.bit"
16:52:31 INFO  : Context for 'APU' is selected.
16:52:31 INFO  : Hardware design and registers information is loaded from 'C:/Users/SUXP/Desktop/LCD/vitis/design_1_wrapper/export/design_1_wrapper/hw/design_1_wrapper.xsa'.
16:52:31 INFO  : 'configparams force-mem-access 1' command is executed.
16:52:31 INFO  : Context for 'APU' is selected.
16:52:31 INFO  : Sourcing of 'C:/Users/SUXP/Desktop/LCD/vitis/LCD/_ide/psinit/ps7_init.tcl' is done.
16:52:32 INFO  : 'ps7_init' command is executed.
16:52:32 INFO  : 'ps7_post_config' command is executed.
16:52:32 INFO  : Context for processor 'ps7_cortexa9_0' is selected.
16:52:32 INFO  : The application 'C:/Users/SUXP/Desktop/LCD/vitis/LCD/Debug/LCD.elf' is downloaded to processor 'ps7_cortexa9_0'.
16:52:32 INFO  : 'configparams force-mem-access 0' command is executed.
16:52:32 INFO  : ----------------XSDB Script----------------
connect -url tcp:127.0.0.1:3121
targets -set -nocase -filter {name =~"APU*"}
rst -system
after 3000
targets -set -filter {jtag_cable_name =~ "Digilent JTAG-SMT2 210251A08870" && level==0 && jtag_device_ctx=="jsn-JTAG-SMT2-210251A08870-13722093-0"}
fpga -file C:/Users/SUXP/Desktop/LCD/vitis/LCD/_ide/bitstream/design_1_wrapper.bit
targets -set -nocase -filter {name =~"APU*"}
loadhw -hw C:/Users/SUXP/Desktop/LCD/vitis/design_1_wrapper/export/design_1_wrapper/hw/design_1_wrapper.xsa -mem-ranges [list {0x40000000 0xbfffffff}] -regs
configparams force-mem-access 1
targets -set -nocase -filter {name =~"APU*"}
source C:/Users/SUXP/Desktop/LCD/vitis/LCD/_ide/psinit/ps7_init.tcl
ps7_init
ps7_post_config
targets -set -nocase -filter {name =~ "*A9*#0"}
dow C:/Users/SUXP/Desktop/LCD/vitis/LCD/Debug/LCD.elf
configparams force-mem-access 0
----------------End of Script----------------

16:52:32 INFO  : Context for processor 'ps7_cortexa9_0' is selected.
16:52:32 INFO  : 'con' command is executed.
16:52:32 INFO  : ----------------XSDB Script (After Launch)----------------
targets -set -nocase -filter {name =~ "*A9*#0"}
con
----------------End of Script----------------

16:52:32 INFO  : Launch script is exported to file 'C:\Users\SUXP\Desktop\LCD\vitis\LCD_system\_ide\scripts\systemdebugger_lcd_system_standalone.tcl'
16:53:27 INFO  : Checking for BSP changes to sync application flags for project 'LCD'...
17:06:06 INFO  : Disconnected from the channel tcfchan#11.
