14:52:58 INFO  : Platform repository initialization has completed.
14:52:58 INFO  : Registering command handlers for Vitis TCF services
14:52:58 INFO  : Launching XSCT server: xsct.bat -n  -interactive C:\Users\SUXP\Desktop\GPIO_MIO_LED\GPIO_MIO_LED_vitis\temp_xsdb_launch_script.tcl
14:53:04 INFO  : XSCT server has started successfully.
14:53:05 INFO  : Successfully done setting XSCT server connection channel  
14:53:05 INFO  : plnx-install-location is set to ''
14:53:05 INFO  : Successfully done query RDI_DATADIR 
14:53:05 INFO  : Successfully done setting workspace for the tool. 
14:55:09 INFO  : Result from executing command 'getProjects': system_wrapper
14:55:09 INFO  : Result from executing command 'getPlatforms': 
14:55:09 WARN  : An unexpected exception occurred in the module 'platform project logging'
14:55:09 INFO  : Platform 'system_wrapper' is added to custom repositories.
14:55:18 INFO  : Platform 'system_wrapper' is added to custom repositories.
14:58:30 INFO  : Result from executing command 'getProjects': system_wrapper
14:58:30 INFO  : Result from executing command 'getPlatforms': system_wrapper|C:/Users/SUXP/Desktop/GPIO_MIO_LED/GPIO_MIO_LED_vitis/system_wrapper/export/system_wrapper/system_wrapper.xpfm
14:58:30 INFO  : Checking for BSP changes to sync application flags for project 'gpio-mio-led'...
14:58:59 INFO  : Result from executing command 'removePlatformRepo': 
14:59:36 INFO  : Result from executing command 'getProjects': system_wrapper
14:59:36 INFO  : Result from executing command 'getPlatforms': 
14:59:54 INFO  : Checking for BSP changes to sync application flags for project 'gpio-mio-led'...
15:01:29 INFO  : Connected to target on host '127.0.0.1' and port '3121'.
15:01:29 INFO  : Jtag cable 'Digilent JTAG-SMT2 210251A08870' is selected.
15:01:29 INFO  : 'jtag frequency' command is executed.
15:01:29 INFO  : Context for 'APU' is selected.
15:01:30 INFO  : System reset is completed.
15:01:33 INFO  : 'after 3000' command is executed.
15:01:33 INFO  : 'targets -set -filter {jtag_cable_name =~ "Digilent JTAG-SMT2 210251A08870" && level==0 && jtag_device_ctx=="jsn-JTAG-SMT2-210251A08870-13722093-0"}' command is executed.
15:01:34 INFO  : Device configured successfully with "C:/Users/SUXP/Desktop/GPIO_MIO_LED/GPIO_MIO_LED_vitis/gpio-mio-led/_ide/bitstream/system_wrapper.bit"
15:01:34 INFO  : Context for 'APU' is selected.
15:01:34 INFO  : Hardware design and registers information is loaded from 'C:/Users/SUXP/Desktop/GPIO_MIO_LED/GPIO_MIO_LED_vitis/system_wrapper/export/system_wrapper/hw/system_wrapper.xsa'.
15:01:34 INFO  : 'configparams force-mem-access 1' command is executed.
15:01:34 INFO  : Context for 'APU' is selected.
15:01:34 INFO  : Sourcing of 'C:/Users/SUXP/Desktop/GPIO_MIO_LED/GPIO_MIO_LED_vitis/gpio-mio-led/_ide/psinit/ps7_init.tcl' is done.
15:01:34 INFO  : 'ps7_init' command is executed.
15:01:34 INFO  : 'ps7_post_config' command is executed.
15:01:34 INFO  : Context for processor 'ps7_cortexa9_0' is selected.
15:01:34 INFO  : The application 'C:/Users/SUXP/Desktop/GPIO_MIO_LED/GPIO_MIO_LED_vitis/gpio-mio-led/Debug/gpio-mio-led.elf' is downloaded to processor 'ps7_cortexa9_0'.
15:01:34 INFO  : 'configparams force-mem-access 0' command is executed.
15:01:34 INFO  : ----------------XSDB Script----------------
connect -url tcp:127.0.0.1:3121
targets -set -nocase -filter {name =~"APU*"}
rst -system
after 3000
targets -set -filter {jtag_cable_name =~ "Digilent JTAG-SMT2 210251A08870" && level==0 && jtag_device_ctx=="jsn-JTAG-SMT2-210251A08870-13722093-0"}
fpga -file C:/Users/SUXP/Desktop/GPIO_MIO_LED/GPIO_MIO_LED_vitis/gpio-mio-led/_ide/bitstream/system_wrapper.bit
targets -set -nocase -filter {name =~"APU*"}
loadhw -hw C:/Users/SUXP/Desktop/GPIO_MIO_LED/GPIO_MIO_LED_vitis/system_wrapper/export/system_wrapper/hw/system_wrapper.xsa -mem-ranges [list {0x40000000 0xbfffffff}] -regs
configparams force-mem-access 1
targets -set -nocase -filter {name =~"APU*"}
source C:/Users/SUXP/Desktop/GPIO_MIO_LED/GPIO_MIO_LED_vitis/gpio-mio-led/_ide/psinit/ps7_init.tcl
ps7_init
ps7_post_config
targets -set -nocase -filter {name =~ "*A9*#0"}
dow C:/Users/SUXP/Desktop/GPIO_MIO_LED/GPIO_MIO_LED_vitis/gpio-mio-led/Debug/gpio-mio-led.elf
configparams force-mem-access 0
----------------End of Script----------------

15:01:35 INFO  : Context for processor 'ps7_cortexa9_0' is selected.
15:01:35 INFO  : 'con' command is executed.
15:01:35 INFO  : ----------------XSDB Script (After Launch)----------------
targets -set -nocase -filter {name =~ "*A9*#0"}
con
----------------End of Script----------------

15:01:35 INFO  : Launch script is exported to file 'C:\Users\SUXP\Desktop\GPIO_MIO_LED\GPIO_MIO_LED_vitis\GPIO_MIO_LED\_ide\scripts\systemdebugger_gpio_mio_led_standalone.tcl'
15:02:41 INFO  : Checking for BSP changes to sync application flags for project 'gpio-mio-led'...
15:03:15 INFO  : Disconnected from the channel tcfchan#6.
15:03:15 INFO  : Connected to target on host '127.0.0.1' and port '3121'.
15:03:15 INFO  : Jtag cable 'Digilent JTAG-SMT2 210251A08870' is selected.
15:03:15 INFO  : 'jtag frequency' command is executed.
15:03:15 INFO  : Context for 'APU' is selected.
15:03:15 INFO  : System reset is completed.
15:03:18 INFO  : 'after 3000' command is executed.
15:03:18 INFO  : 'targets -set -filter {jtag_cable_name =~ "Digilent JTAG-SMT2 210251A08870" && level==0 && jtag_device_ctx=="jsn-JTAG-SMT2-210251A08870-13722093-0"}' command is executed.
15:03:19 INFO  : Device configured successfully with "C:/Users/SUXP/Desktop/GPIO_MIO_LED/GPIO_MIO_LED_vitis/gpio-mio-led/_ide/bitstream/system_wrapper.bit"
15:03:19 INFO  : Context for 'APU' is selected.
15:03:19 INFO  : Hardware design and registers information is loaded from 'C:/Users/SUXP/Desktop/GPIO_MIO_LED/GPIO_MIO_LED_vitis/system_wrapper/export/system_wrapper/hw/system_wrapper.xsa'.
15:03:19 INFO  : 'configparams force-mem-access 1' command is executed.
15:03:19 INFO  : Context for 'APU' is selected.
15:03:19 INFO  : Sourcing of 'C:/Users/SUXP/Desktop/GPIO_MIO_LED/GPIO_MIO_LED_vitis/gpio-mio-led/_ide/psinit/ps7_init.tcl' is done.
15:03:20 INFO  : 'ps7_init' command is executed.
15:03:20 INFO  : 'ps7_post_config' command is executed.
15:03:20 INFO  : Context for processor 'ps7_cortexa9_0' is selected.
15:03:20 INFO  : The application 'C:/Users/SUXP/Desktop/GPIO_MIO_LED/GPIO_MIO_LED_vitis/gpio-mio-led/Debug/gpio-mio-led.elf' is downloaded to processor 'ps7_cortexa9_0'.
15:03:20 INFO  : 'configparams force-mem-access 0' command is executed.
15:03:20 INFO  : ----------------XSDB Script----------------
connect -url tcp:127.0.0.1:3121
targets -set -nocase -filter {name =~"APU*"}
rst -system
after 3000
targets -set -filter {jtag_cable_name =~ "Digilent JTAG-SMT2 210251A08870" && level==0 && jtag_device_ctx=="jsn-JTAG-SMT2-210251A08870-13722093-0"}
fpga -file C:/Users/SUXP/Desktop/GPIO_MIO_LED/GPIO_MIO_LED_vitis/gpio-mio-led/_ide/bitstream/system_wrapper.bit
targets -set -nocase -filter {name =~"APU*"}
loadhw -hw C:/Users/SUXP/Desktop/GPIO_MIO_LED/GPIO_MIO_LED_vitis/system_wrapper/export/system_wrapper/hw/system_wrapper.xsa -mem-ranges [list {0x40000000 0xbfffffff}] -regs
configparams force-mem-access 1
targets -set -nocase -filter {name =~"APU*"}
source C:/Users/SUXP/Desktop/GPIO_MIO_LED/GPIO_MIO_LED_vitis/gpio-mio-led/_ide/psinit/ps7_init.tcl
ps7_init
ps7_post_config
targets -set -nocase -filter {name =~ "*A9*#0"}
dow C:/Users/SUXP/Desktop/GPIO_MIO_LED/GPIO_MIO_LED_vitis/gpio-mio-led/Debug/gpio-mio-led.elf
configparams force-mem-access 0
----------------End of Script----------------

15:03:20 INFO  : Context for processor 'ps7_cortexa9_0' is selected.
15:03:20 INFO  : 'con' command is executed.
15:03:20 INFO  : ----------------XSDB Script (After Launch)----------------
targets -set -nocase -filter {name =~ "*A9*#0"}
con
----------------End of Script----------------

15:03:20 INFO  : Launch script is exported to file 'C:\Users\SUXP\Desktop\GPIO_MIO_LED\GPIO_MIO_LED_vitis\GPIO_MIO_LED\_ide\scripts\systemdebugger_gpio_mio_led_standalone.tcl'
15:08:36 INFO  : Disconnected from the channel tcfchan#8.
09:50:17 INFO  : Launching XSCT server: xsct.bat -n  -interactive C:\Users\SUXP\Desktop\GPIO_MIO_LED\GPIO_MIO_LED_vitis\temp_xsdb_launch_script.tcl
09:50:21 INFO  : XSCT server has started successfully.
09:50:21 INFO  : Successfully done setting XSCT server connection channel  
09:50:21 INFO  : plnx-install-location is set to ''
09:50:21 INFO  : Successfully done setting workspace for the tool. 
09:50:21 INFO  : Platform repository initialization has completed.
09:50:22 INFO  : Successfully done query RDI_DATADIR 
09:50:22 INFO  : Registering command handlers for Vitis TCF services
11:10:15 INFO  : Result from executing command 'getProjects': system_wrapper
11:10:15 INFO  : Result from executing command 'getPlatforms': system_wrapper|C:/Users/SUXP/Desktop/GPIO_MIO_LED/GPIO_MIO_LED_vitis/system_wrapper/export/system_wrapper/system_wrapper.xpfm
11:10:16 INFO  : Checking for BSP changes to sync application flags for project 'gpio-mio-led'...
11:10:37 INFO  : Checking for BSP changes to sync application flags for project 'gpio-mio-led'...
11:13:54 INFO  : Result from executing command 'removePlatformRepo': 
11:14:16 INFO  : Result from executing command 'getProjects': system_wrapper
11:14:16 INFO  : Result from executing command 'getPlatforms': 
11:14:16 INFO  : Checking for BSP changes to sync application flags for project 'gpio-mio-led'...
