
*** Running vivado
    with args -log design_1_wrapper.vdi -applog -m64 -product Vivado -messageDb vivado.pb -mode batch -source design_1_wrapper.tcl -notrace



****** Vivado v2021.1 (64-bit)
  **** SW Build 3247384 on Thu Jun 10 19:36:33 MDT 2021
  **** IP Build 3246043 on Fri Jun 11 00:30:35 MDT 2021
    ** Copyright 1986-2021 Xilinx, Inc. All Rights Reserved.

source design_1_wrapper.tcl -notrace
INFO: [IP_Flow 19-234] Refreshing IP repositories
INFO: [IP_Flow 19-1700] Loaded user IP repository 'c:/Users/SUXP/Desktop/ov7725/analog_ov'.
INFO: [IP_Flow 19-1700] Loaded user IP repository 'c:/Users/SUXP/Desktop/ov7725/video_cap'.
INFO: [IP_Flow 19-2313] Loaded Vivado IP repository 'D:/Xilinx/Vivado/2021.1/data/ip'.
Command: link_design -top design_1_wrapper -part xc7z010clg400-1
Design is defaulting to srcset: sources_1
Design is defaulting to constrset: constrs_1
INFO: [Device 21-403] Loading part xc7z010clg400-1
INFO: [Project 1-454] Reading design checkpoint 'c:/Users/SUXP/Desktop/ov7725/vivado_debug_1/project_1/project_1.gen/sources_1/bd/design_1/ip/design_1_analog_ov_0_0/design_1_analog_ov_0_0.dcp' for cell 'design_1_i/analog_ov_0'
INFO: [Project 1-454] Reading design checkpoint 'c:/Users/SUXP/Desktop/ov7725/vivado_debug_1/project_1/project_1.gen/sources_1/bd/design_1/ip/design_1_ila_0_1/design_1_ila_0_1.dcp' for cell 'design_1_i/ila_0'
INFO: [Project 1-454] Reading design checkpoint 'c:/Users/SUXP/Desktop/ov7725/vivado_debug_1/project_1/project_1.gen/sources_1/bd/design_1/ip/design_1_ov7725_data_sample_0_0/design_1_ov7725_data_sample_0_0.dcp' for cell 'design_1_i/ov7725_data_sample_0'
INFO: [Project 1-454] Reading design checkpoint 'c:/Users/SUXP/Desktop/ov7725/vivado_debug_1/project_1/project_1.gen/sources_1/bd/design_1/ip/design_1_system_ila_3_0/design_1_system_ila_3_0.dcp' for cell 'design_1_i/system_ila_3'
INFO: [Project 1-454] Reading design checkpoint 'c:/Users/SUXP/Desktop/ov7725/vivado_debug_1/project_1/project_1.gen/sources_1/bd/design_1/ip/design_1_system_ila_4_0/design_1_system_ila_4_0.dcp' for cell 'design_1_i/system_ila_4'
Netlist sorting complete. Time (s): cpu = 00:00:00 ; elapsed = 00:00:00.072 . Memory (MB): peak = 1238.082 ; gain = 0.000
INFO: [Netlist 29-17] Analyzing 212 Unisim elements for replacement
INFO: [Netlist 29-28] Unisim Transformation completed in 0 CPU seconds
INFO: [Project 1-479] Netlist was created with Vivado 2021.1
INFO: [Project 1-570] Preparing netlist for logic optimization
INFO: [Chipscope 16-324] Core: design_1_i/ila_0 UUID: be177176-557e-59fe-ace2-fe04795a2b22 
INFO: [Chipscope 16-324] Core: design_1_i/system_ila_3/inst/ila_lib UUID: c5be0a0f-51c0-5110-97b8-023a094af77a 
INFO: [Chipscope 16-324] Core: design_1_i/system_ila_4/inst/ila_lib UUID: 3c252739-88bd-5fbb-89c0-ab8588a7537b 
Parsing XDC File [c:/Users/SUXP/Desktop/ov7725/vivado_debug_1/project_1/project_1.gen/sources_1/bd/design_1/ip/design_1_system_ila_3_0/bd_0/ip/ip_0/ila_v6_2/constraints/ila_impl.xdc] for cell 'design_1_i/system_ila_3/inst/ila_lib/inst'
Finished Parsing XDC File [c:/Users/SUXP/Desktop/ov7725/vivado_debug_1/project_1/project_1.gen/sources_1/bd/design_1/ip/design_1_system_ila_3_0/bd_0/ip/ip_0/ila_v6_2/constraints/ila_impl.xdc] for cell 'design_1_i/system_ila_3/inst/ila_lib/inst'
Parsing XDC File [c:/Users/SUXP/Desktop/ov7725/vivado_debug_1/project_1/project_1.gen/sources_1/bd/design_1/ip/design_1_system_ila_3_0/bd_0/ip/ip_0/ila_v6_2/constraints/ila.xdc] for cell 'design_1_i/system_ila_3/inst/ila_lib/inst'
Finished Parsing XDC File [c:/Users/SUXP/Desktop/ov7725/vivado_debug_1/project_1/project_1.gen/sources_1/bd/design_1/ip/design_1_system_ila_3_0/bd_0/ip/ip_0/ila_v6_2/constraints/ila.xdc] for cell 'design_1_i/system_ila_3/inst/ila_lib/inst'
Parsing XDC File [c:/Users/SUXP/Desktop/ov7725/vivado_debug_1/project_1/project_1.gen/sources_1/bd/design_1/ip/design_1_system_ila_4_0/bd_0/ip/ip_0/ila_v6_2/constraints/ila_impl.xdc] for cell 'design_1_i/system_ila_4/inst/ila_lib/inst'
Finished Parsing XDC File [c:/Users/SUXP/Desktop/ov7725/vivado_debug_1/project_1/project_1.gen/sources_1/bd/design_1/ip/design_1_system_ila_4_0/bd_0/ip/ip_0/ila_v6_2/constraints/ila_impl.xdc] for cell 'design_1_i/system_ila_4/inst/ila_lib/inst'
Parsing XDC File [c:/Users/SUXP/Desktop/ov7725/vivado_debug_1/project_1/project_1.gen/sources_1/bd/design_1/ip/design_1_system_ila_4_0/bd_0/ip/ip_0/ila_v6_2/constraints/ila.xdc] for cell 'design_1_i/system_ila_4/inst/ila_lib/inst'
Finished Parsing XDC File [c:/Users/SUXP/Desktop/ov7725/vivado_debug_1/project_1/project_1.gen/sources_1/bd/design_1/ip/design_1_system_ila_4_0/bd_0/ip/ip_0/ila_v6_2/constraints/ila.xdc] for cell 'design_1_i/system_ila_4/inst/ila_lib/inst'
Parsing XDC File [c:/Users/SUXP/Desktop/ov7725/vivado_debug_1/project_1/project_1.gen/sources_1/bd/design_1/ip/design_1_ila_0_1/ila_v6_2/constraints/ila_impl.xdc] for cell 'design_1_i/ila_0/inst'
Finished Parsing XDC File [c:/Users/SUXP/Desktop/ov7725/vivado_debug_1/project_1/project_1.gen/sources_1/bd/design_1/ip/design_1_ila_0_1/ila_v6_2/constraints/ila_impl.xdc] for cell 'design_1_i/ila_0/inst'
Parsing XDC File [c:/Users/SUXP/Desktop/ov7725/vivado_debug_1/project_1/project_1.gen/sources_1/bd/design_1/ip/design_1_ila_0_1/ila_v6_2/constraints/ila.xdc] for cell 'design_1_i/ila_0/inst'
Finished Parsing XDC File [c:/Users/SUXP/Desktop/ov7725/vivado_debug_1/project_1/project_1.gen/sources_1/bd/design_1/ip/design_1_ila_0_1/ila_v6_2/constraints/ila.xdc] for cell 'design_1_i/ila_0/inst'
Parsing XDC File [C:/Users/SUXP/Desktop/ov7725/vivado_debug_1/project_1/project_1.srcs/constrs_1/new/top.xdc]
WARNING: [Vivado 12-507] No nets matched 'clk_0_IBUF_BUFG'. [C:/Users/SUXP/Desktop/ov7725/vivado_debug_1/project_1/project_1.srcs/constrs_1/new/top.xdc:8]
CRITICAL WARNING: [Common 17-162] Invalid option value specified for '-nets'. [C:/Users/SUXP/Desktop/ov7725/vivado_debug_1/project_1/project_1.srcs/constrs_1/new/top.xdc:8]
Finished Parsing XDC File [C:/Users/SUXP/Desktop/ov7725/vivado_debug_1/project_1/project_1.srcs/constrs_1/new/top.xdc]
INFO: [Opt 31-138] Pushed 0 inverter(s) to 0 load pin(s).
Netlist sorting complete. Time (s): cpu = 00:00:00 ; elapsed = 00:00:00.003 . Memory (MB): peak = 1238.082 ; gain = 0.000
INFO: [Project 1-111] Unisim Transformation Summary:
  A total of 124 instances were transformed.
  CFGLUT5 => CFGLUT5 (SRL16E, SRLC32E): 124 instances

19 Infos, 1 Warnings, 1 Critical Warnings and 0 Errors encountered.
link_design completed successfully
link_design: Time (s): cpu = 00:00:07 ; elapsed = 00:00:08 . Memory (MB): peak = 1238.082 ; gain = 0.000
Command: opt_design
Attempting to get a license for feature 'Implementation' and/or device 'xc7z010'
INFO: [Common 17-349] Got license for feature 'Implementation' and/or device 'xc7z010'
Running DRC as a precondition to command opt_design

Starting DRC Task
INFO: [DRC 23-27] Running DRC with 2 threads
INFO: [Project 1-461] DRC finished with 0 Errors
INFO: [Project 1-462] Please refer to the DRC report (report_drc) for more information.

Time (s): cpu = 00:00:01 ; elapsed = 00:00:00.752 . Memory (MB): peak = 1238.082 ; gain = 0.000

Starting Cache Timing Information Task
INFO: [Timing 38-35] Done setting XDC timing constraints.
Ending Cache Timing Information Task | Checksum: a613fab5

Time (s): cpu = 00:00:06 ; elapsed = 00:00:06 . Memory (MB): peak = 1579.445 ; gain = 341.363

Starting Logic Optimization Task

Phase 1 Generate And Synthesize Debug Cores
INFO: [Chipscope 16-329] Generating Script for core instance : dbg_hub 
INFO: [IP_Flow 19-3806] Processing IP xilinx.com:ip:xsdbm:3.0 for cell dbg_hub_CV.
INFO: [Chipscope 16-469] Using cached IP synthesis design for IP xilinx.com:ip:xsdbm:3.0, cache-ID = dd093a126d3b7b4d.
CRITICAL WARNING: [Common 17-55] 'get_property' expects at least one object. [c:/Users/SUXP/Desktop/ov7725/vivado_debug_1/project_1/project_1.runs/impl_1/.Xil/Vivado-6544-LAPTOP-FQ7LLQV0/dbg_hub_CV.0/out/xsdbm_cc_late_late.xdc:10]
Resolution: If [get_<value>] was used to populate the object, check to make sure this command returns at least one valid object.
CRITICAL WARNING: [Common 17-1548] Command failed: can't read "wr_clk_period": no such variable
 [c:/Users/SUXP/Desktop/ov7725/vivado_debug_1/project_1/project_1.runs/impl_1/.Xil/Vivado-6544-LAPTOP-FQ7LLQV0/dbg_hub_CV.0/out/xsdbm_cc_late_late.xdc:12]
CRITICAL WARNING: [Common 17-1548] Command failed: can't read "skew_value": no such variable
 [c:/Users/SUXP/Desktop/ov7725/vivado_debug_1/project_1/project_1.runs/impl_1/.Xil/Vivado-6544-LAPTOP-FQ7LLQV0/dbg_hub_CV.0/out/xsdbm_cc_late_late.xdc:17]
CRITICAL WARNING: [Common 17-55] 'get_property' expects at least one object. [c:/Users/SUXP/Desktop/ov7725/vivado_debug_1/project_1/project_1.runs/impl_1/.Xil/Vivado-6544-LAPTOP-FQ7LLQV0/dbg_hub_CV.0/out/xsdbm_cc_late_late.xdc:19]
Resolution: If [get_<value>] was used to populate the object, check to make sure this command returns at least one valid object.
CRITICAL WARNING: [Common 17-1548] Command failed: can't read "skew_value": no such variable
 [c:/Users/SUXP/Desktop/ov7725/vivado_debug_1/project_1/project_1.runs/impl_1/.Xil/Vivado-6544-LAPTOP-FQ7LLQV0/dbg_hub_CV.0/out/xsdbm_cc_late_late.xdc:20]
CRITICAL WARNING: [Common 17-55] 'get_property' expects at least one object. [c:/Users/SUXP/Desktop/ov7725/vivado_debug_1/project_1/project_1.runs/impl_1/.Xil/Vivado-6544-LAPTOP-FQ7LLQV0/dbg_hub_CV.0/out/xsdbm_cc_late_late.xdc:24]
Resolution: If [get_<value>] was used to populate the object, check to make sure this command returns at least one valid object.
CRITICAL WARNING: [Common 17-1548] Command failed: can't read "rd_clk_period_2": no such variable
 [c:/Users/SUXP/Desktop/ov7725/vivado_debug_1/project_1/project_1.runs/impl_1/.Xil/Vivado-6544-LAPTOP-FQ7LLQV0/dbg_hub_CV.0/out/xsdbm_cc_late_late.xdc:25]
CRITICAL WARNING: [Common 17-55] 'get_property' expects at least one object. [c:/Users/SUXP/Desktop/ov7725/vivado_debug_1/project_1/project_1.runs/impl_1/.Xil/Vivado-6544-LAPTOP-FQ7LLQV0/dbg_hub_CV.0/out/xsdbm_cc_late_late.xdc:32]
Resolution: If [get_<value>] was used to populate the object, check to make sure this command returns at least one valid object.
CRITICAL WARNING: [Common 17-1548] Command failed: can't read "skew_value_2": no such variable
 [c:/Users/SUXP/Desktop/ov7725/vivado_debug_1/project_1/project_1.runs/impl_1/.Xil/Vivado-6544-LAPTOP-FQ7LLQV0/dbg_hub_CV.0/out/xsdbm_cc_late_late.xdc:33]
CRITICAL WARNING: [Common 17-1548] Command failed: can't read "skew_value_2": no such variable
 [c:/Users/SUXP/Desktop/ov7725/vivado_debug_1/project_1/project_1.runs/impl_1/.Xil/Vivado-6544-LAPTOP-FQ7LLQV0/dbg_hub_CV.0/out/xsdbm_cc_late_late.xdc:36]
Netlist sorting complete. Time (s): cpu = 00:00:00 ; elapsed = 00:00:00.028 . Memory (MB): peak = 1843.758 ; gain = 0.000
Phase 1 Generate And Synthesize Debug Cores | Checksum: d2be5ba9

Time (s): cpu = 00:00:01 ; elapsed = 00:00:12 . Memory (MB): peak = 1843.758 ; gain = 44.648

Phase 2 Retarget
INFO: [Opt 31-138] Pushed 0 inverter(s) to 0 load pin(s).
INFO: [Opt 31-49] Retargeted 0 cell(s).
Phase 2 Retarget | Checksum: 144a1723e

Time (s): cpu = 00:00:01 ; elapsed = 00:00:13 . Memory (MB): peak = 1843.758 ; gain = 44.648
INFO: [Opt 31-389] Phase Retarget created 15 cells and removed 26 cells
INFO: [Opt 31-1021] In phase Retarget, 103 netlist objects are constrained preventing optimization. Please run opt_design with -debug_log to get more detail. 

Phase 3 Constant propagation
INFO: [Opt 31-138] Pushed 0 inverter(s) to 0 load pin(s).
Phase 3 Constant propagation | Checksum: 1ab13dd7d

Time (s): cpu = 00:00:02 ; elapsed = 00:00:13 . Memory (MB): peak = 1843.758 ; gain = 44.648
INFO: [Opt 31-389] Phase Constant propagation created 0 cells and removed 48 cells
INFO: [Opt 31-1021] In phase Constant propagation, 55 netlist objects are constrained preventing optimization. Please run opt_design with -debug_log to get more detail. 

Phase 4 Sweep
Phase 4 Sweep | Checksum: 19b6e8895

Time (s): cpu = 00:00:02 ; elapsed = 00:00:13 . Memory (MB): peak = 1843.758 ; gain = 44.648
INFO: [Opt 31-389] Phase Sweep created 0 cells and removed 174 cells
INFO: [Opt 31-1021] In phase Sweep, 1642 netlist objects are constrained preventing optimization. Please run opt_design with -debug_log to get more detail. 

Phase 5 BUFG optimization
INFO: [Opt 31-194] Inserted BUFG clk_0_IBUF_BUFG_inst to drive 4036 load(s) on clock net clk_0_IBUF_BUFG
INFO: [Opt 31-194] Inserted BUFG design_1_i/analog_ov_0/inst/pclk_reg_0_BUFG_inst to drive 68 load(s) on clock net design_1_i/analog_ov_0/inst/pclk_reg_0_BUFG
INFO: [Opt 31-193] Inserted 2 BUFG(s) on clock nets
Phase 5 BUFG optimization | Checksum: fd0a52a8

Time (s): cpu = 00:00:02 ; elapsed = 00:00:13 . Memory (MB): peak = 1843.758 ; gain = 44.648
INFO: [Opt 31-662] Phase BUFG optimization created 2 cells of which 2 are BUFGs and removed 0 cells.

Phase 6 Shift Register Optimization
INFO: [Opt 31-1064] SRL Remap converted 0 SRLs to 0 registers and converted 0 registers of register chains to 0 SRLs
Phase 6 Shift Register Optimization | Checksum: fd0a52a8

Time (s): cpu = 00:00:02 ; elapsed = 00:00:13 . Memory (MB): peak = 1843.758 ; gain = 44.648
INFO: [Opt 31-389] Phase Shift Register Optimization created 0 cells and removed 0 cells

Phase 7 Post Processing Netlist
Phase 7 Post Processing Netlist | Checksum: fd0a52a8

Time (s): cpu = 00:00:02 ; elapsed = 00:00:13 . Memory (MB): peak = 1843.758 ; gain = 44.648
INFO: [Opt 31-389] Phase Post Processing Netlist created 0 cells and removed 0 cells
INFO: [Opt 31-1021] In phase Post Processing Netlist, 63 netlist objects are constrained preventing optimization. Please run opt_design with -debug_log to get more detail. 
Opt_design Change Summary
=========================


-------------------------------------------------------------------------------------------------------------------------
|  Phase                        |  #Cells created  |  #Cells Removed  |  #Constrained objects preventing optimizations  |
-------------------------------------------------------------------------------------------------------------------------
|  Retarget                     |              15  |              26  |                                            103  |
|  Constant propagation         |               0  |              48  |                                             55  |
|  Sweep                        |               0  |             174  |                                           1642  |
|  BUFG optimization            |               2  |               0  |                                              0  |
|  Shift Register Optimization  |               0  |               0  |                                              0  |
|  Post Processing Netlist      |               0  |               0  |                                             63  |
-------------------------------------------------------------------------------------------------------------------------



Starting Connectivity Check Task

Time (s): cpu = 00:00:00 ; elapsed = 00:00:00.010 . Memory (MB): peak = 1843.758 ; gain = 0.000
Ending Logic Optimization Task | Checksum: c713987e

Time (s): cpu = 00:00:02 ; elapsed = 00:00:13 . Memory (MB): peak = 1843.758 ; gain = 44.648

Starting Power Optimization Task
INFO: [Pwropt 34-132] Skipping clock gating for clocks with a period < 2.00 ns.
INFO: [Pwropt 34-9] Applying IDT optimizations ...
INFO: [Pwropt 34-10] Applying ODC optimizations ...
INFO: [Timing 38-35] Done setting XDC timing constraints.
Running Vector-less Activity Propagation...

Finished Running Vector-less Activity Propagation


Starting PowerOpt Patch Enables Task
INFO: [Pwropt 34-162] WRITE_MODE attribute of 0 BRAM(s) out of a total of 4 has been updated to save power. Run report_power_opt to get a complete listing of the BRAMs updated.
INFO: [Pwropt 34-201] Structural ODC has moved 0 WE to EN ports
Number of BRAM Ports augmented: 4 newly gated: 0 Total Ports: 8
Ending PowerOpt Patch Enables Task | Checksum: 129ebbba3

Time (s): cpu = 00:00:00 ; elapsed = 00:00:00.044 . Memory (MB): peak = 1941.762 ; gain = 0.000
Ending Power Optimization Task | Checksum: 129ebbba3

Time (s): cpu = 00:00:03 ; elapsed = 00:00:02 . Memory (MB): peak = 1941.762 ; gain = 98.004

Starting Final Cleanup Task
Ending Final Cleanup Task | Checksum: 129ebbba3

Time (s): cpu = 00:00:00 ; elapsed = 00:00:00 . Memory (MB): peak = 1941.762 ; gain = 0.000

Starting Netlist Obfuscation Task
Netlist sorting complete. Time (s): cpu = 00:00:00 ; elapsed = 00:00:00.005 . Memory (MB): peak = 1941.762 ; gain = 0.000
Ending Netlist Obfuscation Task | Checksum: 1306ced1f

Time (s): cpu = 00:00:00 ; elapsed = 00:00:00.005 . Memory (MB): peak = 1941.762 ; gain = 0.000
INFO: [Common 17-83] Releasing license: Implementation
57 Infos, 3 Warnings, 11 Critical Warnings and 0 Errors encountered.
opt_design completed successfully
opt_design: Time (s): cpu = 00:00:14 ; elapsed = 00:00:23 . Memory (MB): peak = 1941.762 ; gain = 703.680
INFO: [Timing 38-35] Done setting XDC timing constraints.
INFO: [Timing 38-480] Writing timing data to binary archive.
Writing placer database...
Writing XDEF routing.
Writing XDEF routing logical nets.
Writing XDEF routing special nets.
Write XDEF Complete: Time (s): cpu = 00:00:00 ; elapsed = 00:00:00.032 . Memory (MB): peak = 1941.762 ; gain = 0.000
INFO: [Common 17-1381] The checkpoint 'C:/Users/SUXP/Desktop/ov7725/vivado_debug_1/project_1/project_1.runs/impl_1/design_1_wrapper_opt.dcp' has been generated.
INFO: [runtcl-4] Executing : report_drc -file design_1_wrapper_drc_opted.rpt -pb design_1_wrapper_drc_opted.pb -rpx design_1_wrapper_drc_opted.rpx
Command: report_drc -file design_1_wrapper_drc_opted.rpt -pb design_1_wrapper_drc_opted.pb -rpx design_1_wrapper_drc_opted.rpx
INFO: [IP_Flow 19-1839] IP Catalog is up to date.
INFO: [DRC 23-27] Running DRC with 2 threads
INFO: [Vivado_Tcl 2-168] The results of DRC are in file C:/Users/SUXP/Desktop/ov7725/vivado_debug_1/project_1/project_1.runs/impl_1/design_1_wrapper_drc_opted.rpt.
report_drc completed successfully
INFO: [Chipscope 16-240] Debug cores have already been implemented
Command: place_design
Attempting to get a license for feature 'Implementation' and/or device 'xc7z010'
INFO: [Common 17-349] Got license for feature 'Implementation' and/or device 'xc7z010'
INFO: [DRC 23-27] Running DRC with 2 threads
INFO: [Vivado_Tcl 4-198] DRC finished with 0 Errors
INFO: [Vivado_Tcl 4-199] Please refer to the DRC report (report_drc) for more information.
Running DRC as a precondition to command place_design
INFO: [DRC 23-27] Running DRC with 2 threads
INFO: [Vivado_Tcl 4-198] DRC finished with 0 Errors
INFO: [Vivado_Tcl 4-199] Please refer to the DRC report (report_drc) for more information.

Starting Placer Task
INFO: [Place 30-611] Multithreading enabled for place_design using a maximum of 2 CPUs

Phase 1 Placer Initialization

Phase 1.1 Placer Initialization Netlist Sorting
Netlist sorting complete. Time (s): cpu = 00:00:00 ; elapsed = 00:00:00.004 . Memory (MB): peak = 1941.762 ; gain = 0.000
Phase 1.1 Placer Initialization Netlist Sorting | Checksum: a9095096

Time (s): cpu = 00:00:00 ; elapsed = 00:00:00.011 . Memory (MB): peak = 1941.762 ; gain = 0.000
Netlist sorting complete. Time (s): cpu = 00:00:00 ; elapsed = 00:00:00.005 . Memory (MB): peak = 1941.762 ; gain = 0.000

Phase 1.2 IO Placement/ Clock Placement/ Build Placer Device
Phase 1.2 IO Placement/ Clock Placement/ Build Placer Device | Checksum: e2f0f649

Time (s): cpu = 00:00:01 ; elapsed = 00:00:00.344 . Memory (MB): peak = 1941.762 ; gain = 0.000

Phase 1.3 Build Placer Netlist Model
Phase 1.3 Build Placer Netlist Model | Checksum: 1965ed8fe

Time (s): cpu = 00:00:02 ; elapsed = 00:00:01 . Memory (MB): peak = 1941.762 ; gain = 0.000

Phase 1.4 Constrain Clocks/Macros
Phase 1.4 Constrain Clocks/Macros | Checksum: 1965ed8fe

Time (s): cpu = 00:00:02 ; elapsed = 00:00:01 . Memory (MB): peak = 1941.762 ; gain = 0.000
Phase 1 Placer Initialization | Checksum: 1965ed8fe

Time (s): cpu = 00:00:02 ; elapsed = 00:00:01 . Memory (MB): peak = 1941.762 ; gain = 0.000

Phase 2 Global Placement

Phase 2.1 Floorplanning
Phase 2.1 Floorplanning | Checksum: 15f2f3e74

Time (s): cpu = 00:00:02 ; elapsed = 00:00:01 . Memory (MB): peak = 1941.762 ; gain = 0.000

Phase 2.2 Update Timing before SLR Path Opt
Phase 2.2 Update Timing before SLR Path Opt | Checksum: e6ae8819

Time (s): cpu = 00:00:02 ; elapsed = 00:00:01 . Memory (MB): peak = 1941.762 ; gain = 0.000

Phase 2.3 Post-Processing in Floorplanning
Phase 2.3 Post-Processing in Floorplanning | Checksum: e6ae8819

Time (s): cpu = 00:00:02 ; elapsed = 00:00:01 . Memory (MB): peak = 1941.762 ; gain = 0.000

Phase 2.4 Global Placement Core

Phase 2.4.1 Physical Synthesis In Placer
INFO: [Physopt 32-1035] Found 0 LUTNM shape to break, 228 LUT instances to create LUTNM shape
INFO: [Physopt 32-1044] Break lutnm for timing: one critical 0, two critical 0, total 0, new lutff created 0
INFO: [Physopt 32-1138] End 1 Pass. Optimized 90 nets or LUTs. Breaked 0 LUT, combined 90 existing LUTs and moved 0 existing LUT
INFO: [Physopt 32-65] No nets found for high-fanout optimization.
INFO: [Physopt 32-232] Optimized 0 net. Created 0 new instance.
INFO: [Physopt 32-775] End 1 Pass. Optimized 0 net or cell. Created 0 new cell, deleted 0 existing cell and moved 0 existing cell
INFO: [Physopt 32-670] No setup violation found.  DSP Register Optimization was not performed.
INFO: [Physopt 32-670] No setup violation found.  Shift Register to Pipeline Optimization was not performed.
INFO: [Physopt 32-670] No setup violation found.  Shift Register Optimization was not performed.
INFO: [Physopt 32-670] No setup violation found.  BRAM Register Optimization was not performed.
INFO: [Physopt 32-670] No setup violation found.  URAM Register Optimization was not performed.
INFO: [Physopt 32-949] No candidate nets found for dynamic/static region interface net replication
INFO: [Physopt 32-775] End 1 Pass. Optimized 0 net or cell. Created 0 new cell, deleted 0 existing cell and moved 0 existing cell
Netlist sorting complete. Time (s): cpu = 00:00:00 ; elapsed = 00:00:00.004 . Memory (MB): peak = 1941.762 ; gain = 0.000

Summary of Physical Synthesis Optimizations
============================================


-----------------------------------------------------------------------------------------------------------------------------------------------------------
|  Optimization                                     |  Added Cells  |  Removed Cells  |  Optimized Cells/Nets  |  Dont Touch  |  Iterations  |  Elapsed   |
-----------------------------------------------------------------------------------------------------------------------------------------------------------
|  LUT Combining                                    |            0  |             90  |                    90  |           0  |           1  |  00:00:00  |
|  Retime                                           |            0  |              0  |                     0  |           0  |           1  |  00:00:00  |
|  Very High Fanout                                 |            0  |              0  |                     0  |           0  |           1  |  00:00:00  |
|  DSP Register                                     |            0  |              0  |                     0  |           0  |           0  |  00:00:00  |
|  Shift Register to Pipeline                       |            0  |              0  |                     0  |           0  |           0  |  00:00:00  |
|  Shift Register                                   |            0  |              0  |                     0  |           0  |           0  |  00:00:00  |
|  BRAM Register                                    |            0  |              0  |                     0  |           0  |           0  |  00:00:00  |
|  URAM Register                                    |            0  |              0  |                     0  |           0  |           0  |  00:00:00  |
|  Dynamic/Static Region Interface Net Replication  |            0  |              0  |                     0  |           0  |           1  |  00:00:00  |
|  Total                                            |            0  |             90  |                    90  |           0  |           4  |  00:00:00  |
-----------------------------------------------------------------------------------------------------------------------------------------------------------


Phase 2.4.1 Physical Synthesis In Placer | Checksum: 1a32b1ab4

Time (s): cpu = 00:00:07 ; elapsed = 00:00:04 . Memory (MB): peak = 1941.762 ; gain = 0.000
Phase 2.4 Global Placement Core | Checksum: 1b9cc9859

Time (s): cpu = 00:00:07 ; elapsed = 00:00:04 . Memory (MB): peak = 1941.762 ; gain = 0.000
Phase 2 Global Placement | Checksum: 1b9cc9859

Time (s): cpu = 00:00:07 ; elapsed = 00:00:04 . Memory (MB): peak = 1941.762 ; gain = 0.000

Phase 3 Detail Placement

Phase 3.1 Commit Multi Column Macros
Phase 3.1 Commit Multi Column Macros | Checksum: 1c84f9874

Time (s): cpu = 00:00:07 ; elapsed = 00:00:04 . Memory (MB): peak = 1941.762 ; gain = 0.000

Phase 3.2 Commit Most Macros & LUTRAMs
Phase 3.2 Commit Most Macros & LUTRAMs | Checksum: 1d1df1745

Time (s): cpu = 00:00:08 ; elapsed = 00:00:05 . Memory (MB): peak = 1941.762 ; gain = 0.000

Phase 3.3 Area Swap Optimization
Phase 3.3 Area Swap Optimization | Checksum: 1f24b9b7e

Time (s): cpu = 00:00:08 ; elapsed = 00:00:05 . Memory (MB): peak = 1941.762 ; gain = 0.000

Phase 3.4 Pipeline Register Optimization
Phase 3.4 Pipeline Register Optimization | Checksum: 128de2157

Time (s): cpu = 00:00:08 ; elapsed = 00:00:05 . Memory (MB): peak = 1941.762 ; gain = 0.000

Phase 3.5 Small Shape Detail Placement

Phase 3.5.1 Place Remaining
Phase 3.5.1 Place Remaining | Checksum: 164634961

Time (s): cpu = 00:00:09 ; elapsed = 00:00:06 . Memory (MB): peak = 1941.762 ; gain = 0.000
Phase 3.5 Small Shape Detail Placement | Checksum: 164634961

Time (s): cpu = 00:00:09 ; elapsed = 00:00:06 . Memory (MB): peak = 1941.762 ; gain = 0.000

Phase 3.6 Re-assign LUT pins
Phase 3.6 Re-assign LUT pins | Checksum: d3e8c89c

Time (s): cpu = 00:00:10 ; elapsed = 00:00:07 . Memory (MB): peak = 1941.762 ; gain = 0.000

Phase 3.7 Pipeline Register Optimization
Phase 3.7 Pipeline Register Optimization | Checksum: 1a99e5243

Time (s): cpu = 00:00:10 ; elapsed = 00:00:07 . Memory (MB): peak = 1941.762 ; gain = 0.000
Phase 3 Detail Placement | Checksum: 1a99e5243

Time (s): cpu = 00:00:10 ; elapsed = 00:00:07 . Memory (MB): peak = 1941.762 ; gain = 0.000

Phase 4 Post Placement Optimization and Clean-Up

Phase 4.1 Post Commit Optimization
INFO: [Timing 38-35] Done setting XDC timing constraints.

Phase 4.1.1 Post Placement Optimization
Post Placement Optimization Initialization | Checksum: fa569924

Phase 4.1.1.1 BUFG Insertion

Starting Physical Synthesis Task

Phase 1 Physical Synthesis Initialization
INFO: [Physopt 32-721] Multithreading enabled for phys_opt_design using a maximum of 2 CPUs
INFO: [Physopt 32-619] Estimated Timing Summary | WNS=27.498 | TNS=0.000 |
Phase 1 Physical Synthesis Initialization | Checksum: 14d39e8e5

Time (s): cpu = 00:00:00 ; elapsed = 00:00:00.059 . Memory (MB): peak = 1941.762 ; gain = 0.000
INFO: [Place 46-56] BUFG insertion identified 0 candidate nets. Inserted BUFG: 0, Replicated BUFG Driver: 0, Skipped due to Placement/Routing Conflicts: 0, Skipped due to Timing Degradation: 0, Skipped due to Illegal Netlist: 0.
Ending Physical Synthesis Task | Checksum: 13ad23ec2

Time (s): cpu = 00:00:00 ; elapsed = 00:00:00.078 . Memory (MB): peak = 1941.762 ; gain = 0.000
Phase 4.1.1.1 BUFG Insertion | Checksum: fa569924

Time (s): cpu = 00:00:11 ; elapsed = 00:00:08 . Memory (MB): peak = 1941.762 ; gain = 0.000

Phase 4.1.1.2 Post Placement Timing Optimization
INFO: [Place 30-746] Post Placement Timing Summary WNS=27.498. For the most accurate timing information please run report_timing.
Phase 4.1.1.2 Post Placement Timing Optimization | Checksum: 1859bacfb

Time (s): cpu = 00:00:11 ; elapsed = 00:00:08 . Memory (MB): peak = 1941.762 ; gain = 0.000

Time (s): cpu = 00:00:11 ; elapsed = 00:00:08 . Memory (MB): peak = 1941.762 ; gain = 0.000
Phase 4.1 Post Commit Optimization | Checksum: 1859bacfb

Time (s): cpu = 00:00:11 ; elapsed = 00:00:08 . Memory (MB): peak = 1941.762 ; gain = 0.000

Phase 4.2 Post Placement Cleanup
Phase 4.2 Post Placement Cleanup | Checksum: 1859bacfb

Time (s): cpu = 00:00:11 ; elapsed = 00:00:08 . Memory (MB): peak = 1941.762 ; gain = 0.000

Phase 4.3 Placer Reporting

Phase 4.3.1 Print Estimated Congestion
INFO: [Place 30-612] Post-Placement Estimated Congestion 
 ____________________________________________________
|           | Global Congestion | Short Congestion  |
| Direction | Region Size       | Region Size       |
|___________|___________________|___________________|
|      North|                1x1|                1x1|
|___________|___________________|___________________|
|      South|                1x1|                1x1|
|___________|___________________|___________________|
|       East|                1x1|                1x1|
|___________|___________________|___________________|
|       West|                1x1|                1x1|
|___________|___________________|___________________|

Phase 4.3.1 Print Estimated Congestion | Checksum: 1859bacfb

Time (s): cpu = 00:00:11 ; elapsed = 00:00:08 . Memory (MB): peak = 1941.762 ; gain = 0.000
Phase 4.3 Placer Reporting | Checksum: 1859bacfb

Time (s): cpu = 00:00:11 ; elapsed = 00:00:08 . Memory (MB): peak = 1941.762 ; gain = 0.000

Phase 4.4 Final Placement Cleanup
Netlist sorting complete. Time (s): cpu = 00:00:00 ; elapsed = 00:00:00.004 . Memory (MB): peak = 1941.762 ; gain = 0.000

Time (s): cpu = 00:00:11 ; elapsed = 00:00:08 . Memory (MB): peak = 1941.762 ; gain = 0.000
Phase 4 Post Placement Optimization and Clean-Up | Checksum: 202f3582e

Time (s): cpu = 00:00:11 ; elapsed = 00:00:08 . Memory (MB): peak = 1941.762 ; gain = 0.000
Ending Placer Task | Checksum: 130c64d6c

Time (s): cpu = 00:00:11 ; elapsed = 00:00:08 . Memory (MB): peak = 1941.762 ; gain = 0.000
INFO: [Common 17-83] Releasing license: Implementation
93 Infos, 3 Warnings, 11 Critical Warnings and 0 Errors encountered.
place_design completed successfully
place_design: Time (s): cpu = 00:00:12 ; elapsed = 00:00:09 . Memory (MB): peak = 1941.762 ; gain = 0.000
INFO: [Timing 38-480] Writing timing data to binary archive.
Writing placer database...
Writing XDEF routing.
Writing XDEF routing logical nets.
Writing XDEF routing special nets.
Write XDEF Complete: Time (s): cpu = 00:00:02 ; elapsed = 00:00:00.402 . Memory (MB): peak = 1941.762 ; gain = 0.000
INFO: [Common 17-1381] The checkpoint 'C:/Users/SUXP/Desktop/ov7725/vivado_debug_1/project_1/project_1.runs/impl_1/design_1_wrapper_placed.dcp' has been generated.
INFO: [runtcl-4] Executing : report_io -file design_1_wrapper_io_placed.rpt
report_io: Time (s): cpu = 00:00:00 ; elapsed = 00:00:00.036 . Memory (MB): peak = 1941.762 ; gain = 0.000
INFO: [runtcl-4] Executing : report_utilization -file design_1_wrapper_utilization_placed.rpt -pb design_1_wrapper_utilization_placed.pb
INFO: [runtcl-4] Executing : report_control_sets -verbose -file design_1_wrapper_control_sets_placed.rpt
report_control_sets: Time (s): cpu = 00:00:00 ; elapsed = 00:00:00.026 . Memory (MB): peak = 1941.762 ; gain = 0.000
Command: phys_opt_design
Attempting to get a license for feature 'Implementation' and/or device 'xc7z010'
INFO: [Common 17-349] Got license for feature 'Implementation' and/or device 'xc7z010'
INFO: [Vivado_Tcl 4-383] Design worst setup slack (WNS) is greater than or equal to 0.000 ns. Skipping all physical synthesis optimizations.
INFO: [Vivado_Tcl 4-232] No setup violation found. The netlist was not modified.
INFO: [Common 17-83] Releasing license: Implementation
102 Infos, 3 Warnings, 11 Critical Warnings and 0 Errors encountered.
phys_opt_design completed successfully
INFO: [Timing 38-480] Writing timing data to binary archive.
Writing placer database...
Writing XDEF routing.
Writing XDEF routing logical nets.
Writing XDEF routing special nets.
Write XDEF Complete: Time (s): cpu = 00:00:02 ; elapsed = 00:00:00.418 . Memory (MB): peak = 1941.762 ; gain = 0.000
INFO: [Common 17-1381] The checkpoint 'C:/Users/SUXP/Desktop/ov7725/vivado_debug_1/project_1/project_1.runs/impl_1/design_1_wrapper_physopt.dcp' has been generated.
Command: route_design
Attempting to get a license for feature 'Implementation' and/or device 'xc7z010'
INFO: [Common 17-349] Got license for feature 'Implementation' and/or device 'xc7z010'
Running DRC as a precondition to command route_design
INFO: [DRC 23-27] Running DRC with 2 threads
INFO: [Vivado_Tcl 4-198] DRC finished with 0 Errors
INFO: [Vivado_Tcl 4-199] Please refer to the DRC report (report_drc) for more information.


Starting Routing Task
INFO: [Route 35-254] Multithreading enabled for route_design using a maximum of 2 CPUs
Checksum: PlaceDB: 34804cc8 ConstDB: 0 ShapeSum: fc4600a4 RouteDB: 0

Phase 1 Build RT Design
Phase 1 Build RT Design | Checksum: dd402086

Time (s): cpu = 00:00:09 ; elapsed = 00:00:08 . Memory (MB): peak = 1957.082 ; gain = 15.320
Post Restoration Checksum: NetGraph: 74366d14 NumContArr: 6909b372 Constraints: 0 Timing: 0

Phase 2 Router Initialization

Phase 2.1 Create Timer
Phase 2.1 Create Timer | Checksum: dd402086

Time (s): cpu = 00:00:09 ; elapsed = 00:00:08 . Memory (MB): peak = 1957.086 ; gain = 15.324

Phase 2.2 Fix Topology Constraints
Phase 2.2 Fix Topology Constraints | Checksum: dd402086

Time (s): cpu = 00:00:09 ; elapsed = 00:00:08 . Memory (MB): peak = 1963.102 ; gain = 21.340

Phase 2.3 Pre Route Cleanup
Phase 2.3 Pre Route Cleanup | Checksum: dd402086

Time (s): cpu = 00:00:09 ; elapsed = 00:00:08 . Memory (MB): peak = 1963.102 ; gain = 21.340

Phase 2.4 Update Timing
Phase 2.4 Update Timing | Checksum: 1c3ac1726

Time (s): cpu = 00:00:10 ; elapsed = 00:00:09 . Memory (MB): peak = 1970.273 ; gain = 28.512
INFO: [Route 35-416] Intermediate Timing Summary | WNS=27.463 | TNS=0.000  | WHS=-0.149 | THS=-18.701|

Phase 2 Router Initialization | Checksum: 1734918a1

Time (s): cpu = 00:00:10 ; elapsed = 00:00:09 . Memory (MB): peak = 1971.066 ; gain = 29.305

Router Utilization Summary
  Global Vertical Routing Utilization    = 0.00633446 %
  Global Horizontal Routing Utilization  = 0.00574449 %
  Routable Net Status*
  *Does not include unroutable nets such as driverless and loadless.
  Run report_route_status for detailed report.
  Number of Failed Nets               = 6046
    (Failed Nets is the sum of unrouted and partially routed nets)
  Number of Unrouted Nets             = 6046
  Number of Partially Routed Nets     = 0
  Number of Node Overlaps             = 1


Phase 3 Initial Routing

Phase 3.1 Global Routing
Phase 3.1 Global Routing | Checksum: 1734918a1

Time (s): cpu = 00:00:11 ; elapsed = 00:00:09 . Memory (MB): peak = 1973.016 ; gain = 31.254
Phase 3 Initial Routing | Checksum: 11e9631c0

Time (s): cpu = 00:00:11 ; elapsed = 00:00:09 . Memory (MB): peak = 1973.016 ; gain = 31.254

Phase 4 Rip-up And Reroute

Phase 4.1 Global Iteration 0
 Number of Nodes with overlaps = 279
 Number of Nodes with overlaps = 0
INFO: [Route 35-416] Intermediate Timing Summary | WNS=26.150 | TNS=0.000  | WHS=N/A    | THS=N/A    |

Phase 4.1 Global Iteration 0 | Checksum: fb7013fe

Time (s): cpu = 00:00:13 ; elapsed = 00:00:10 . Memory (MB): peak = 1973.016 ; gain = 31.254

Phase 4.2 Global Iteration 1
 Number of Nodes with overlaps = 2
 Number of Nodes with overlaps = 0
INFO: [Route 35-416] Intermediate Timing Summary | WNS=26.150 | TNS=0.000  | WHS=N/A    | THS=N/A    |

Phase 4.2 Global Iteration 1 | Checksum: 1fa65b7a7

Time (s): cpu = 00:00:13 ; elapsed = 00:00:11 . Memory (MB): peak = 1973.016 ; gain = 31.254
Phase 4 Rip-up And Reroute | Checksum: 1fa65b7a7

Time (s): cpu = 00:00:13 ; elapsed = 00:00:11 . Memory (MB): peak = 1973.016 ; gain = 31.254

Phase 5 Delay and Skew Optimization

Phase 5.1 Delay CleanUp
Phase 5.1 Delay CleanUp | Checksum: 1fa65b7a7

Time (s): cpu = 00:00:13 ; elapsed = 00:00:11 . Memory (MB): peak = 1973.016 ; gain = 31.254

Phase 5.2 Clock Skew Optimization
Phase 5.2 Clock Skew Optimization | Checksum: 1fa65b7a7

Time (s): cpu = 00:00:13 ; elapsed = 00:00:11 . Memory (MB): peak = 1973.016 ; gain = 31.254
Phase 5 Delay and Skew Optimization | Checksum: 1fa65b7a7

Time (s): cpu = 00:00:13 ; elapsed = 00:00:11 . Memory (MB): peak = 1973.016 ; gain = 31.254

Phase 6 Post Hold Fix

Phase 6.1 Hold Fix Iter

Phase 6.1.1 Update Timing
Phase 6.1.1 Update Timing | Checksum: 23350bc4b

Time (s): cpu = 00:00:13 ; elapsed = 00:00:11 . Memory (MB): peak = 1973.016 ; gain = 31.254
INFO: [Route 35-416] Intermediate Timing Summary | WNS=26.265 | TNS=0.000  | WHS=0.098  | THS=0.000  |

Phase 6.1 Hold Fix Iter | Checksum: 1efe679ca

Time (s): cpu = 00:00:13 ; elapsed = 00:00:11 . Memory (MB): peak = 1973.016 ; gain = 31.254
Phase 6 Post Hold Fix | Checksum: 1efe679ca

Time (s): cpu = 00:00:13 ; elapsed = 00:00:11 . Memory (MB): peak = 1973.016 ; gain = 31.254

Phase 7 Route finalize

Router Utilization Summary
  Global Vertical Routing Utilization    = 1.92553 %
  Global Horizontal Routing Utilization  = 2.59559 %
  Routable Net Status*
  *Does not include unroutable nets such as driverless and loadless.
  Run report_route_status for detailed report.
  Number of Failed Nets               = 0
    (Failed Nets is the sum of unrouted and partially routed nets)
  Number of Unrouted Nets             = 0
  Number of Partially Routed Nets     = 0
  Number of Node Overlaps             = 0

Phase 7 Route finalize | Checksum: 227e23a71

Time (s): cpu = 00:00:13 ; elapsed = 00:00:11 . Memory (MB): peak = 1973.016 ; gain = 31.254

Phase 8 Verifying routed nets

 Verification completed successfully
Phase 8 Verifying routed nets | Checksum: 227e23a71

Time (s): cpu = 00:00:13 ; elapsed = 00:00:11 . Memory (MB): peak = 1973.016 ; gain = 31.254

Phase 9 Depositing Routes
Phase 9 Depositing Routes | Checksum: 2a59c1986

Time (s): cpu = 00:00:13 ; elapsed = 00:00:11 . Memory (MB): peak = 1973.016 ; gain = 31.254

Phase 10 Post Router Timing
INFO: [Route 35-57] Estimated Timing Summary | WNS=26.265 | TNS=0.000  | WHS=0.098  | THS=0.000  |

INFO: [Route 35-327] The final timing numbers are based on the router estimated timing analysis. For a complete and accurate timing signoff, please run report_timing_summary.
Phase 10 Post Router Timing | Checksum: 2a59c1986

Time (s): cpu = 00:00:14 ; elapsed = 00:00:11 . Memory (MB): peak = 1973.016 ; gain = 31.254
INFO: [Route 35-16] Router Completed Successfully

Time (s): cpu = 00:00:14 ; elapsed = 00:00:11 . Memory (MB): peak = 1973.016 ; gain = 31.254

Routing Is Done.
INFO: [Common 17-83] Releasing license: Implementation
117 Infos, 3 Warnings, 11 Critical Warnings and 0 Errors encountered.
route_design completed successfully
route_design: Time (s): cpu = 00:00:17 ; elapsed = 00:00:13 . Memory (MB): peak = 1973.016 ; gain = 31.254
INFO: [Timing 38-480] Writing timing data to binary archive.
Writing placer database...
Writing XDEF routing.
Writing XDEF routing logical nets.
Writing XDEF routing special nets.
Write XDEF Complete: Time (s): cpu = 00:00:02 ; elapsed = 00:00:00.593 . Memory (MB): peak = 1991.863 ; gain = 18.848
INFO: [Common 17-1381] The checkpoint 'C:/Users/SUXP/Desktop/ov7725/vivado_debug_1/project_1/project_1.runs/impl_1/design_1_wrapper_routed.dcp' has been generated.
INFO: [runtcl-4] Executing : report_drc -file design_1_wrapper_drc_routed.rpt -pb design_1_wrapper_drc_routed.pb -rpx design_1_wrapper_drc_routed.rpx
Command: report_drc -file design_1_wrapper_drc_routed.rpt -pb design_1_wrapper_drc_routed.pb -rpx design_1_wrapper_drc_routed.rpx
INFO: [IP_Flow 19-1839] IP Catalog is up to date.
INFO: [DRC 23-27] Running DRC with 2 threads
INFO: [Vivado_Tcl 2-168] The results of DRC are in file C:/Users/SUXP/Desktop/ov7725/vivado_debug_1/project_1/project_1.runs/impl_1/design_1_wrapper_drc_routed.rpt.
report_drc completed successfully
INFO: [runtcl-4] Executing : report_methodology -file design_1_wrapper_methodology_drc_routed.rpt -pb design_1_wrapper_methodology_drc_routed.pb -rpx design_1_wrapper_methodology_drc_routed.rpx
Command: report_methodology -file design_1_wrapper_methodology_drc_routed.rpt -pb design_1_wrapper_methodology_drc_routed.pb -rpx design_1_wrapper_methodology_drc_routed.rpx
INFO: [Timing 38-35] Done setting XDC timing constraints.
INFO: [DRC 23-133] Running Methodology with 2 threads
INFO: [Vivado_Tcl 2-1520] The results of Report Methodology are in file C:/Users/SUXP/Desktop/ov7725/vivado_debug_1/project_1/project_1.runs/impl_1/design_1_wrapper_methodology_drc_routed.rpt.
report_methodology completed successfully
INFO: [runtcl-4] Executing : report_power -file design_1_wrapper_power_routed.rpt -pb design_1_wrapper_power_summary_routed.pb -rpx design_1_wrapper_power_routed.rpx
Command: report_power -file design_1_wrapper_power_routed.rpt -pb design_1_wrapper_power_summary_routed.pb -rpx design_1_wrapper_power_routed.rpx
INFO: [Timing 38-35] Done setting XDC timing constraints.
Running Vector-less Activity Propagation...

Finished Running Vector-less Activity Propagation
129 Infos, 3 Warnings, 11 Critical Warnings and 0 Errors encountered.
report_power completed successfully
INFO: [runtcl-4] Executing : report_route_status -file design_1_wrapper_route_status.rpt -pb design_1_wrapper_route_status.pb
INFO: [runtcl-4] Executing : report_timing_summary -max_paths 10 -file design_1_wrapper_timing_summary_routed.rpt -pb design_1_wrapper_timing_summary_routed.pb -rpx design_1_wrapper_timing_summary_routed.rpx -warn_on_violation 
INFO: [Timing 38-91] UpdateTimingParams: Speed grade: -1, Delay Type: min_max.
INFO: [Timing 38-191] Multithreading enabled for timing update using a maximum of 2 CPUs
INFO: [runtcl-4] Executing : report_incremental_reuse -file design_1_wrapper_incremental_reuse_routed.rpt
INFO: [Vivado_Tcl 4-1062] Incremental flow is disabled. No incremental reuse Info to report.
INFO: [runtcl-4] Executing : report_clock_utilization -file design_1_wrapper_clock_utilization_routed.rpt
INFO: [runtcl-4] Executing : report_bus_skew -warn_on_violation -file design_1_wrapper_bus_skew_routed.rpt -pb design_1_wrapper_bus_skew_routed.pb -rpx design_1_wrapper_bus_skew_routed.rpx
INFO: [Timing 38-91] UpdateTimingParams: Speed grade: -1, Delay Type: min_max.
INFO: [Timing 38-191] Multithreading enabled for timing update using a maximum of 2 CPUs
Command: write_bitstream -force design_1_wrapper.bit
Attempting to get a license for feature 'Implementation' and/or device 'xc7z010'
INFO: [Common 17-349] Got license for feature 'Implementation' and/or device 'xc7z010'
Running DRC as a precondition to command write_bitstream
INFO: [IP_Flow 19-1839] IP Catalog is up to date.
INFO: [DRC 23-27] Running DRC with 2 threads
WARNING: [DRC PDCN-1569] LUT equation term check: Used physical LUT pin 'A2' of cell dbg_hub/inst/BSCANID.u_xsdbm_id/SWITCH_N_EXT_BSCAN.id_state[0]_i_1 (pin dbg_hub/inst/BSCANID.u_xsdbm_id/SWITCH_N_EXT_BSCAN.id_state[0]_i_1/I0) is not included in the LUT equation: 'O6=(A6+~A6)*((A3))'. If this cell is a user instantiated LUT in the design, please remove connectivity to the pin or change the equation and/or INIT string of the LUT to prevent this issue. If the cell is inferred or IP created LUT, please regenerate the IP and/or resynthesize the design to attempt to correct the issue.
WARNING: [DRC PDCN-1569] LUT equation term check: Used physical LUT pin 'A3' of cell dbg_hub/inst/BSCANID.u_xsdbm_id/SWITCH_N_EXT_BSCAN.bscan_switch/temp_curid[31]_i_1 (pin dbg_hub/inst/BSCANID.u_xsdbm_id/SWITCH_N_EXT_BSCAN.bscan_switch/temp_curid[31]_i_1/I0) is not included in the LUT equation: 'O5=(A2*A4)+(A2*(~A4)*(~A1))+((~A2))'. If this cell is a user instantiated LUT in the design, please remove connectivity to the pin or change the equation and/or INIT string of the LUT to prevent this issue. If the cell is inferred or IP created LUT, please regenerate the IP and/or resynthesize the design to attempt to correct the issue.
WARNING: [DRC PDCN-1569] LUT equation term check: Used physical LUT pin 'A5' of cell dbg_hub/inst/BSCANID.u_xsdbm_id/SWITCH_N_EXT_BSCAN.bscan_switch/temp_curid[31]_i_1 (pin dbg_hub/inst/BSCANID.u_xsdbm_id/SWITCH_N_EXT_BSCAN.bscan_switch/temp_curid[31]_i_1/I1) is not included in the LUT equation: 'O5=(A2*A4)+(A2*(~A4)*(~A1))+((~A2))'. If this cell is a user instantiated LUT in the design, please remove connectivity to the pin or change the equation and/or INIT string of the LUT to prevent this issue. If the cell is inferred or IP created LUT, please regenerate the IP and/or resynthesize the design to attempt to correct the issue.
WARNING: [DRC RTSTAT-10] No routable loads: 37 net(s) have no routable loads. The problem bus(es) and/or net(s) are dbg_hub/inst/BSCANID.u_xsdbm_id/CORE_XSDB.UUT_MASTER/U_ICON_INTERFACE/U_CMD6_RD/U_RD_FIFO/SUBCORE_FIFO.xsdbm_v3_0_0_rdfifo_inst/inst_fifo_gen/gconvfifo.rf/grf.rf/gntv_or_sync_fifo.gl0.rd/gr1.gr1_int.rfwft/aempty_fwft_i, dbg_hub/inst/BSCANID.u_xsdbm_id/CORE_XSDB.UUT_MASTER/U_ICON_INTERFACE/U_CMD7_CTL/ctl_reg[2:0], dbg_hub/inst/BSCANID.u_xsdbm_id/CORE_XSDB.UUT_MASTER/U_ICON_INTERFACE/U_CMD7_CTL/ctl_reg_en_2[1], dbg_hub/inst/BSCANID.u_xsdbm_id/CORE_XSDB.UUT_MASTER/U_ICON_INTERFACE/U_CMD1/ctl_reg_en_2[1], dbg_hub/inst/BSCANID.u_xsdbm_id/SWITCH_N_EXT_BSCAN.bscan_switch/m_bscan_capture[0], dbg_hub/inst/BSCANID.u_xsdbm_id/SWITCH_N_EXT_BSCAN.bscan_switch/m_bscan_drck[0], dbg_hub/inst/BSCANID.u_xsdbm_id/SWITCH_N_EXT_BSCAN.bscan_switch/m_bscan_runtest[0], dbg_hub/inst/BSCANID.u_xsdbm_id/CORE_XSDB.UUT_MASTER/U_ICON_INTERFACE/U_CMD6_WR/U_WR_FIFO/SUBCORE_FIFO.xsdbm_v3_0_0_wrfifo_inst/inst_fifo_gen/gconvfifo.rf/grf.rf/gntv_or_sync_fifo.gl0.wr/gwhf.whf/overflow, dbg_hub/inst/BSCANID.u_xsdbm_id/CORE_XSDB.UUT_MASTER/U_ICON_INTERFACE/U_CMD6_RD/U_RD_FIFO/SUBCORE_FIFO.xsdbm_v3_0_0_rdfifo_inst/inst_fifo_gen/gconvfifo.rf/grf.rf/gntv_or_sync_fifo.gl0.wr/gwhf.whf/overflow, dbg_hub/inst/BSCANID.u_xsdbm_id/CORE_XSDB.UUT_MASTER/U_ICON_INTERFACE/U_CMD6_RD/U_RD_FIFO/SUBCORE_FIFO.xsdbm_v3_0_0_rdfifo_inst/inst_fifo_gen/gconvfifo.rf/grf.rf/gntv_or_sync_fifo.gl0.rd/gras.rsts/ram_empty_i, dbg_hub/inst/BSCANID.u_xsdbm_id/CORE_XSDB.UUT_MASTER/U_ICON_INTERFACE/U_CMD6_WR/U_WR_FIFO/SUBCORE_FIFO.xsdbm_v3_0_0_wrfifo_inst/inst_fifo_gen/gconvfifo.rf/grf.rf/gntv_or_sync_fifo.gl0.wr/gwas.wsts/ram_full_i, dbg_hub/inst/BSCANID.u_xsdbm_id/CORE_XSDB.UUT_MASTER/U_ICON_INTERFACE/U_CMD6_WR/U_WR_FIFO/SUBCORE_FIFO.xsdbm_v3_0_0_wrfifo_inst/inst_fifo_gen/gconvfifo.rf/grf.rf/rstblk/rd_rst_reg[0], dbg_hub/inst/BSCANID.u_xsdbm_id/SWITCH_N_EXT_BSCAN.bscan_inst/s_bscan_tms, design_1_i/system_ila_3/inst/ila_lib/inst/ila_core_inst/u_ila_regs/U_XSDB_SLAVE/s_daddr_o[13], design_1_i/system_ila_4/inst/ila_lib/inst/ila_core_inst/u_ila_regs/U_XSDB_SLAVE/s_daddr_o[13]... and (the first 15 of 35 listed).
WARNING: [DRC ZPS7-1] PS7 block required: The PS7 cell must be used in this Zynq design in order to enable correct default configuration.
INFO: [Vivado 12-3199] DRC finished with 0 Errors, 5 Warnings
INFO: [Vivado 12-3200] Please refer to the DRC report (report_drc) for more information.
INFO: [Designutils 20-2272] Running write_bitstream with 2 threads.
Loading data files...
Loading site data...
Loading route data...
Processing options...
Creating bitmap...
Creating bitstream...
Writing bitstream ./design_1_wrapper.bit...
INFO: [Vivado 12-1842] Bitgen Completed Successfully.
INFO: [#UNDEF] WebTalk data collection is mandatory when using a WebPACK part without a full Vivado license. To see the specific WebTalk data collected for your design, open the usage_statistics_webtalk.html or usage_statistics_webtalk.xml file in the implementation directory.
INFO: [Common 17-83] Releasing license: Implementation
12 Infos, 5 Warnings, 0 Critical Warnings and 0 Errors encountered.
write_bitstream completed successfully
write_bitstream: Time (s): cpu = 00:00:13 ; elapsed = 00:00:13 . Memory (MB): peak = 2461.449 ; gain = 445.535
INFO: [Common 17-206] Exiting Vivado at Fri Jul 28 09:29:36 2023...
