16:09:49 INFO  : Launching XSCT server: xsct.bat -n  -interactive C:\Users\SUXP\Desktop\GPIO_EMIO\vitis\temp_xsdb_launch_script.tcl
16:09:49 INFO  : Registering command handlers for Vitis TCF services
16:09:49 INFO  : Platform repository initialization has completed.
16:09:55 INFO  : XSCT server has started successfully.
16:09:55 INFO  : plnx-install-location is set to ''
16:09:56 INFO  : Successfully done setting XSCT server connection channel  
16:09:56 INFO  : Successfully done query RDI_DATADIR 
16:09:56 INFO  : Successfully done setting workspace for the tool. 
16:10:44 INFO  : Result from executing command 'getProjects': design_1_wrapper
16:10:44 INFO  : Result from executing command 'getPlatforms': 
16:10:44 WARN  : An unexpected exception occurred in the module 'platform project logging'
16:10:44 INFO  : Platform 'design_1_wrapper' is added to custom repositories.
16:10:52 INFO  : Platform 'design_1_wrapper' is added to custom repositories.
16:12:01 INFO  : Result from executing command 'removePlatformRepo': 
16:12:16 INFO  : Result from executing command 'getProjects': design_1_wrapper
16:12:16 INFO  : Result from executing command 'getPlatforms': 
16:12:24 INFO  : Checking for BSP changes to sync application flags for project 'GPIO_EMIO'...
16:44:45 INFO  : Checking for BSP changes to sync application flags for project 'GPIO_EMIO'...
16:45:29 INFO  : Checking for BSP changes to sync application flags for project 'GPIO_EMIO'...
16:46:21 INFO  : Checking for BSP changes to sync application flags for project 'GPIO_EMIO'...
16:47:51 INFO  : Connected to target on host '127.0.0.1' and port '3121'.
16:47:51 INFO  : 'targets -set -filter {jtag_cable_name =~ "Digilent JTAG-SMT2 210251A08870" && level==0 && jtag_device_ctx=="jsn-JTAG-SMT2-210251A08870-13722093-0"}' command is executed.
16:47:53 INFO  : Device configured successfully with "C:/Users/SUXP/Desktop/GPIO_EMIO/vitis/GPIO_EMIO/_ide/bitstream/design_1_wrapper.bit"
16:47:58 INFO  : Checking for BSP changes to sync application flags for project 'GPIO_EMIO'...
16:48:34 INFO  : Checking for BSP changes to sync application flags for project 'GPIO_EMIO'...
16:48:49 INFO  : Connected to target on host '127.0.0.1' and port '3121'.
16:48:50 INFO  : Jtag cable 'Digilent JTAG-SMT2 210251A08870' is selected.
16:48:50 INFO  : 'jtag frequency' command is executed.
16:48:50 INFO  : Context for 'APU' is selected.
16:48:50 INFO  : System reset is completed.
16:48:53 INFO  : 'after 3000' command is executed.
16:48:53 INFO  : 'targets -set -filter {jtag_cable_name =~ "Digilent JTAG-SMT2 210251A08870" && level==0 && jtag_device_ctx=="jsn-JTAG-SMT2-210251A08870-13722093-0"}' command is executed.
16:48:54 INFO  : Device configured successfully with "C:/Users/SUXP/Desktop/GPIO_EMIO/vitis/GPIO_EMIO/_ide/bitstream/design_1_wrapper.bit"
16:48:54 INFO  : Context for 'APU' is selected.
16:48:54 INFO  : Hardware design and registers information is loaded from 'C:/Users/SUXP/Desktop/GPIO_EMIO/vitis/design_1_wrapper/export/design_1_wrapper/hw/design_1_wrapper.xsa'.
16:48:54 INFO  : 'configparams force-mem-access 1' command is executed.
16:48:54 INFO  : Context for 'APU' is selected.
16:48:54 INFO  : Sourcing of 'C:/Users/SUXP/Desktop/GPIO_EMIO/vitis/GPIO_EMIO/_ide/psinit/ps7_init.tcl' is done.
16:48:54 INFO  : 'ps7_init' command is executed.
16:48:54 INFO  : 'ps7_post_config' command is executed.
16:48:54 INFO  : Context for processor 'ps7_cortexa9_0' is selected.
16:48:54 INFO  : The application 'C:/Users/SUXP/Desktop/GPIO_EMIO/vitis/GPIO_EMIO/Debug/GPIO_EMIO.elf' is downloaded to processor 'ps7_cortexa9_0'.
16:48:54 INFO  : 'configparams force-mem-access 0' command is executed.
16:48:54 INFO  : ----------------XSDB Script----------------
connect -url tcp:127.0.0.1:3121
targets -set -nocase -filter {name =~"APU*"}
rst -system
after 3000
targets -set -filter {jtag_cable_name =~ "Digilent JTAG-SMT2 210251A08870" && level==0 && jtag_device_ctx=="jsn-JTAG-SMT2-210251A08870-13722093-0"}
fpga -file C:/Users/SUXP/Desktop/GPIO_EMIO/vitis/GPIO_EMIO/_ide/bitstream/design_1_wrapper.bit
targets -set -nocase -filter {name =~"APU*"}
loadhw -hw C:/Users/SUXP/Desktop/GPIO_EMIO/vitis/design_1_wrapper/export/design_1_wrapper/hw/design_1_wrapper.xsa -mem-ranges [list {0x40000000 0xbfffffff}] -regs
configparams force-mem-access 1
targets -set -nocase -filter {name =~"APU*"}
source C:/Users/SUXP/Desktop/GPIO_EMIO/vitis/GPIO_EMIO/_ide/psinit/ps7_init.tcl
ps7_init
ps7_post_config
targets -set -nocase -filter {name =~ "*A9*#0"}
dow C:/Users/SUXP/Desktop/GPIO_EMIO/vitis/GPIO_EMIO/Debug/GPIO_EMIO.elf
configparams force-mem-access 0
----------------End of Script----------------

16:48:55 INFO  : Context for processor 'ps7_cortexa9_0' is selected.
16:48:55 INFO  : 'con' command is executed.
16:48:55 INFO  : ----------------XSDB Script (After Launch)----------------
targets -set -nocase -filter {name =~ "*A9*#0"}
con
----------------End of Script----------------

16:48:55 INFO  : Launch script is exported to file 'C:\Users\SUXP\Desktop\GPIO_EMIO\vitis\GPIO_EMIO_system\_ide\scripts\systemdebugger_gpio_emio_system_standalone.tcl'
16:50:05 INFO  : Checking for BSP changes to sync application flags for project 'GPIO_EMIO'...
16:50:22 INFO  : Checking for BSP changes to sync application flags for project 'GPIO_EMIO'...
16:50:35 INFO  : Disconnected from the channel tcfchan#5.
16:50:35 INFO  : Connected to target on host '127.0.0.1' and port '3121'.
16:50:35 INFO  : Jtag cable 'Digilent JTAG-SMT2 210251A08870' is selected.
16:50:35 INFO  : 'jtag frequency' command is executed.
16:50:35 INFO  : Context for 'APU' is selected.
16:50:35 INFO  : System reset is completed.
16:50:38 INFO  : 'after 3000' command is executed.
16:50:38 INFO  : 'targets -set -filter {jtag_cable_name =~ "Digilent JTAG-SMT2 210251A08870" && level==0 && jtag_device_ctx=="jsn-JTAG-SMT2-210251A08870-13722093-0"}' command is executed.
16:50:39 INFO  : Device configured successfully with "C:/Users/SUXP/Desktop/GPIO_EMIO/vitis/GPIO_EMIO/_ide/bitstream/design_1_wrapper.bit"
16:50:39 INFO  : Context for 'APU' is selected.
16:50:39 INFO  : Hardware design and registers information is loaded from 'C:/Users/SUXP/Desktop/GPIO_EMIO/vitis/design_1_wrapper/export/design_1_wrapper/hw/design_1_wrapper.xsa'.
16:50:39 INFO  : 'configparams force-mem-access 1' command is executed.
16:50:39 INFO  : Context for 'APU' is selected.
16:50:39 INFO  : Sourcing of 'C:/Users/SUXP/Desktop/GPIO_EMIO/vitis/GPIO_EMIO/_ide/psinit/ps7_init.tcl' is done.
16:50:39 INFO  : 'ps7_init' command is executed.
16:50:39 INFO  : 'ps7_post_config' command is executed.
16:50:39 INFO  : Context for processor 'ps7_cortexa9_0' is selected.
16:50:40 INFO  : The application 'C:/Users/SUXP/Desktop/GPIO_EMIO/vitis/GPIO_EMIO/Debug/GPIO_EMIO.elf' is downloaded to processor 'ps7_cortexa9_0'.
16:50:40 INFO  : 'configparams force-mem-access 0' command is executed.
16:50:40 INFO  : ----------------XSDB Script----------------
connect -url tcp:127.0.0.1:3121
targets -set -nocase -filter {name =~"APU*"}
rst -system
after 3000
targets -set -filter {jtag_cable_name =~ "Digilent JTAG-SMT2 210251A08870" && level==0 && jtag_device_ctx=="jsn-JTAG-SMT2-210251A08870-13722093-0"}
fpga -file C:/Users/SUXP/Desktop/GPIO_EMIO/vitis/GPIO_EMIO/_ide/bitstream/design_1_wrapper.bit
targets -set -nocase -filter {name =~"APU*"}
loadhw -hw C:/Users/SUXP/Desktop/GPIO_EMIO/vitis/design_1_wrapper/export/design_1_wrapper/hw/design_1_wrapper.xsa -mem-ranges [list {0x40000000 0xbfffffff}] -regs
configparams force-mem-access 1
targets -set -nocase -filter {name =~"APU*"}
source C:/Users/SUXP/Desktop/GPIO_EMIO/vitis/GPIO_EMIO/_ide/psinit/ps7_init.tcl
ps7_init
ps7_post_config
targets -set -nocase -filter {name =~ "*A9*#0"}
dow C:/Users/SUXP/Desktop/GPIO_EMIO/vitis/GPIO_EMIO/Debug/GPIO_EMIO.elf
configparams force-mem-access 0
----------------End of Script----------------

16:50:40 INFO  : Context for processor 'ps7_cortexa9_0' is selected.
16:50:40 INFO  : 'con' command is executed.
16:50:40 INFO  : ----------------XSDB Script (After Launch)----------------
targets -set -nocase -filter {name =~ "*A9*#0"}
con
----------------End of Script----------------

16:50:40 INFO  : Launch script is exported to file 'C:\Users\SUXP\Desktop\GPIO_EMIO\vitis\GPIO_EMIO_system\_ide\scripts\systemdebugger_gpio_emio_system_standalone.tcl'
16:51:28 INFO  : Checking for BSP changes to sync application flags for project 'GPIO_EMIO'...
16:51:41 INFO  : Disconnected from the channel tcfchan#9.
16:51:41 INFO  : Connected to target on host '127.0.0.1' and port '3121'.
16:51:41 INFO  : Jtag cable 'Digilent JTAG-SMT2 210251A08870' is selected.
16:51:41 INFO  : 'jtag frequency' command is executed.
16:51:41 INFO  : Context for 'APU' is selected.
16:51:41 INFO  : System reset is completed.
16:51:44 INFO  : 'after 3000' command is executed.
16:51:44 INFO  : 'targets -set -filter {jtag_cable_name =~ "Digilent JTAG-SMT2 210251A08870" && level==0 && jtag_device_ctx=="jsn-JTAG-SMT2-210251A08870-13722093-0"}' command is executed.
16:51:46 INFO  : Device configured successfully with "C:/Users/SUXP/Desktop/GPIO_EMIO/vitis/GPIO_EMIO/_ide/bitstream/design_1_wrapper.bit"
16:51:46 INFO  : Context for 'APU' is selected.
16:51:46 INFO  : Hardware design and registers information is loaded from 'C:/Users/SUXP/Desktop/GPIO_EMIO/vitis/design_1_wrapper/export/design_1_wrapper/hw/design_1_wrapper.xsa'.
16:51:46 INFO  : 'configparams force-mem-access 1' command is executed.
16:51:46 INFO  : Context for 'APU' is selected.
16:51:46 INFO  : Sourcing of 'C:/Users/SUXP/Desktop/GPIO_EMIO/vitis/GPIO_EMIO/_ide/psinit/ps7_init.tcl' is done.
16:51:46 INFO  : 'ps7_init' command is executed.
16:51:46 INFO  : 'ps7_post_config' command is executed.
16:51:46 INFO  : Context for processor 'ps7_cortexa9_0' is selected.
16:51:46 INFO  : The application 'C:/Users/SUXP/Desktop/GPIO_EMIO/vitis/GPIO_EMIO/Debug/GPIO_EMIO.elf' is downloaded to processor 'ps7_cortexa9_0'.
16:51:46 INFO  : 'configparams force-mem-access 0' command is executed.
16:51:46 INFO  : ----------------XSDB Script----------------
connect -url tcp:127.0.0.1:3121
targets -set -nocase -filter {name =~"APU*"}
rst -system
after 3000
targets -set -filter {jtag_cable_name =~ "Digilent JTAG-SMT2 210251A08870" && level==0 && jtag_device_ctx=="jsn-JTAG-SMT2-210251A08870-13722093-0"}
fpga -file C:/Users/SUXP/Desktop/GPIO_EMIO/vitis/GPIO_EMIO/_ide/bitstream/design_1_wrapper.bit
targets -set -nocase -filter {name =~"APU*"}
loadhw -hw C:/Users/SUXP/Desktop/GPIO_EMIO/vitis/design_1_wrapper/export/design_1_wrapper/hw/design_1_wrapper.xsa -mem-ranges [list {0x40000000 0xbfffffff}] -regs
configparams force-mem-access 1
targets -set -nocase -filter {name =~"APU*"}
source C:/Users/SUXP/Desktop/GPIO_EMIO/vitis/GPIO_EMIO/_ide/psinit/ps7_init.tcl
ps7_init
ps7_post_config
targets -set -nocase -filter {name =~ "*A9*#0"}
dow C:/Users/SUXP/Desktop/GPIO_EMIO/vitis/GPIO_EMIO/Debug/GPIO_EMIO.elf
configparams force-mem-access 0
----------------End of Script----------------

16:51:46 INFO  : Context for processor 'ps7_cortexa9_0' is selected.
16:51:46 INFO  : 'con' command is executed.
16:51:46 INFO  : ----------------XSDB Script (After Launch)----------------
targets -set -nocase -filter {name =~ "*A9*#0"}
con
----------------End of Script----------------

16:51:46 INFO  : Launch script is exported to file 'C:\Users\SUXP\Desktop\GPIO_EMIO\vitis\GPIO_EMIO_system\_ide\scripts\systemdebugger_gpio_emio_system_standalone.tcl'
16:53:56 INFO  : Checking for BSP changes to sync application flags for project 'GPIO_EMIO'...
16:54:07 INFO  : Disconnected from the channel tcfchan#11.
16:54:07 INFO  : Connected to target on host '127.0.0.1' and port '3121'.
16:54:07 INFO  : Jtag cable 'Digilent JTAG-SMT2 210251A08870' is selected.
16:54:07 INFO  : 'jtag frequency' command is executed.
16:54:08 INFO  : Context for 'APU' is selected.
16:54:08 INFO  : System reset is completed.
16:54:11 INFO  : 'after 3000' command is executed.
16:54:11 INFO  : 'targets -set -filter {jtag_cable_name =~ "Digilent JTAG-SMT2 210251A08870" && level==0 && jtag_device_ctx=="jsn-JTAG-SMT2-210251A08870-13722093-0"}' command is executed.
16:54:12 INFO  : Device configured successfully with "C:/Users/SUXP/Desktop/GPIO_EMIO/vitis/GPIO_EMIO/_ide/bitstream/design_1_wrapper.bit"
16:54:12 INFO  : Context for 'APU' is selected.
16:54:12 INFO  : Hardware design and registers information is loaded from 'C:/Users/SUXP/Desktop/GPIO_EMIO/vitis/design_1_wrapper/export/design_1_wrapper/hw/design_1_wrapper.xsa'.
16:54:12 INFO  : 'configparams force-mem-access 1' command is executed.
16:54:12 INFO  : Context for 'APU' is selected.
16:54:12 INFO  : Sourcing of 'C:/Users/SUXP/Desktop/GPIO_EMIO/vitis/GPIO_EMIO/_ide/psinit/ps7_init.tcl' is done.
16:54:12 INFO  : 'ps7_init' command is executed.
16:54:12 INFO  : 'ps7_post_config' command is executed.
16:54:12 INFO  : Context for processor 'ps7_cortexa9_0' is selected.
16:54:12 INFO  : The application 'C:/Users/SUXP/Desktop/GPIO_EMIO/vitis/GPIO_EMIO/Debug/GPIO_EMIO.elf' is downloaded to processor 'ps7_cortexa9_0'.
16:54:12 INFO  : 'configparams force-mem-access 0' command is executed.
16:54:12 INFO  : ----------------XSDB Script----------------
connect -url tcp:127.0.0.1:3121
targets -set -nocase -filter {name =~"APU*"}
rst -system
after 3000
targets -set -filter {jtag_cable_name =~ "Digilent JTAG-SMT2 210251A08870" && level==0 && jtag_device_ctx=="jsn-JTAG-SMT2-210251A08870-13722093-0"}
fpga -file C:/Users/SUXP/Desktop/GPIO_EMIO/vitis/GPIO_EMIO/_ide/bitstream/design_1_wrapper.bit
targets -set -nocase -filter {name =~"APU*"}
loadhw -hw C:/Users/SUXP/Desktop/GPIO_EMIO/vitis/design_1_wrapper/export/design_1_wrapper/hw/design_1_wrapper.xsa -mem-ranges [list {0x40000000 0xbfffffff}] -regs
configparams force-mem-access 1
targets -set -nocase -filter {name =~"APU*"}
source C:/Users/SUXP/Desktop/GPIO_EMIO/vitis/GPIO_EMIO/_ide/psinit/ps7_init.tcl
ps7_init
ps7_post_config
targets -set -nocase -filter {name =~ "*A9*#0"}
dow C:/Users/SUXP/Desktop/GPIO_EMIO/vitis/GPIO_EMIO/Debug/GPIO_EMIO.elf
configparams force-mem-access 0
----------------End of Script----------------

16:54:12 INFO  : Context for processor 'ps7_cortexa9_0' is selected.
16:54:12 INFO  : 'con' command is executed.
16:54:12 INFO  : ----------------XSDB Script (After Launch)----------------
targets -set -nocase -filter {name =~ "*A9*#0"}
con
----------------End of Script----------------

16:54:12 INFO  : Launch script is exported to file 'C:\Users\SUXP\Desktop\GPIO_EMIO\vitis\GPIO_EMIO_system\_ide\scripts\systemdebugger_gpio_emio_system_standalone.tcl'
16:59:18 INFO  : Checking for BSP changes to sync application flags for project 'GPIO_EMIO'...
16:59:31 INFO  : Disconnected from the channel tcfchan#13.
16:59:31 INFO  : Connected to target on host '127.0.0.1' and port '3121'.
16:59:31 INFO  : Jtag cable 'Digilent JTAG-SMT2 210251A08870' is selected.
16:59:31 INFO  : 'jtag frequency' command is executed.
16:59:31 INFO  : Context for 'APU' is selected.
16:59:31 INFO  : System reset is completed.
16:59:34 INFO  : 'after 3000' command is executed.
16:59:34 INFO  : 'targets -set -filter {jtag_cable_name =~ "Digilent JTAG-SMT2 210251A08870" && level==0 && jtag_device_ctx=="jsn-JTAG-SMT2-210251A08870-13722093-0"}' command is executed.
16:59:35 INFO  : Device configured successfully with "C:/Users/SUXP/Desktop/GPIO_EMIO/vitis/GPIO_EMIO/_ide/bitstream/design_1_wrapper.bit"
16:59:35 INFO  : Context for 'APU' is selected.
16:59:35 INFO  : Hardware design and registers information is loaded from 'C:/Users/SUXP/Desktop/GPIO_EMIO/vitis/design_1_wrapper/export/design_1_wrapper/hw/design_1_wrapper.xsa'.
16:59:35 INFO  : 'configparams force-mem-access 1' command is executed.
16:59:35 INFO  : Context for 'APU' is selected.
16:59:35 INFO  : Sourcing of 'C:/Users/SUXP/Desktop/GPIO_EMIO/vitis/GPIO_EMIO/_ide/psinit/ps7_init.tcl' is done.
16:59:36 INFO  : 'ps7_init' command is executed.
16:59:36 INFO  : 'ps7_post_config' command is executed.
16:59:36 INFO  : Context for processor 'ps7_cortexa9_0' is selected.
16:59:36 INFO  : The application 'C:/Users/SUXP/Desktop/GPIO_EMIO/vitis/GPIO_EMIO/Debug/GPIO_EMIO.elf' is downloaded to processor 'ps7_cortexa9_0'.
16:59:36 INFO  : 'configparams force-mem-access 0' command is executed.
16:59:36 INFO  : ----------------XSDB Script----------------
connect -url tcp:127.0.0.1:3121
targets -set -nocase -filter {name =~"APU*"}
rst -system
after 3000
targets -set -filter {jtag_cable_name =~ "Digilent JTAG-SMT2 210251A08870" && level==0 && jtag_device_ctx=="jsn-JTAG-SMT2-210251A08870-13722093-0"}
fpga -file C:/Users/SUXP/Desktop/GPIO_EMIO/vitis/GPIO_EMIO/_ide/bitstream/design_1_wrapper.bit
targets -set -nocase -filter {name =~"APU*"}
loadhw -hw C:/Users/SUXP/Desktop/GPIO_EMIO/vitis/design_1_wrapper/export/design_1_wrapper/hw/design_1_wrapper.xsa -mem-ranges [list {0x40000000 0xbfffffff}] -regs
configparams force-mem-access 1
targets -set -nocase -filter {name =~"APU*"}
source C:/Users/SUXP/Desktop/GPIO_EMIO/vitis/GPIO_EMIO/_ide/psinit/ps7_init.tcl
ps7_init
ps7_post_config
targets -set -nocase -filter {name =~ "*A9*#0"}
dow C:/Users/SUXP/Desktop/GPIO_EMIO/vitis/GPIO_EMIO/Debug/GPIO_EMIO.elf
configparams force-mem-access 0
----------------End of Script----------------

16:59:36 INFO  : Context for processor 'ps7_cortexa9_0' is selected.
16:59:36 INFO  : 'con' command is executed.
16:59:36 INFO  : ----------------XSDB Script (After Launch)----------------
targets -set -nocase -filter {name =~ "*A9*#0"}
con
----------------End of Script----------------

16:59:36 INFO  : Launch script is exported to file 'C:\Users\SUXP\Desktop\GPIO_EMIO\vitis\GPIO_EMIO_system\_ide\scripts\systemdebugger_gpio_emio_system_standalone.tcl'
17:02:29 INFO  : Checking for BSP changes to sync application flags for project 'GPIO_EMIO'...
17:02:41 INFO  : Disconnected from the channel tcfchan#15.
17:02:41 INFO  : Connected to target on host '127.0.0.1' and port '3121'.
17:02:42 INFO  : Jtag cable 'Digilent JTAG-SMT2 210251A08870' is selected.
17:02:42 INFO  : 'jtag frequency' command is executed.
17:02:42 INFO  : Context for 'APU' is selected.
17:02:42 INFO  : System reset is completed.
17:02:45 INFO  : 'after 3000' command is executed.
17:02:45 INFO  : 'targets -set -filter {jtag_cable_name =~ "Digilent JTAG-SMT2 210251A08870" && level==0 && jtag_device_ctx=="jsn-JTAG-SMT2-210251A08870-13722093-0"}' command is executed.
17:02:46 INFO  : Device configured successfully with "C:/Users/SUXP/Desktop/GPIO_EMIO/vitis/GPIO_EMIO/_ide/bitstream/design_1_wrapper.bit"
17:02:46 INFO  : Context for 'APU' is selected.
17:02:46 INFO  : Hardware design and registers information is loaded from 'C:/Users/SUXP/Desktop/GPIO_EMIO/vitis/design_1_wrapper/export/design_1_wrapper/hw/design_1_wrapper.xsa'.
17:02:46 INFO  : 'configparams force-mem-access 1' command is executed.
17:02:46 INFO  : Context for 'APU' is selected.
17:02:46 INFO  : Sourcing of 'C:/Users/SUXP/Desktop/GPIO_EMIO/vitis/GPIO_EMIO/_ide/psinit/ps7_init.tcl' is done.
17:02:46 INFO  : 'ps7_init' command is executed.
17:02:46 INFO  : 'ps7_post_config' command is executed.
17:02:46 INFO  : Context for processor 'ps7_cortexa9_0' is selected.
17:02:46 INFO  : The application 'C:/Users/SUXP/Desktop/GPIO_EMIO/vitis/GPIO_EMIO/Debug/GPIO_EMIO.elf' is downloaded to processor 'ps7_cortexa9_0'.
17:02:46 INFO  : 'configparams force-mem-access 0' command is executed.
17:02:46 INFO  : ----------------XSDB Script----------------
connect -url tcp:127.0.0.1:3121
targets -set -nocase -filter {name =~"APU*"}
rst -system
after 3000
targets -set -filter {jtag_cable_name =~ "Digilent JTAG-SMT2 210251A08870" && level==0 && jtag_device_ctx=="jsn-JTAG-SMT2-210251A08870-13722093-0"}
fpga -file C:/Users/SUXP/Desktop/GPIO_EMIO/vitis/GPIO_EMIO/_ide/bitstream/design_1_wrapper.bit
targets -set -nocase -filter {name =~"APU*"}
loadhw -hw C:/Users/SUXP/Desktop/GPIO_EMIO/vitis/design_1_wrapper/export/design_1_wrapper/hw/design_1_wrapper.xsa -mem-ranges [list {0x40000000 0xbfffffff}] -regs
configparams force-mem-access 1
targets -set -nocase -filter {name =~"APU*"}
source C:/Users/SUXP/Desktop/GPIO_EMIO/vitis/GPIO_EMIO/_ide/psinit/ps7_init.tcl
ps7_init
ps7_post_config
targets -set -nocase -filter {name =~ "*A9*#0"}
dow C:/Users/SUXP/Desktop/GPIO_EMIO/vitis/GPIO_EMIO/Debug/GPIO_EMIO.elf
configparams force-mem-access 0
----------------End of Script----------------

17:02:47 INFO  : Context for processor 'ps7_cortexa9_0' is selected.
17:02:47 INFO  : 'con' command is executed.
17:02:47 INFO  : ----------------XSDB Script (After Launch)----------------
targets -set -nocase -filter {name =~ "*A9*#0"}
con
----------------End of Script----------------

17:02:47 INFO  : Launch script is exported to file 'C:\Users\SUXP\Desktop\GPIO_EMIO\vitis\GPIO_EMIO_system\_ide\scripts\systemdebugger_gpio_emio_system_standalone.tcl'
17:04:58 INFO  : Checking for BSP changes to sync application flags for project 'GPIO_EMIO'...
17:05:10 INFO  : Disconnected from the channel tcfchan#17.
17:05:10 INFO  : Connected to target on host '127.0.0.1' and port '3121'.
17:05:10 INFO  : Jtag cable 'Digilent JTAG-SMT2 210251A08870' is selected.
17:05:10 INFO  : 'jtag frequency' command is executed.
17:05:10 INFO  : Context for 'APU' is selected.
17:05:10 INFO  : System reset is completed.
17:05:13 INFO  : 'after 3000' command is executed.
17:05:13 INFO  : 'targets -set -filter {jtag_cable_name =~ "Digilent JTAG-SMT2 210251A08870" && level==0 && jtag_device_ctx=="jsn-JTAG-SMT2-210251A08870-13722093-0"}' command is executed.
17:05:14 INFO  : Device configured successfully with "C:/Users/SUXP/Desktop/GPIO_EMIO/vitis/GPIO_EMIO/_ide/bitstream/design_1_wrapper.bit"
17:05:14 INFO  : Context for 'APU' is selected.
17:05:14 INFO  : Hardware design and registers information is loaded from 'C:/Users/SUXP/Desktop/GPIO_EMIO/vitis/design_1_wrapper/export/design_1_wrapper/hw/design_1_wrapper.xsa'.
17:05:14 INFO  : 'configparams force-mem-access 1' command is executed.
17:05:14 INFO  : Context for 'APU' is selected.
17:05:14 INFO  : Sourcing of 'C:/Users/SUXP/Desktop/GPIO_EMIO/vitis/GPIO_EMIO/_ide/psinit/ps7_init.tcl' is done.
17:05:15 INFO  : 'ps7_init' command is executed.
17:05:15 INFO  : 'ps7_post_config' command is executed.
17:05:15 INFO  : Context for processor 'ps7_cortexa9_0' is selected.
17:05:15 INFO  : The application 'C:/Users/SUXP/Desktop/GPIO_EMIO/vitis/GPIO_EMIO/Debug/GPIO_EMIO.elf' is downloaded to processor 'ps7_cortexa9_0'.
17:05:15 INFO  : 'configparams force-mem-access 0' command is executed.
17:05:15 INFO  : ----------------XSDB Script----------------
connect -url tcp:127.0.0.1:3121
targets -set -nocase -filter {name =~"APU*"}
rst -system
after 3000
targets -set -filter {jtag_cable_name =~ "Digilent JTAG-SMT2 210251A08870" && level==0 && jtag_device_ctx=="jsn-JTAG-SMT2-210251A08870-13722093-0"}
fpga -file C:/Users/SUXP/Desktop/GPIO_EMIO/vitis/GPIO_EMIO/_ide/bitstream/design_1_wrapper.bit
targets -set -nocase -filter {name =~"APU*"}
loadhw -hw C:/Users/SUXP/Desktop/GPIO_EMIO/vitis/design_1_wrapper/export/design_1_wrapper/hw/design_1_wrapper.xsa -mem-ranges [list {0x40000000 0xbfffffff}] -regs
configparams force-mem-access 1
targets -set -nocase -filter {name =~"APU*"}
source C:/Users/SUXP/Desktop/GPIO_EMIO/vitis/GPIO_EMIO/_ide/psinit/ps7_init.tcl
ps7_init
ps7_post_config
targets -set -nocase -filter {name =~ "*A9*#0"}
dow C:/Users/SUXP/Desktop/GPIO_EMIO/vitis/GPIO_EMIO/Debug/GPIO_EMIO.elf
configparams force-mem-access 0
----------------End of Script----------------

17:05:15 INFO  : Context for processor 'ps7_cortexa9_0' is selected.
17:05:15 INFO  : 'con' command is executed.
17:05:15 INFO  : ----------------XSDB Script (After Launch)----------------
targets -set -nocase -filter {name =~ "*A9*#0"}
con
----------------End of Script----------------

17:05:15 INFO  : Launch script is exported to file 'C:\Users\SUXP\Desktop\GPIO_EMIO\vitis\GPIO_EMIO_system\_ide\scripts\systemdebugger_gpio_emio_system_standalone.tcl'
17:06:06 INFO  : Disconnected from the channel tcfchan#19.
08:09:13 INFO  : Launching XSCT server: xsct.bat -n  -interactive C:\Users\SUXP\Desktop\GPIO_INT\vitis\temp_xsdb_launch_script.tcl
08:09:16 INFO  : Platform repository initialization has completed.
08:09:16 INFO  : XSCT server has started successfully.
08:09:16 INFO  : Registering command handlers for Vitis TCF services
08:09:16 INFO  : Successfully done setting XSCT server connection channel  
08:09:16 INFO  : plnx-install-location is set to ''
08:09:16 INFO  : Successfully done query RDI_DATADIR 
08:09:16 INFO  : Successfully done setting workspace for the tool. 
08:09:23 INFO  : Checking for BSP changes to sync application flags for project 'GPIO_EMIO'...
08:09:27 ERROR : (XSDB Server)ERROR: [Hsi 55-1571] The design file C:/Users/SUXP/Desktop/GPIO_EMIO/vitis/design_1_wrapper/export/design_1_wrapper/hw/design_1_wrapper.xsa is already opened

13:05:45 INFO  : Launching XSCT server: xsct.bat -n  -interactive C:\Users\SUXP\Desktop\GPIO_INT\vitis\temp_xsdb_launch_script.tcl
13:05:47 INFO  : Platform repository initialization has completed.
13:05:48 INFO  : XSCT server has started successfully.
13:05:48 INFO  : Registering command handlers for Vitis TCF services
13:05:48 INFO  : plnx-install-location is set to ''
13:05:48 INFO  : Successfully done setting XSCT server connection channel  
13:05:48 INFO  : Successfully done query RDI_DATADIR 
13:05:48 INFO  : Successfully done setting workspace for the tool. 
