09:25:20 INFO  : Registering command handlers for Vitis TCF services
09:25:20 INFO  : Launching XSCT server: xsct.bat -n  -interactive C:\Users\SUXP\Desktop\GPIO_INT\vitis_temp\temp_xsdb_launch_script.tcl
09:25:20 INFO  : Platform repository initialization has completed.
09:25:22 INFO  : XSCT server has started successfully.
09:25:22 INFO  : plnx-install-location is set to ''
09:25:22 INFO  : Successfully done setting XSCT server connection channel  
09:25:22 INFO  : Successfully done query RDI_DATADIR 
09:25:22 INFO  : Successfully done setting workspace for the tool. 
09:26:07 INFO  : Result from executing command 'getProjects': design_1_wrapper
09:26:07 INFO  : Result from executing command 'getPlatforms': 
09:26:07 WARN  : An unexpected exception occurred in the module 'platform project logging'
09:26:07 INFO  : Platform 'design_1_wrapper' is added to custom repositories.
09:26:13 INFO  : Platform 'design_1_wrapper' is added to custom repositories.
09:26:54 INFO  : Example project xgpiops_intr_example_1 has been created successfully.
10:42:06 INFO  : Launching XSCT server: xsct.bat -n  -interactive C:\Users\SUXP\Desktop\GPIO_INT\vitis_temp\temp_xsdb_launch_script.tcl
10:42:07 INFO  : Platform repository initialization has completed.
10:42:08 INFO  : XSCT server has started successfully.
10:42:08 INFO  : Successfully done setting XSCT server connection channel  
10:42:08 INFO  : plnx-install-location is set to ''
10:42:08 INFO  : Successfully done setting workspace for the tool. 
10:42:08 INFO  : Successfully done query RDI_DATADIR 
10:42:08 INFO  : Registering command handlers for Vitis TCF services
12:48:45 INFO  : Launching XSCT server: xsct.bat -n  -interactive C:\Users\SUXP\Desktop\GPIO_INT\vitis_temp\temp_xsdb_launch_script.tcl
12:48:47 INFO  : Platform repository initialization has completed.
12:48:48 INFO  : XSCT server has started successfully.
12:48:48 INFO  : plnx-install-location is set to ''
12:48:48 INFO  : Successfully done setting XSCT server connection channel  
12:48:48 INFO  : Successfully done query RDI_DATADIR 
12:48:48 INFO  : Successfully done setting workspace for the tool. 
12:48:48 INFO  : Registering command handlers for Vitis TCF services
